#
# There is insufficient memory for the Java Runtime Environment to continue.
# Native memory allocation (malloc) failed to allocate 32744 bytes for ChunkPool::allocate
# Possible reasons:
#   The system is out of physical RAM or swap space
#   The process is running with CompressedOops enabled, and the Java Heap may be blocking the growth of the native heap
# Possible solutions:
#   Reduce memory load on the system
#   Increase physical memory or swap space
#   Check if swap backing store is full
#   Decrease Java heap size (-Xmx/-Xms)
#   Decrease number of Java threads
#   Decrease Java thread stack sizes (-Xss)
#   Set larger code cache with -XX:ReservedCodeCacheSize=
#   JVM is running with Unscaled Compressed Oops mode in which the Java heap is
#     placed in the first 4GB address space. The Java Heap base address is the
#     maximum limit for the native heap growth. Please use -XX:HeapBaseMinAddress
#     to set the Java Heap base and to place the Java Heap above 4GB virtual address.
# This output file may be truncated or incomplete.
#
#  Out of Memory Error (arena.cpp:78), pid=15004, tid=4232
#
# JRE version: OpenJDK Runtime Environment Temurin-17.0.8.1+1 (17.0.8.1+1) (build 17.0.8.1+1)
# Java VM: OpenJDK 64-Bit Server VM Temurin-17.0.8.1+1 (17.0.8.1+1, mixed mode, sharing, tiered, compressed oops, compressed class ptrs, g1 gc, windows-amd64)
# No core dump will be written. Minidumps are not enabled by default on client versions of Windows
#

---------------  S U M M A R Y ------------

Command Line: -agentlib:jdwp=transport=dt_socket,address=8048,server=y,suspend=y,quiet=y -Djna.nosys=true -Djava.library.path=;C:\Program Files\Processing\app\resources\core\library;C:\Users\Ben\Documents\Processing\libraries\video\library\windows-amd64;C:\Program Files\Processing\app\resources\modes\java\libraries\serial\library;C:\Users\Ben\Documents\Processing\libraries\opencv_processing\library;C:\Users\Ben\Documents\Processing\libraries\VideoExport\library;C:\Program Files\Processing;C:\WINDOWS\system32;C:\WINDOWS;C:\WINDOWS\system32;C:\WINDOWS;C:\WINDOWS\System32\Wbem;C:\WINDOWS\System32\WindowsPowerShell\v1.0;C:\WINDOWS\System32\OpenSSH;C:\Program Files\Git\cmd;C:\Users\Ben\AppData\Local\Microsoft\WindowsApps;C:\Users\Ben\AppData\Local\Programs\Microsoft VS Code\bin;C:\Users\Ben\AppData\Local\GitHubDesktop\bin;C:\Program Files\Processing;C:\Program Files\Processing\app;. -ea processing.core.PApplet --editor-location=290,180 --external --display=1 --sketch-path=C:\Users\Ben\Documents\GitHub\MOARkNOBS-42\faceTimes\processing FaceSlugPrivacyTeaching

Host: Intel(R) Core(TM) i5-1035G4 CPU @ 1.10GHz, 8 cores, 7G,  Windows 10 , 64 bit Build 19041 (10.0.19041.5915)
Time: Fri Sep 19 13:54:48 2025 Central Daylight Time elapsed time: 36.598721 seconds (0d 0h 0m 36s)

---------------  T H R E A D  ---------------

Current thread (0x000001b6ffdaa100):  JavaThread "C2 CompilerThread0" daemon [_thread_in_native, id=4232, stack(0x000000899e500000,0x000000899e600000)]


Current CompileTask:
C2:  36598 3576       4       com.sun.jna.Structure::readField (296 bytes)

Stack: [0x000000899e500000,0x000000899e600000]
Native frames: (J=compiled Java code, j=interpreted, Vv=VM code, C=native code)
V  [jvm.dll+0x678b0a]
V  [jvm.dll+0x835e84]
V  [jvm.dll+0x83762e]
V  [jvm.dll+0x837c93]
V  [jvm.dll+0x24746f]
V  [jvm.dll+0xac42c]
V  [jvm.dll+0xac7dc]
V  [jvm.dll+0x11ec98]
V  [jvm.dll+0x6a2359]
V  [jvm.dll+0x1bd2c4]
V  [jvm.dll+0x219d49]
V  [jvm.dll+0x219011]
V  [jvm.dll+0x1a534d]
V  [jvm.dll+0x228d8a]
V  [jvm.dll+0x226dcc]
V  [jvm.dll+0x7ec09b]
V  [jvm.dll+0x7e64ca]
V  [jvm.dll+0x677955]
C  [ucrtbase.dll+0x21bb2]
C  [KERNEL32.DLL+0x17374]
C  [ntdll.dll+0x4cc91]


---------------  P R O C E S S  ---------------

Threads class SMR info:
_java_thread_list=0x000001b6e0aae3c0, length=25, elements={
0x000001b6ffd88280, 0x000001b6ffd88c40, 0x000001b6ffda2110, 0x000001b6ffda2ad0,
0x000001b6ffda54a0, 0x000001b6ffda5e60, 0x000001b6ffdaa100, 0x000001b6ffdb4f60,
0x000001b6ffdb9420, 0x000001b6d4154b60, 0x000001b6d4155830, 0x000001b6d4166b60,
0x000001b6d4169570, 0x000001b6d4189230, 0x000001b6d4779640, 0x000001b6d4779b20,
0x000001b6d477a000, 0x000001b6d480c000, 0x000001b6d48ba510, 0x000001b6f0d173a0,
0x000001b6d4a07440, 0x000001b6d4a092a0, 0x000001b6d4a05af0, 0x000001b6d4a08370,
0x000001b6d4a08880
}

Java Threads: ( => current thread )
  0x000001b6ffd88280 JavaThread "Reference Handler" daemon [_thread_blocked, id=812, stack(0x000000899df00000,0x000000899e000000)]
  0x000001b6ffd88c40 JavaThread "Finalizer" daemon [_thread_blocked, id=23516, stack(0x000000899e000000,0x000000899e100000)]
  0x000001b6ffda2110 JavaThread "Signal Dispatcher" daemon [_thread_blocked, id=22300, stack(0x000000899e100000,0x000000899e200000)]
  0x000001b6ffda2ad0 JavaThread "Attach Listener" daemon [_thread_blocked, id=5368, stack(0x000000899e200000,0x000000899e300000)]
  0x000001b6ffda54a0 JavaThread "Service Thread" daemon [_thread_blocked, id=10752, stack(0x000000899e300000,0x000000899e400000)]
  0x000001b6ffda5e60 JavaThread "Monitor Deflation Thread" daemon [_thread_blocked, id=16104, stack(0x000000899e400000,0x000000899e500000)]
=>0x000001b6ffdaa100 JavaThread "C2 CompilerThread0" daemon [_thread_in_native, id=4232, stack(0x000000899e500000,0x000000899e600000)]
  0x000001b6ffdb4f60 JavaThread "C1 CompilerThread0" daemon [_thread_blocked, id=17152, stack(0x000000899e600000,0x000000899e700000)]
  0x000001b6ffdb9420 JavaThread "Sweeper thread" daemon [_thread_blocked, id=15376, stack(0x000000899e700000,0x000000899e800000)]
  0x000001b6d4154b60 JavaThread "JDWP Transport Listener: dt_socket" daemon [_thread_blocked, id=12228, stack(0x000000899e800000,0x000000899e900000)]
  0x000001b6d4155830 JavaThread "JDWP Event Helper Thread" daemon [_thread_blocked, id=1248, stack(0x000000899e900000,0x000000899ea00000)]
  0x000001b6d4166b60 JavaThread "JDWP Command Reader" daemon [_thread_in_native, id=18300, stack(0x000000899ea00000,0x000000899eb00000)]
  0x000001b6d4169570 JavaThread "Notification Thread" daemon [_thread_blocked, id=11392, stack(0x000000899eb00000,0x000000899ec00000)]
  0x000001b6d4189230 JavaThread "Common-Cleaner" daemon [_thread_blocked, id=19056, stack(0x000000899ed00000,0x000000899ee00000)]
  0x000001b6d4779640 JavaThread "Java2D Disposer" daemon [_thread_blocked, id=1132, stack(0x000000899ef00000,0x000000899f000000)]
  0x000001b6d4779b20 JavaThread "AWT-Shutdown" [_thread_blocked, id=11928, stack(0x000000899f000000,0x000000899f100000)]
  0x000001b6d477a000 JavaThread "AWT-Windows" daemon [_thread_in_native, id=9312, stack(0x000000899f100000,0x000000899f200000)]
  0x000001b6d480c000 JavaThread "AWT-EventQueue-0" [_thread_blocked, id=7276, stack(0x000000899f200000,0x000000899f300000)]
  0x000001b6d48ba510 JavaThread "Animation Thread" [_thread_in_native, id=18192, stack(0x000000899f400000,0x000000899f500000)]
  0x000001b6f0d173a0 JavaThread "DestroyJavaVM" [_thread_blocked, id=4648, stack(0x000000899d800000,0x000000899d900000)]
  0x000001b6d4a07440 JavaThread "JNA Cleaner" daemon [_thread_blocked, id=14112, stack(0x000000899f500000,0x000000899f600000)]
  0x000001b6d4a092a0 JavaThread "NativeObject Reaper" daemon [_thread_blocked, id=15932, stack(0x000000899fe00000,0x000000899ff00000)]
  0x000001b6d4a05af0 JavaThread "gstreamer service thread 1" daemon [_thread_blocked, id=4616, stack(0x00000089a0600000,0x00000089a0700000)]
  0x000001b6d4a08370 JavaThread "GstBus" daemon [_thread_in_native, id=16448, stack(0x000000899f300000,0x000000899f400000)]
  0x000001b6d4a08880 JavaThread "JavaCPP Deallocator" daemon [_thread_blocked, id=6196, stack(0x00000089a0900000,0x00000089a0a00000)]

Other Threads:
  0x000001b6ffd804b0 VMThread "VM Thread" [stack: 0x000000899de00000,0x000000899df00000] [id=17596]
  0x000001b6f0d88480 WatcherThread [stack: 0x000000899ec00000,0x000000899ed00000] [id=17004]
  0x000001b6f0d6fd40 GCTaskThread "GC Thread#0" [stack: 0x000000899d900000,0x000000899da00000] [id=11604]
  0x000001b6d700eb70 GCTaskThread "GC Thread#1" [stack: 0x000000899ee00000,0x000000899ef00000] [id=6312]
  0x000001b6d6af4b80 GCTaskThread "GC Thread#2" [stack: 0x000000899f600000,0x000000899f700000] [id=16580]
  0x000001b6d6af4e40 GCTaskThread "GC Thread#3" [stack: 0x000000899f700000,0x000000899f800000] [id=6576]
  0x000001b6d6af5100 GCTaskThread "GC Thread#4" [stack: 0x000000899f800000,0x000000899f900000] [id=12032]
  0x000001b6d6af53c0 GCTaskThread "GC Thread#5" [stack: 0x000000899f900000,0x000000899fa00000] [id=1644]
  0x000001b6d6cab220 GCTaskThread "GC Thread#6" [stack: 0x000000899fa00000,0x000000899fb00000] [id=23932]
  0x000001b6d6cab4e0 GCTaskThread "GC Thread#7" [stack: 0x000000899fb00000,0x000000899fc00000] [id=3880]
  0x000001b6f0d7ffd0 ConcurrentGCThread "G1 Main Marker" [stack: 0x000000899da00000,0x000000899db00000] [id=13096]
  0x000001b6f0d81180 ConcurrentGCThread "G1 Conc#0" [stack: 0x000000899db00000,0x000000899dc00000] [id=17484]
  0x000001b6dc580370 ConcurrentGCThread "G1 Conc#1" [stack: 0x00000089a1900000,0x00000089a1a00000] [id=17508]
  0x000001b6f0dce810 ConcurrentGCThread "G1 Refine#0" [stack: 0x000000899dc00000,0x000000899dd00000] [id=14048]
  0x000001b6ffc3a440 ConcurrentGCThread "G1 Service" [stack: 0x000000899dd00000,0x000000899de00000] [id=23916]

Threads with active compile tasks:
C2 CompilerThread0    36651 3576       4       com.sun.jna.Structure::readField (296 bytes)

VM state: not at safepoint (normal execution)

VM Mutex/Monitor currently owned by a thread: None

Heap address: 0x0000000086600000, size: 1946 MB, Compressed Oops mode: 32-bit

CDS archive(s) mapped at: [0x000001b68f000000-0x000001b68fbd0000-0x000001b68fbd0000), size 12386304, SharedBaseAddress: 0x000001b68f000000, ArchiveRelocationMode: 1.
Compressed class space mapped at: 0x000001b690000000-0x000001b6d0000000, reserved size: 1073741824
Narrow klass base: 0x000001b68f000000, Narrow klass shift: 0, Narrow klass range: 0x100000000

GC Precious Log:
 CPUs: 8 total, 8 available
 Memory: 7778M
 Large Page Support: Disabled
 NUMA Support: Disabled
 Compressed Oops: Enabled (32-bit)
 Heap Region Size: 1M
 Heap Min Capacity: 8M
 Heap Initial Capacity: 122M
 Heap Max Capacity: 1946M
 Pre-touch: Disabled
 Parallel Workers: 8
 Concurrent Workers: 2
 Concurrent Refinement Workers: 8
 Periodic GC: Disabled

Heap:
 garbage-first heap   total 273408K, used 120476K [0x0000000086600000, 0x0000000100000000)
  region size 1024K, 3 young (3072K), 1 survivors (1024K)
 Metaspace       used 24279K, committed 24576K, reserved 1114112K
  class space    used 2186K, committed 2304K, reserved 1048576K

Heap Regions: E=young(eden), S=young(survivor), O=old, HS=humongous(starts), HC=humongous(continues), CS=collection set, F=free, OA=open archive, CA=closed archive, TAMS=top-at-mark-start (previous, next)
|   0|0x0000000086600000, 0x0000000086700000, 0x0000000086700000|100%|HS|  |TAMS 0x0000000086700000, 0x0000000086700000| Complete 
|   1|0x0000000086700000, 0x0000000086800000, 0x0000000086800000|100%|HC|  |TAMS 0x0000000086800000, 0x0000000086800000| Complete 
|   2|0x0000000086800000, 0x0000000086900000, 0x0000000086900000|100%|HC|  |TAMS 0x0000000086900000, 0x0000000086900000| Complete 
|   3|0x0000000086900000, 0x0000000086a00000, 0x0000000086a00000|100%|HS|  |TAMS 0x0000000086a00000, 0x0000000086a00000| Complete 
|   4|0x0000000086a00000, 0x0000000086b00000, 0x0000000086b00000|100%|HC|  |TAMS 0x0000000086b00000, 0x0000000086b00000| Complete 
|   5|0x0000000086b00000, 0x0000000086c00000, 0x0000000086c00000|100%|HC|  |TAMS 0x0000000086c00000, 0x0000000086c00000| Complete 
|   6|0x0000000086c00000, 0x0000000086d00000, 0x0000000086d00000|100%|HS|  |TAMS 0x0000000086d00000, 0x0000000086d00000| Complete 
|   7|0x0000000086d00000, 0x0000000086e00000, 0x0000000086e00000|100%|HC|  |TAMS 0x0000000086e00000, 0x0000000086e00000| Complete 
|   8|0x0000000086e00000, 0x0000000086f00000, 0x0000000086f00000|100%|HC|  |TAMS 0x0000000086f00000, 0x0000000086f00000| Complete 
|   9|0x0000000086f00000, 0x0000000087000000, 0x0000000087000000|100%| O|  |TAMS 0x0000000087000000, 0x0000000087000000| Untracked 
|  10|0x0000000087000000, 0x0000000087100000, 0x0000000087100000|100%| O|  |TAMS 0x0000000087100000, 0x0000000087100000| Untracked 
|  11|0x0000000087100000, 0x0000000087200000, 0x0000000087200000|100%|HS|  |TAMS 0x0000000087200000, 0x0000000087200000| Complete 
|  12|0x0000000087200000, 0x0000000087300000, 0x0000000087300000|100%|HC|  |TAMS 0x0000000087300000, 0x0000000087300000| Complete 
|  13|0x0000000087300000, 0x0000000087400000, 0x0000000087400000|100%|HC|  |TAMS 0x0000000087400000, 0x0000000087400000| Complete 
|  14|0x0000000087400000, 0x0000000087500000, 0x0000000087500000|100%|HC|  |TAMS 0x0000000087500000, 0x0000000087500000| Complete 
|  15|0x0000000087500000, 0x0000000087600000, 0x0000000087600000|100%|HS|  |TAMS 0x0000000087500000, 0x0000000087500000| Complete 
|  16|0x0000000087600000, 0x0000000087700000, 0x0000000087700000|100%|HC|  |TAMS 0x0000000087600000, 0x0000000087600000| Complete 
|  17|0x0000000087700000, 0x0000000087800000, 0x0000000087800000|100%|HS|  |TAMS 0x0000000087800000, 0x0000000087800000| Complete 
|  18|0x0000000087800000, 0x0000000087900000, 0x0000000087900000|100%|HC|  |TAMS 0x0000000087900000, 0x0000000087900000| Complete 
|  19|0x0000000087900000, 0x0000000087a00000, 0x0000000087a00000|100%|HS|  |TAMS 0x0000000087a00000, 0x0000000087a00000| Complete 
|  20|0x0000000087a00000, 0x0000000087b00000, 0x0000000087b00000|100%|HC|  |TAMS 0x0000000087b00000, 0x0000000087b00000| Complete 
|  21|0x0000000087b00000, 0x0000000087c00000, 0x0000000087c00000|100%|HC|  |TAMS 0x0000000087c00000, 0x0000000087c00000| Complete 
|  22|0x0000000087c00000, 0x0000000087d00000, 0x0000000087d00000|100%|HC|  |TAMS 0x0000000087d00000, 0x0000000087d00000| Complete 
|  23|0x0000000087d00000, 0x0000000087e00000, 0x0000000087e00000|100%|HC|  |TAMS 0x0000000087e00000, 0x0000000087e00000| Complete 
|  24|0x0000000087e00000, 0x0000000087f00000, 0x0000000087f00000|100%|HS|  |TAMS 0x0000000087f00000, 0x0000000087f00000| Complete 
|  25|0x0000000087f00000, 0x0000000088000000, 0x0000000088000000|100%|HC|  |TAMS 0x0000000088000000, 0x0000000088000000| Complete 
|  26|0x0000000088000000, 0x0000000088100000, 0x0000000088100000|100%|HC|  |TAMS 0x0000000088100000, 0x0000000088100000| Complete 
|  27|0x0000000088100000, 0x0000000088200000, 0x0000000088200000|100%|HC|  |TAMS 0x0000000088200000, 0x0000000088200000| Complete 
|  28|0x0000000088200000, 0x0000000088300000, 0x0000000088300000|100%|HC|  |TAMS 0x0000000088300000, 0x0000000088300000| Complete 
|  29|0x0000000088300000, 0x0000000088400000, 0x0000000088400000|100%|HS|  |TAMS 0x0000000088400000, 0x0000000088400000| Complete 
|  30|0x0000000088400000, 0x0000000088500000, 0x0000000088500000|100%|HC|  |TAMS 0x0000000088500000, 0x0000000088500000| Complete 
|  31|0x0000000088500000, 0x0000000088600000, 0x0000000088600000|100%|HC|  |TAMS 0x0000000088600000, 0x0000000088600000| Complete 
|  32|0x0000000088600000, 0x0000000088700000, 0x0000000088700000|100%|HS|  |TAMS 0x0000000088700000, 0x0000000088700000| Complete 
|  33|0x0000000088700000, 0x0000000088800000, 0x0000000088800000|100%|HC|  |TAMS 0x0000000088800000, 0x0000000088800000| Complete 
|  34|0x0000000088800000, 0x0000000088900000, 0x0000000088900000|100%|HC|  |TAMS 0x0000000088900000, 0x0000000088900000| Complete 
|  35|0x0000000088900000, 0x0000000088a00000, 0x0000000088a00000|100%|HC|  |TAMS 0x0000000088a00000, 0x0000000088a00000| Complete 
|  36|0x0000000088a00000, 0x0000000088b00000, 0x0000000088b00000|100%| O|  |TAMS 0x0000000088b00000, 0x0000000088b00000| Untracked 
|  37|0x0000000088b00000, 0x0000000088c00000, 0x0000000088c00000|100%| O|  |TAMS 0x0000000088c00000, 0x0000000088c00000| Untracked 
|  38|0x0000000088c00000, 0x0000000088d00000, 0x0000000088d00000|100%| O|  |TAMS 0x0000000088c89400, 0x0000000088d00000| Untracked 
|  39|0x0000000088d00000, 0x0000000088e00000, 0x0000000088e00000|100%|HS|  |TAMS 0x0000000088e00000, 0x0000000088e00000| Complete 
|  40|0x0000000088e00000, 0x0000000088f00000, 0x0000000088f00000|100%|HC|  |TAMS 0x0000000088f00000, 0x0000000088f00000| Complete 
|  41|0x0000000088f00000, 0x0000000089000000, 0x0000000089000000|100%|HC|  |TAMS 0x0000000089000000, 0x0000000089000000| Complete 
|  42|0x0000000089000000, 0x0000000089100000, 0x0000000089100000|100%|HC|  |TAMS 0x0000000089100000, 0x0000000089100000| Complete 
|  43|0x0000000089100000, 0x0000000089200000, 0x0000000089200000|100%|HS|  |TAMS 0x0000000089200000, 0x0000000089200000| Complete 
|  44|0x0000000089200000, 0x0000000089300000, 0x0000000089300000|100%|HC|  |TAMS 0x0000000089300000, 0x0000000089300000| Complete 
|  45|0x0000000089300000, 0x0000000089400000, 0x0000000089400000|100%|HC|  |TAMS 0x0000000089400000, 0x0000000089400000| Complete 
|  46|0x0000000089400000, 0x0000000089500000, 0x0000000089500000|100%| O|  |TAMS 0x0000000089400000, 0x0000000089500000| Untracked 
|  47|0x0000000089500000, 0x0000000089600000, 0x0000000089600000|100%|HS|  |TAMS 0x0000000089600000, 0x0000000089600000| Complete 
|  48|0x0000000089600000, 0x0000000089700000, 0x0000000089700000|100%|HC|  |TAMS 0x0000000089700000, 0x0000000089700000| Complete 
|  49|0x0000000089700000, 0x0000000089800000, 0x0000000089800000|100%|HC|  |TAMS 0x0000000089800000, 0x0000000089800000| Complete 
|  50|0x0000000089800000, 0x0000000089900000, 0x0000000089900000|100%|HC|  |TAMS 0x0000000089900000, 0x0000000089900000| Complete 
|  51|0x0000000089900000, 0x0000000089a00000, 0x0000000089a00000|100%|HS|  |TAMS 0x0000000089a00000, 0x0000000089a00000| Complete 
|  52|0x0000000089a00000, 0x0000000089b00000, 0x0000000089b00000|100%|HC|  |TAMS 0x0000000089b00000, 0x0000000089b00000| Complete 
|  53|0x0000000089b00000, 0x0000000089c00000, 0x0000000089c00000|100%|HC|  |TAMS 0x0000000089c00000, 0x0000000089c00000| Complete 
|  54|0x0000000089c00000, 0x0000000089d00000, 0x0000000089d00000|100%|HC|  |TAMS 0x0000000089d00000, 0x0000000089d00000| Complete 
|  55|0x0000000089d00000, 0x0000000089e00000, 0x0000000089e00000|100%|HS|  |TAMS 0x0000000089e00000, 0x0000000089e00000| Complete 
|  56|0x0000000089e00000, 0x0000000089f00000, 0x0000000089f00000|100%|HC|  |TAMS 0x0000000089f00000, 0x0000000089f00000| Complete 
|  57|0x0000000089f00000, 0x000000008a000000, 0x000000008a000000|100%|HC|  |TAMS 0x000000008a000000, 0x000000008a000000| Complete 
|  58|0x000000008a000000, 0x000000008a100000, 0x000000008a100000|100%|HC|  |TAMS 0x000000008a100000, 0x000000008a100000| Complete 
|  59|0x000000008a100000, 0x000000008a200000, 0x000000008a200000|100%|HC|  |TAMS 0x000000008a200000, 0x000000008a200000| Complete 
|  60|0x000000008a200000, 0x000000008a300000, 0x000000008a300000|100%|HS|  |TAMS 0x000000008a200000, 0x000000008a300000| Complete 
|  61|0x000000008a300000, 0x000000008a400000, 0x000000008a400000|100%|HC|  |TAMS 0x000000008a300000, 0x000000008a400000| Complete 
|  62|0x000000008a400000, 0x000000008a500000, 0x000000008a500000|100%|HC|  |TAMS 0x000000008a400000, 0x000000008a500000| Complete 
|  63|0x000000008a500000, 0x000000008a600000, 0x000000008a600000|100%|HS|  |TAMS 0x000000008a500000, 0x000000008a600000| Complete 
|  64|0x000000008a600000, 0x000000008a700000, 0x000000008a700000|100%|HC|  |TAMS 0x000000008a600000, 0x000000008a700000| Complete 
|  65|0x000000008a700000, 0x000000008a800000, 0x000000008a800000|100%|HC|  |TAMS 0x000000008a700000, 0x000000008a800000| Complete 
|  66|0x000000008a800000, 0x000000008a900000, 0x000000008a900000|100%|HS|  |TAMS 0x000000008a800000, 0x000000008a800000| Complete 
|  67|0x000000008a900000, 0x000000008aa00000, 0x000000008aa00000|100%|HC|  |TAMS 0x000000008a900000, 0x000000008a900000| Complete 
|  68|0x000000008aa00000, 0x000000008ab00000, 0x000000008ab00000|100%|HC|  |TAMS 0x000000008aa00000, 0x000000008aa00000| Complete 
|  69|0x000000008ab00000, 0x000000008ac00000, 0x000000008ac00000|100%|HC|  |TAMS 0x000000008ab00000, 0x000000008ab00000| Complete 
|  70|0x000000008ac00000, 0x000000008ad00000, 0x000000008ad00000|100%|HS|  |TAMS 0x000000008ac00000, 0x000000008ac00000| Complete 
|  71|0x000000008ad00000, 0x000000008ae00000, 0x000000008ae00000|100%|HC|  |TAMS 0x000000008ad00000, 0x000000008ad00000| Complete 
|  72|0x000000008ae00000, 0x000000008af00000, 0x000000008af00000|100%|HC|  |TAMS 0x000000008ae00000, 0x000000008ae00000| Complete 
|  73|0x000000008af00000, 0x000000008b000000, 0x000000008b000000|100%|HC|  |TAMS 0x000000008af00000, 0x000000008af00000| Complete 
|  74|0x000000008b000000, 0x000000008b100000, 0x000000008b100000|100%|HS|  |TAMS 0x000000008b000000, 0x000000008b100000| Complete 
|  75|0x000000008b100000, 0x000000008b200000, 0x000000008b200000|100%|HC|  |TAMS 0x000000008b100000, 0x000000008b200000| Complete 
|  76|0x000000008b200000, 0x000000008b300000, 0x000000008b300000|100%|HC|  |TAMS 0x000000008b200000, 0x000000008b300000| Complete 
|  77|0x000000008b300000, 0x000000008b400000, 0x000000008b400000|100%|HS|  |TAMS 0x000000008b300000, 0x000000008b400000| Complete 
|  78|0x000000008b400000, 0x000000008b500000, 0x000000008b500000|100%|HC|  |TAMS 0x000000008b400000, 0x000000008b500000| Complete 
|  79|0x000000008b500000, 0x000000008b600000, 0x000000008b600000|100%|HC|  |TAMS 0x000000008b500000, 0x000000008b600000| Complete 
|  80|0x000000008b600000, 0x000000008b700000, 0x000000008b700000|100%|HS|  |TAMS 0x000000008b600000, 0x000000008b600000| Complete 
|  81|0x000000008b700000, 0x000000008b800000, 0x000000008b800000|100%|HC|  |TAMS 0x000000008b700000, 0x000000008b700000| Complete 
|  82|0x000000008b800000, 0x000000008b8a2200, 0x000000008b900000| 63%| O|  |TAMS 0x000000008b800000, 0x000000008b8a2200| Untracked 
|  83|0x000000008b900000, 0x000000008ba00000, 0x000000008ba00000|100%|HS|  |TAMS 0x000000008b900000, 0x000000008b900000| Complete 
|  84|0x000000008ba00000, 0x000000008bb00000, 0x000000008bb00000|100%|HC|  |TAMS 0x000000008ba00000, 0x000000008ba00000| Complete 
|  85|0x000000008bb00000, 0x000000008bc00000, 0x000000008bc00000|100%|HS|  |TAMS 0x000000008bb00000, 0x000000008bb00000| Complete 
|  86|0x000000008bc00000, 0x000000008bd00000, 0x000000008bd00000|100%|HC|  |TAMS 0x000000008bc00000, 0x000000008bc00000| Complete 
|  87|0x000000008bd00000, 0x000000008be00000, 0x000000008be00000|100%|HC|  |TAMS 0x000000008bd00000, 0x000000008bd00000| Complete 
|  88|0x000000008be00000, 0x000000008bf00000, 0x000000008bf00000|100%|HS|  |TAMS 0x000000008be00000, 0x000000008be00000| Complete 
|  89|0x000000008bf00000, 0x000000008c000000, 0x000000008c000000|100%|HC|  |TAMS 0x000000008bf00000, 0x000000008bf00000| Complete 
|  90|0x000000008c000000, 0x000000008c100000, 0x000000008c100000|100%|HC|  |TAMS 0x000000008c000000, 0x000000008c000000| Complete 
|  91|0x000000008c100000, 0x000000008c200000, 0x000000008c200000|100%|HS|  |TAMS 0x000000008c100000, 0x000000008c200000| Complete 
|  92|0x000000008c200000, 0x000000008c300000, 0x000000008c300000|100%|HC|  |TAMS 0x000000008c200000, 0x000000008c300000| Complete 
|  93|0x000000008c300000, 0x000000008c400000, 0x000000008c400000|100%|HS|  |TAMS 0x000000008c300000, 0x000000008c400000| Complete 
|  94|0x000000008c400000, 0x000000008c500000, 0x000000008c500000|100%|HC|  |TAMS 0x000000008c400000, 0x000000008c500000| Complete 
|  95|0x000000008c500000, 0x000000008c600000, 0x000000008c600000|100%|HC|  |TAMS 0x000000008c500000, 0x000000008c600000| Complete 
|  96|0x000000008c600000, 0x000000008c700000, 0x000000008c700000|100%|HS|  |TAMS 0x000000008c600000, 0x000000008c600000| Complete 
|  97|0x000000008c700000, 0x000000008c800000, 0x000000008c800000|100%|HC|  |TAMS 0x000000008c700000, 0x000000008c700000| Complete 
|  98|0x000000008c800000, 0x000000008c900000, 0x000000008c900000|100%|HC|  |TAMS 0x000000008c800000, 0x000000008c800000| Complete 
|  99|0x000000008c900000, 0x000000008c900000, 0x000000008ca00000|  0%| F|  |TAMS 0x000000008c900000, 0x000000008c900000| Untracked 
| 100|0x000000008ca00000, 0x000000008ca00000, 0x000000008cb00000|  0%| F|  |TAMS 0x000000008ca00000, 0x000000008ca00000| Untracked 
| 101|0x000000008cb00000, 0x000000008cb00000, 0x000000008cc00000|  0%| F|  |TAMS 0x000000008cb00000, 0x000000008cb00000| Untracked 
| 102|0x000000008cc00000, 0x000000008cd00000, 0x000000008cd00000|100%| O|  |TAMS 0x000000008cc00000, 0x000000008cd00000| Untracked 
| 103|0x000000008cd00000, 0x000000008ce00000, 0x000000008ce00000|100%|HS|  |TAMS 0x000000008cd00000, 0x000000008ce00000| Complete 
| 104|0x000000008ce00000, 0x000000008cf00000, 0x000000008cf00000|100%|HC|  |TAMS 0x000000008ce00000, 0x000000008cf00000| Complete 
| 105|0x000000008cf00000, 0x000000008d000000, 0x000000008d000000|100%|HC|  |TAMS 0x000000008cf00000, 0x000000008d000000| Complete 
| 106|0x000000008d000000, 0x000000008d100000, 0x000000008d100000|100%|HS|  |TAMS 0x000000008d000000, 0x000000008d000000| Complete 
| 107|0x000000008d100000, 0x000000008d200000, 0x000000008d200000|100%|HC|  |TAMS 0x000000008d100000, 0x000000008d100000| Complete 
| 108|0x000000008d200000, 0x000000008d300000, 0x000000008d300000|100%|HC|  |TAMS 0x000000008d200000, 0x000000008d200000| Complete 
| 109|0x000000008d300000, 0x000000008d400000, 0x000000008d400000|100%|HC|  |TAMS 0x000000008d300000, 0x000000008d300000| Complete 
| 110|0x000000008d400000, 0x000000008d500000, 0x000000008d500000|100%|HS|  |TAMS 0x000000008d400000, 0x000000008d400000| Complete 
| 111|0x000000008d500000, 0x000000008d600000, 0x000000008d600000|100%|HC|  |TAMS 0x000000008d500000, 0x000000008d500000| Complete 
| 112|0x000000008d600000, 0x000000008d700000, 0x000000008d700000|100%|HC|  |TAMS 0x000000008d600000, 0x000000008d600000| Complete 
| 113|0x000000008d700000, 0x000000008d800000, 0x000000008d800000|100%|HC|  |TAMS 0x000000008d700000, 0x000000008d700000| Complete 
| 114|0x000000008d800000, 0x000000008d900000, 0x000000008d900000|100%|HS|  |TAMS 0x000000008d800000, 0x000000008d900000| Complete 
| 115|0x000000008d900000, 0x000000008da00000, 0x000000008da00000|100%|HC|  |TAMS 0x000000008d900000, 0x000000008da00000| Complete 
| 116|0x000000008da00000, 0x000000008db00000, 0x000000008db00000|100%|HC|  |TAMS 0x000000008da00000, 0x000000008db00000| Complete 
| 117|0x000000008db00000, 0x000000008dc00000, 0x000000008dc00000|100%|HS|  |TAMS 0x000000008db00000, 0x000000008dc00000| Complete 
| 118|0x000000008dc00000, 0x000000008dd00000, 0x000000008dd00000|100%|HC|  |TAMS 0x000000008dc00000, 0x000000008dd00000| Complete 
| 119|0x000000008dd00000, 0x000000008de00000, 0x000000008de00000|100%|HC|  |TAMS 0x000000008dd00000, 0x000000008de00000| Complete 
| 120|0x000000008de00000, 0x000000008de00000, 0x000000008df00000|  0%| F|  |TAMS 0x000000008de00000, 0x000000008de00000| Untracked 
| 121|0x000000008df00000, 0x000000008df00000, 0x000000008e000000|  0%| F|  |TAMS 0x000000008df00000, 0x000000008df00000| Untracked 
| 122|0x000000008e000000, 0x000000008e000000, 0x000000008e100000|  0%| F|  |TAMS 0x000000008e000000, 0x000000008e000000| Untracked 
| 123|0x000000008e100000, 0x000000008e100000, 0x000000008e200000|  0%| F|  |TAMS 0x000000008e100000, 0x000000008e100000| Untracked 
| 124|0x000000008e200000, 0x000000008e200000, 0x000000008e300000|  0%| F|  |TAMS 0x000000008e200000, 0x000000008e200000| Untracked 
| 125|0x000000008e300000, 0x000000008e300000, 0x000000008e400000|  0%| F|  |TAMS 0x000000008e300000, 0x000000008e300000| Untracked 
| 126|0x000000008e400000, 0x000000008e400000, 0x000000008e500000|  0%| F|  |TAMS 0x000000008e400000, 0x000000008e400000| Untracked 
| 127|0x000000008e500000, 0x000000008e500000, 0x000000008e600000|  0%| F|  |TAMS 0x000000008e500000, 0x000000008e500000| Untracked 
| 128|0x000000008e600000, 0x000000008e600000, 0x000000008e700000|  0%| F|  |TAMS 0x000000008e600000, 0x000000008e600000| Untracked 
| 129|0x000000008e700000, 0x000000008e700000, 0x000000008e800000|  0%| F|  |TAMS 0x000000008e700000, 0x000000008e700000| Untracked 
| 130|0x000000008e800000, 0x000000008e800000, 0x000000008e900000|  0%| F|  |TAMS 0x000000008e800000, 0x000000008e800000| Untracked 
| 131|0x000000008e900000, 0x000000008e900000, 0x000000008ea00000|  0%| F|  |TAMS 0x000000008e900000, 0x000000008e900000| Untracked 
| 132|0x000000008ea00000, 0x000000008ea00000, 0x000000008eb00000|  0%| F|  |TAMS 0x000000008ea00000, 0x000000008ea00000| Untracked 
| 133|0x000000008eb00000, 0x000000008eb00000, 0x000000008ec00000|  0%| F|  |TAMS 0x000000008eb00000, 0x000000008eb00000| Untracked 
| 134|0x000000008ec00000, 0x000000008ec00000, 0x000000008ed00000|  0%| F|  |TAMS 0x000000008ec00000, 0x000000008ec00000| Untracked 
| 135|0x000000008ed00000, 0x000000008ed00000, 0x000000008ee00000|  0%| F|  |TAMS 0x000000008ed00000, 0x000000008ed00000| Untracked 
| 136|0x000000008ee00000, 0x000000008ee00000, 0x000000008ef00000|  0%| F|  |TAMS 0x000000008ee00000, 0x000000008ee00000| Untracked 
| 137|0x000000008ef00000, 0x000000008ef00000, 0x000000008f000000|  0%| F|  |TAMS 0x000000008ef00000, 0x000000008ef00000| Untracked 
| 138|0x000000008f000000, 0x000000008f000000, 0x000000008f100000|  0%| F|  |TAMS 0x000000008f000000, 0x000000008f000000| Untracked 
| 139|0x000000008f100000, 0x000000008f100000, 0x000000008f200000|  0%| F|  |TAMS 0x000000008f100000, 0x000000008f100000| Untracked 
| 140|0x000000008f200000, 0x000000008f200000, 0x000000008f300000|  0%| F|  |TAMS 0x000000008f200000, 0x000000008f200000| Untracked 
| 141|0x000000008f300000, 0x000000008f300000, 0x000000008f400000|  0%| F|  |TAMS 0x000000008f300000, 0x000000008f300000| Untracked 
| 142|0x000000008f400000, 0x000000008f400000, 0x000000008f500000|  0%| F|  |TAMS 0x000000008f400000, 0x000000008f400000| Untracked 
| 143|0x000000008f500000, 0x000000008f500000, 0x000000008f600000|  0%| F|  |TAMS 0x000000008f500000, 0x000000008f500000| Untracked 
| 144|0x000000008f600000, 0x000000008f600000, 0x000000008f700000|  0%| F|  |TAMS 0x000000008f600000, 0x000000008f600000| Untracked 
| 145|0x000000008f700000, 0x000000008f700000, 0x000000008f800000|  0%| F|  |TAMS 0x000000008f700000, 0x000000008f700000| Untracked 
| 146|0x000000008f800000, 0x000000008f800000, 0x000000008f900000|  0%| F|  |TAMS 0x000000008f800000, 0x000000008f800000| Untracked 
| 147|0x000000008f900000, 0x000000008f900000, 0x000000008fa00000|  0%| F|  |TAMS 0x000000008f900000, 0x000000008f900000| Untracked 
| 148|0x000000008fa00000, 0x000000008fa00000, 0x000000008fb00000|  0%| F|  |TAMS 0x000000008fa00000, 0x000000008fa00000| Untracked 
| 149|0x000000008fb00000, 0x000000008fb00000, 0x000000008fc00000|  0%| F|  |TAMS 0x000000008fb00000, 0x000000008fb00000| Untracked 
| 150|0x000000008fc00000, 0x000000008fc00000, 0x000000008fd00000|  0%| F|  |TAMS 0x000000008fc00000, 0x000000008fc00000| Untracked 
| 151|0x000000008fd00000, 0x000000008fd00000, 0x000000008fe00000|  0%| F|  |TAMS 0x000000008fd00000, 0x000000008fd00000| Untracked 
| 152|0x000000008fe00000, 0x000000008fe00000, 0x000000008ff00000|  0%| F|  |TAMS 0x000000008fe00000, 0x000000008fe00000| Untracked 
| 153|0x000000008ff00000, 0x000000008ff00000, 0x0000000090000000|  0%| F|  |TAMS 0x000000008ff00000, 0x000000008ff00000| Untracked 
| 154|0x0000000090000000, 0x0000000090000000, 0x0000000090100000|  0%| F|  |TAMS 0x0000000090000000, 0x0000000090000000| Untracked 
| 155|0x0000000090100000, 0x0000000090100000, 0x0000000090200000|  0%| F|  |TAMS 0x0000000090100000, 0x0000000090100000| Untracked 
| 156|0x0000000090200000, 0x0000000090200000, 0x0000000090300000|  0%| F|  |TAMS 0x0000000090200000, 0x0000000090200000| Untracked 
| 157|0x0000000090300000, 0x0000000090300000, 0x0000000090400000|  0%| F|  |TAMS 0x0000000090300000, 0x0000000090300000| Untracked 
| 158|0x0000000090400000, 0x0000000090400000, 0x0000000090500000|  0%| F|  |TAMS 0x0000000090400000, 0x0000000090400000| Untracked 
| 159|0x0000000090500000, 0x0000000090500000, 0x0000000090600000|  0%| F|  |TAMS 0x0000000090500000, 0x0000000090500000| Untracked 
| 160|0x0000000090600000, 0x0000000090600000, 0x0000000090700000|  0%| F|  |TAMS 0x0000000090600000, 0x0000000090600000| Untracked 
| 161|0x0000000090700000, 0x0000000090700000, 0x0000000090800000|  0%| F|  |TAMS 0x0000000090700000, 0x0000000090700000| Untracked 
| 162|0x0000000090800000, 0x0000000090800000, 0x0000000090900000|  0%| F|  |TAMS 0x0000000090800000, 0x0000000090800000| Untracked 
| 163|0x0000000090900000, 0x0000000090900000, 0x0000000090a00000|  0%| F|  |TAMS 0x0000000090900000, 0x0000000090900000| Untracked 
| 164|0x0000000090a00000, 0x0000000090a00000, 0x0000000090b00000|  0%| F|  |TAMS 0x0000000090a00000, 0x0000000090a00000| Untracked 
| 165|0x0000000090b00000, 0x0000000090b00000, 0x0000000090c00000|  0%| F|  |TAMS 0x0000000090b00000, 0x0000000090b00000| Untracked 
| 166|0x0000000090c00000, 0x0000000090c00000, 0x0000000090d00000|  0%| F|  |TAMS 0x0000000090c00000, 0x0000000090c00000| Untracked 
| 167|0x0000000090d00000, 0x0000000090d00000, 0x0000000090e00000|  0%| F|  |TAMS 0x0000000090d00000, 0x0000000090d00000| Untracked 
| 168|0x0000000090e00000, 0x0000000090e00000, 0x0000000090f00000|  0%| F|  |TAMS 0x0000000090e00000, 0x0000000090e00000| Untracked 
| 169|0x0000000090f00000, 0x0000000090f00000, 0x0000000091000000|  0%| F|  |TAMS 0x0000000090f00000, 0x0000000090f00000| Untracked 
| 170|0x0000000091000000, 0x0000000091000000, 0x0000000091100000|  0%| F|  |TAMS 0x0000000091000000, 0x0000000091000000| Untracked 
| 171|0x0000000091100000, 0x0000000091100000, 0x0000000091200000|  0%| F|  |TAMS 0x0000000091100000, 0x0000000091100000| Untracked 
| 172|0x0000000091200000, 0x0000000091200000, 0x0000000091300000|  0%| F|  |TAMS 0x0000000091200000, 0x0000000091200000| Untracked 
| 173|0x0000000091300000, 0x0000000091300000, 0x0000000091400000|  0%| F|  |TAMS 0x0000000091300000, 0x0000000091300000| Untracked 
| 174|0x0000000091400000, 0x0000000091400000, 0x0000000091500000|  0%| F|  |TAMS 0x0000000091400000, 0x0000000091400000| Untracked 
| 175|0x0000000091500000, 0x0000000091500000, 0x0000000091600000|  0%| F|  |TAMS 0x0000000091500000, 0x0000000091500000| Untracked 
| 176|0x0000000091600000, 0x0000000091600000, 0x0000000091700000|  0%| F|  |TAMS 0x0000000091600000, 0x0000000091600000| Untracked 
| 177|0x0000000091700000, 0x0000000091700000, 0x0000000091800000|  0%| F|  |TAMS 0x0000000091700000, 0x0000000091700000| Untracked 
| 178|0x0000000091800000, 0x0000000091800000, 0x0000000091900000|  0%| F|  |TAMS 0x0000000091800000, 0x0000000091800000| Untracked 
| 179|0x0000000091900000, 0x0000000091900000, 0x0000000091a00000|  0%| F|  |TAMS 0x0000000091900000, 0x0000000091900000| Untracked 
| 180|0x0000000091a00000, 0x0000000091a00000, 0x0000000091b00000|  0%| F|  |TAMS 0x0000000091a00000, 0x0000000091a00000| Untracked 
| 181|0x0000000091b00000, 0x0000000091b00000, 0x0000000091c00000|  0%| F|  |TAMS 0x0000000091b00000, 0x0000000091b00000| Untracked 
| 182|0x0000000091c00000, 0x0000000091c00000, 0x0000000091d00000|  0%| F|  |TAMS 0x0000000091c00000, 0x0000000091c00000| Untracked 
| 183|0x0000000091d00000, 0x0000000091d00000, 0x0000000091e00000|  0%| F|  |TAMS 0x0000000091d00000, 0x0000000091d00000| Untracked 
| 184|0x0000000091e00000, 0x0000000091e00000, 0x0000000091f00000|  0%| F|  |TAMS 0x0000000091e00000, 0x0000000091e00000| Untracked 
| 185|0x0000000091f00000, 0x0000000091f00000, 0x0000000092000000|  0%| F|  |TAMS 0x0000000091f00000, 0x0000000091f00000| Untracked 
| 186|0x0000000092000000, 0x0000000092000000, 0x0000000092100000|  0%| F|  |TAMS 0x0000000092000000, 0x0000000092000000| Untracked 
| 187|0x0000000092100000, 0x0000000092100000, 0x0000000092200000|  0%| F|  |TAMS 0x0000000092100000, 0x0000000092100000| Untracked 
| 188|0x0000000092200000, 0x0000000092200000, 0x0000000092300000|  0%| F|  |TAMS 0x0000000092200000, 0x0000000092200000| Untracked 
| 189|0x0000000092300000, 0x0000000092300000, 0x0000000092400000|  0%| F|  |TAMS 0x0000000092300000, 0x0000000092300000| Untracked 
| 190|0x0000000092400000, 0x0000000092400000, 0x0000000092500000|  0%| F|  |TAMS 0x0000000092400000, 0x0000000092400000| Untracked 
| 191|0x0000000092500000, 0x0000000092500000, 0x0000000092600000|  0%| F|  |TAMS 0x0000000092500000, 0x0000000092500000| Untracked 
| 192|0x0000000092600000, 0x0000000092600000, 0x0000000092700000|  0%| F|  |TAMS 0x0000000092600000, 0x0000000092600000| Untracked 
| 193|0x0000000092700000, 0x0000000092700000, 0x0000000092800000|  0%| F|  |TAMS 0x0000000092700000, 0x0000000092700000| Untracked 
| 194|0x0000000092800000, 0x0000000092800000, 0x0000000092900000|  0%| F|  |TAMS 0x0000000092800000, 0x0000000092800000| Untracked 
| 195|0x0000000092900000, 0x0000000092900000, 0x0000000092a00000|  0%| F|  |TAMS 0x0000000092900000, 0x0000000092900000| Untracked 
| 196|0x0000000092a00000, 0x0000000092a00000, 0x0000000092b00000|  0%| F|  |TAMS 0x0000000092a00000, 0x0000000092a00000| Untracked 
| 197|0x0000000092b00000, 0x0000000092b00000, 0x0000000092c00000|  0%| F|  |TAMS 0x0000000092b00000, 0x0000000092b00000| Untracked 
| 198|0x0000000092c00000, 0x0000000092c00000, 0x0000000092d00000|  0%| F|  |TAMS 0x0000000092c00000, 0x0000000092c00000| Untracked 
| 199|0x0000000092d00000, 0x0000000092d00000, 0x0000000092e00000|  0%| F|  |TAMS 0x0000000092d00000, 0x0000000092d00000| Untracked 
| 200|0x0000000092e00000, 0x0000000092e00000, 0x0000000092f00000|  0%| F|  |TAMS 0x0000000092e00000, 0x0000000092e00000| Untracked 
| 201|0x0000000092f00000, 0x0000000092f00000, 0x0000000093000000|  0%| F|  |TAMS 0x0000000092f00000, 0x0000000092f00000| Untracked 
| 202|0x0000000093000000, 0x0000000093000000, 0x0000000093100000|  0%| F|  |TAMS 0x0000000093000000, 0x0000000093000000| Untracked 
| 203|0x0000000093100000, 0x0000000093100000, 0x0000000093200000|  0%| F|  |TAMS 0x0000000093100000, 0x0000000093100000| Untracked 
| 204|0x0000000093200000, 0x0000000093200000, 0x0000000093300000|  0%| F|  |TAMS 0x0000000093200000, 0x0000000093200000| Untracked 
| 205|0x0000000093300000, 0x0000000093300000, 0x0000000093400000|  0%| F|  |TAMS 0x0000000093300000, 0x0000000093300000| Untracked 
| 206|0x0000000093400000, 0x0000000093400000, 0x0000000093500000|  0%| F|  |TAMS 0x0000000093400000, 0x0000000093400000| Untracked 
| 207|0x0000000093500000, 0x0000000093500000, 0x0000000093600000|  0%| F|  |TAMS 0x0000000093500000, 0x0000000093500000| Untracked 
| 208|0x0000000093600000, 0x0000000093600000, 0x0000000093700000|  0%| F|  |TAMS 0x0000000093600000, 0x0000000093600000| Untracked 
| 209|0x0000000093700000, 0x0000000093700000, 0x0000000093800000|  0%| F|  |TAMS 0x0000000093700000, 0x0000000093700000| Untracked 
| 210|0x0000000093800000, 0x0000000093800000, 0x0000000093900000|  0%| F|  |TAMS 0x0000000093800000, 0x0000000093800000| Untracked 
| 211|0x0000000093900000, 0x0000000093900000, 0x0000000093a00000|  0%| F|  |TAMS 0x0000000093900000, 0x0000000093900000| Untracked 
| 212|0x0000000093a00000, 0x0000000093a00000, 0x0000000093b00000|  0%| F|  |TAMS 0x0000000093a00000, 0x0000000093a00000| Untracked 
| 213|0x0000000093b00000, 0x0000000093b00000, 0x0000000093c00000|  0%| F|  |TAMS 0x0000000093b00000, 0x0000000093b00000| Untracked 
| 214|0x0000000093c00000, 0x0000000093c00000, 0x0000000093d00000|  0%| F|  |TAMS 0x0000000093c00000, 0x0000000093c00000| Untracked 
| 215|0x0000000093d00000, 0x0000000093d00000, 0x0000000093e00000|  0%| F|  |TAMS 0x0000000093d00000, 0x0000000093d00000| Untracked 
| 216|0x0000000093e00000, 0x0000000093e00000, 0x0000000093f00000|  0%| F|  |TAMS 0x0000000093e00000, 0x0000000093e00000| Untracked 
| 217|0x0000000093f00000, 0x0000000093f00000, 0x0000000094000000|  0%| F|  |TAMS 0x0000000093f00000, 0x0000000093f00000| Untracked 
| 218|0x0000000094000000, 0x0000000094000000, 0x0000000094100000|  0%| F|  |TAMS 0x0000000094000000, 0x0000000094000000| Untracked 
| 219|0x0000000094100000, 0x0000000094100000, 0x0000000094200000|  0%| F|  |TAMS 0x0000000094100000, 0x0000000094100000| Untracked 
| 220|0x0000000094200000, 0x0000000094200000, 0x0000000094300000|  0%| F|  |TAMS 0x0000000094200000, 0x0000000094200000| Untracked 
| 221|0x0000000094300000, 0x0000000094300000, 0x0000000094400000|  0%| F|  |TAMS 0x0000000094300000, 0x0000000094300000| Untracked 
| 222|0x0000000094400000, 0x0000000094400000, 0x0000000094500000|  0%| F|  |TAMS 0x0000000094400000, 0x0000000094400000| Untracked 
| 223|0x0000000094500000, 0x0000000094500000, 0x0000000094600000|  0%| F|  |TAMS 0x0000000094500000, 0x0000000094500000| Untracked 
| 224|0x0000000094600000, 0x0000000094600000, 0x0000000094700000|  0%| F|  |TAMS 0x0000000094600000, 0x0000000094600000| Untracked 
| 225|0x0000000094700000, 0x0000000094700000, 0x0000000094800000|  0%| F|  |TAMS 0x0000000094700000, 0x0000000094700000| Untracked 
| 226|0x0000000094800000, 0x0000000094800000, 0x0000000094900000|  0%| F|  |TAMS 0x0000000094800000, 0x0000000094800000| Untracked 
| 227|0x0000000094900000, 0x0000000094900000, 0x0000000094a00000|  0%| F|  |TAMS 0x0000000094900000, 0x0000000094900000| Untracked 
| 228|0x0000000094a00000, 0x0000000094a00000, 0x0000000094b00000|  0%| F|  |TAMS 0x0000000094a00000, 0x0000000094a00000| Untracked 
| 229|0x0000000094b00000, 0x0000000094b00000, 0x0000000094c00000|  0%| F|  |TAMS 0x0000000094b00000, 0x0000000094b00000| Untracked 
| 230|0x0000000094c00000, 0x0000000094c00000, 0x0000000094d00000|  0%| F|  |TAMS 0x0000000094c00000, 0x0000000094c00000| Untracked 
| 231|0x0000000094d00000, 0x0000000094d00000, 0x0000000094e00000|  0%| F|  |TAMS 0x0000000094d00000, 0x0000000094d00000| Untracked 
| 232|0x0000000094e00000, 0x0000000094e00000, 0x0000000094f00000|  0%| F|  |TAMS 0x0000000094e00000, 0x0000000094e00000| Untracked 
| 233|0x0000000094f00000, 0x0000000094f00000, 0x0000000095000000|  0%| F|  |TAMS 0x0000000094f00000, 0x0000000094f00000| Untracked 
| 234|0x0000000095000000, 0x0000000095000000, 0x0000000095100000|  0%| F|  |TAMS 0x0000000095000000, 0x0000000095000000| Untracked 
| 235|0x0000000095100000, 0x0000000095100000, 0x0000000095200000|  0%| F|  |TAMS 0x0000000095100000, 0x0000000095100000| Untracked 
| 236|0x0000000095200000, 0x0000000095200000, 0x0000000095300000|  0%| F|  |TAMS 0x0000000095200000, 0x0000000095200000| Untracked 
| 237|0x0000000095300000, 0x0000000095300000, 0x0000000095400000|  0%| F|  |TAMS 0x0000000095300000, 0x0000000095300000| Untracked 
| 238|0x0000000095400000, 0x0000000095400000, 0x0000000095500000|  0%| F|  |TAMS 0x0000000095400000, 0x0000000095400000| Untracked 
| 239|0x0000000095500000, 0x0000000095500000, 0x0000000095600000|  0%| F|  |TAMS 0x0000000095500000, 0x0000000095500000| Untracked 
| 240|0x0000000095600000, 0x0000000095600000, 0x0000000095700000|  0%| F|  |TAMS 0x0000000095600000, 0x0000000095600000| Untracked 
| 241|0x0000000095700000, 0x0000000095700000, 0x0000000095800000|  0%| F|  |TAMS 0x0000000095700000, 0x0000000095700000| Untracked 
| 242|0x0000000095800000, 0x0000000095800000, 0x0000000095900000|  0%| F|  |TAMS 0x0000000095800000, 0x0000000095800000| Untracked 
| 243|0x0000000095900000, 0x0000000095900000, 0x0000000095a00000|  0%| F|  |TAMS 0x0000000095900000, 0x0000000095900000| Untracked 
| 244|0x0000000095a00000, 0x0000000095a00000, 0x0000000095b00000|  0%| F|  |TAMS 0x0000000095a00000, 0x0000000095a00000| Untracked 
| 245|0x0000000095b00000, 0x0000000095b00000, 0x0000000095c00000|  0%| F|  |TAMS 0x0000000095b00000, 0x0000000095b00000| Untracked 
| 246|0x0000000095c00000, 0x0000000095c00000, 0x0000000095d00000|  0%| F|  |TAMS 0x0000000095c00000, 0x0000000095c00000| Untracked 
| 247|0x0000000095d00000, 0x0000000095d00000, 0x0000000095e00000|  0%| F|  |TAMS 0x0000000095d00000, 0x0000000095d00000| Untracked 
| 248|0x0000000095e00000, 0x0000000095e00000, 0x0000000095f00000|  0%| F|  |TAMS 0x0000000095e00000, 0x0000000095e00000| Untracked 
| 249|0x0000000095f00000, 0x0000000095f00000, 0x0000000096000000|  0%| F|  |TAMS 0x0000000095f00000, 0x0000000095f00000| Untracked 
| 250|0x0000000096000000, 0x0000000096000000, 0x0000000096100000|  0%| F|  |TAMS 0x0000000096000000, 0x0000000096000000| Untracked 
| 251|0x0000000096100000, 0x0000000096100000, 0x0000000096200000|  0%| F|  |TAMS 0x0000000096100000, 0x0000000096100000| Untracked 
| 252|0x0000000096200000, 0x0000000096200000, 0x0000000096300000|  0%| F|  |TAMS 0x0000000096200000, 0x0000000096200000| Untracked 
| 253|0x0000000096300000, 0x0000000096300000, 0x0000000096400000|  0%| F|  |TAMS 0x0000000096300000, 0x0000000096300000| Untracked 
| 254|0x0000000096400000, 0x0000000096400000, 0x0000000096500000|  0%| F|  |TAMS 0x0000000096400000, 0x0000000096400000| Untracked 
| 255|0x0000000096500000, 0x0000000096500000, 0x0000000096600000|  0%| F|  |TAMS 0x0000000096500000, 0x0000000096500000| Untracked 
| 256|0x0000000096600000, 0x0000000096600000, 0x0000000096700000|  0%| F|  |TAMS 0x0000000096600000, 0x0000000096600000| Untracked 
| 257|0x0000000096700000, 0x0000000096700000, 0x0000000096800000|  0%| F|  |TAMS 0x0000000096700000, 0x0000000096700000| Untracked 
| 258|0x0000000096800000, 0x0000000096800000, 0x0000000096900000|  0%| F|  |TAMS 0x0000000096800000, 0x0000000096800000| Untracked 
| 259|0x0000000096900000, 0x0000000096900000, 0x0000000096a00000|  0%| F|  |TAMS 0x0000000096900000, 0x0000000096900000| Untracked 
| 260|0x0000000096a00000, 0x0000000096a00000, 0x0000000096b00000|  0%| F|  |TAMS 0x0000000096a00000, 0x0000000096a00000| Untracked 
| 261|0x0000000096b00000, 0x0000000096b00000, 0x0000000096c00000|  0%| F|  |TAMS 0x0000000096b00000, 0x0000000096b00000| Untracked 
| 262|0x0000000096c00000, 0x0000000096c00000, 0x0000000096d00000|  0%| F|  |TAMS 0x0000000096c00000, 0x0000000096c00000| Untracked 
| 263|0x0000000096d00000, 0x0000000096d050a0, 0x0000000096e00000|  1%| S|CS|TAMS 0x0000000096d00000, 0x0000000096d00000| Complete 
| 264|0x0000000096e00000, 0x0000000096e00000, 0x0000000096f00000|  0%| F|  |TAMS 0x0000000096e00000, 0x0000000096e00000| Untracked 
| 265|0x0000000096f00000, 0x0000000097000000, 0x0000000097000000|100%| E|  |TAMS 0x0000000096f00000, 0x0000000096f00000| Complete 
| 266|0x0000000097000000, 0x0000000097100000, 0x0000000097100000|100%| E|CS|TAMS 0x0000000097000000, 0x0000000097000000| Complete 

Card table byte_map: [0x000001b6f8f10000,0x000001b6f92e0000] _byte_map_base: 0x000001b6f8add000

Marking Bits (Prev, Next): (CMBitMap*) 0x000001b6f0d70360, (CMBitMap*) 0x000001b6f0d703a0
 Prev Bits: [0x000001b6f96b0000, 0x000001b6fb518000)
 Next Bits: [0x000001b6fb520000, 0x000001b6fd388000)

Polling page: 0x000001b6f04d0000

Metaspace:

Usage:
  Non-class:     21.58 MB used.
      Class:      2.13 MB used.
       Both:     23.71 MB used.

Virtual space:
  Non-class space:       64.00 MB reserved,      21.75 MB ( 34%) committed,  1 nodes.
      Class space:        1.00 GB reserved,       2.25 MB ( <1%) committed,  1 nodes.
             Both:        1.06 GB reserved,      24.00 MB (  2%) committed. 

Chunk freelists:
   Non-Class:  9.67 MB
       Class:  13.71 MB
        Both:  23.39 MB

MaxMetaspaceSize: unlimited
CompressedClassSpaceSize: 1.00 GB
Initial GC threshold: 21.00 MB
Current GC threshold: 39.50 MB
CDS: on
MetaspaceReclaimPolicy: balanced
 - commit_granule_bytes: 65536.
 - commit_granule_words: 8192.
 - virtual_space_node_default_size: 8388608.
 - enlarge_chunks_in_place: 1.
 - new_chunks_are_fully_committed: 0.
 - uncommit_free_chunks: 1.
 - use_allocation_guard: 0.
 - handle_deallocations: 1.


Internal statistics:

num_allocs_failed_limit: 3.
num_arena_births: 208.
num_arena_deaths: 0.
num_vsnodes_births: 2.
num_vsnodes_deaths: 0.
num_space_committed: 382.
num_space_uncommitted: 0.
num_chunks_returned_to_freelist: 3.
num_chunks_taken_from_freelist: 772.
num_chunk_merges: 3.
num_chunk_splits: 585.
num_chunks_enlarged: 457.
num_inconsistent_stats: 0.

CodeHeap 'non-profiled nmethods': size=120000Kb used=2241Kb max_used=2822Kb free=117758Kb
 bounds [0x000001b687ad0000, 0x000001b687da0000, 0x000001b68f000000]
CodeHeap 'profiled nmethods': size=120000Kb used=5872Kb max_used=8130Kb free=114127Kb
 bounds [0x000001b680000000, 0x000001b680800000, 0x000001b687530000]
CodeHeap 'non-nmethods': size=5760Kb used=2172Kb max_used=2255Kb free=3587Kb
 bounds [0x000001b687530000, 0x000001b6877a0000, 0x000001b687ad0000]
 total_blobs=4559 nmethods=2965 adapters=1506
 compilation: enabled
              stopped_count=0, restarted_count=0
 full_count=0

Compilation events (20 events):
Event: 35.906 Thread 0x000001b6ffdb4f60 3567       3       sun.java2d.pipe.DrawImage::scaleImage (84 bytes)
Event: 35.906 Thread 0x000001b6ffdb4f60 nmethod 3567 0x000001b680183210 code [0x000001b680183400, 0x000001b680183a78]
Event: 35.906 Thread 0x000001b6ffdb4f60 3568       3       sun.java2d.pipe.DrawImage::scaleImage (488 bytes)
Event: 35.907 Thread 0x000001b6ffdaa100 nmethod 3565 0x000001b687d3be90 code [0x000001b687d3c1e0, 0x000001b687d3e938]
Event: 35.907 Thread 0x000001b6ffdaa100 3569   !   4       com.sun.jna.Native::getNativeSize (139 bytes)
Event: 35.908 Thread 0x000001b6ffdb4f60 nmethod 3568 0x000001b680544b10 code [0x000001b680544e80, 0x000001b680546698]
Event: 35.912 Thread 0x000001b6ffdaa100 nmethod 3569 0x000001b687d23b90 code [0x000001b687d23da0, 0x000001b687d24520]
Event: 35.937 Thread 0x000001b6ffdb4f60 3570       3       com.sun.jna.Structure::allocateMemory (82 bytes)
Event: 35.938 Thread 0x000001b6ffdaa100 3571   !   4       com.sun.jna.Structure::getFieldValue (50 bytes)
Event: 35.938 Thread 0x000001b6ffdb4f60 nmethod 3570 0x000001b680007910 code [0x000001b680007ba0, 0x000001b6800089a8]
Event: 35.939 Thread 0x000001b6ffdaa100 nmethod 3571 0x000001b687be6810 code [0x000001b687be69a0, 0x000001b687be6b38]
Event: 36.324 Thread 0x000001b6ffdaa100 3572       4       com.sun.jna.Structure$LayoutInfo::access$602 (7 bytes)
Event: 36.324 Thread 0x000001b6ffdaa100 nmethod 3572 0x000001b687aeca10 code [0x000001b687aecb80, 0x000001b687aecbf8]
Event: 36.346 Thread 0x000001b6ffdb4f60 3573       3       java.security.AccessController::getContext (23 bytes)
Event: 36.346 Thread 0x000001b6ffdb4f60 nmethod 3573 0x000001b680064510 code [0x000001b6800646e0, 0x000001b6800649d8]
Event: 36.404 Thread 0x000001b6ffdaa100 3575       4       com.sun.jna.Function::invoke (769 bytes)
Event: 36.421 Thread 0x000001b6ffdaa100 nmethod 3575 0x000001b687b1fd10 code [0x000001b687b20000, 0x000001b687b20f58]
Event: 36.514 Thread 0x000001b6ffdaa100 3576       4       com.sun.jna.Structure::readField (296 bytes)
Event: 36.515 Thread 0x000001b6ffdb4f60 3577       3       java.util.concurrent.locks.ReentrantLock$Sync::isHeldExclusively (16 bytes)
Event: 36.516 Thread 0x000001b6ffdb4f60 nmethod 3577 0x000001b68002cf10 code [0x000001b68002d0a0, 0x000001b68002d238]

GC Heap History (20 events):
Event: 32.918 GC heap before
{Heap before GC invocations=49 (full 0):
 garbage-first heap   total 273408K, used 120463K [0x0000000086600000, 0x0000000100000000)
  region size 1024K, 3 young (3072K), 1 survivors (1024K)
 Metaspace       used 24260K, committed 24448K, reserved 1114112K
  class space    used 2186K, committed 2304K, reserved 1048576K
}
Event: 32.920 GC heap after
{Heap after GC invocations=50 (full 0):
 garbage-first heap   total 273408K, used 92817K [0x0000000086600000, 0x0000000100000000)
  region size 1024K, 1 young (1024K), 1 survivors (1024K)
 Metaspace       used 24260K, committed 24448K, reserved 1114112K
  class space    used 2186K, committed 2304K, reserved 1048576K
}
Event: 33.410 GC heap before
{Heap before GC invocations=50 (full 0):
 garbage-first heap   total 273408K, used 123537K [0x0000000086600000, 0x0000000100000000)
  region size 1024K, 3 young (3072K), 1 survivors (1024K)
 Metaspace       used 24260K, committed 24448K, reserved 1114112K
  class space    used 2186K, committed 2304K, reserved 1048576K
}
Event: 33.412 GC heap after
{Heap after GC invocations=51 (full 0):
 garbage-first heap   total 273408K, used 86677K [0x0000000086600000, 0x0000000100000000)
  region size 1024K, 1 young (1024K), 1 survivors (1024K)
 Metaspace       used 24260K, committed 24448K, reserved 1114112K
  class space    used 2186K, committed 2304K, reserved 1048576K
}
Event: 33.699 GC heap before
{Heap before GC invocations=51 (full 0):
 garbage-first heap   total 273408K, used 121493K [0x0000000086600000, 0x0000000100000000)
  region size 1024K, 3 young (3072K), 1 survivors (1024K)
 Metaspace       used 24262K, committed 24448K, reserved 1114112K
  class space    used 2186K, committed 2304K, reserved 1048576K
}
Event: 33.701 GC heap after
{Heap after GC invocations=52 (full 0):
 garbage-first heap   total 273408K, used 92813K [0x0000000086600000, 0x0000000100000000)
  region size 1024K, 1 young (1024K), 1 survivors (1024K)
 Metaspace       used 24262K, committed 24448K, reserved 1114112K
  class space    used 2186K, committed 2304K, reserved 1048576K
}
Event: 34.031 GC heap before
{Heap before GC invocations=52 (full 0):
 garbage-first heap   total 273408K, used 120461K [0x0000000086600000, 0x0000000100000000)
  region size 1024K, 3 young (3072K), 1 survivors (1024K)
 Metaspace       used 24262K, committed 24448K, reserved 1114112K
  class space    used 2186K, committed 2304K, reserved 1048576K
}
Event: 34.033 GC heap after
{Heap after GC invocations=53 (full 0):
 garbage-first heap   total 273408K, used 87697K [0x0000000086600000, 0x0000000100000000)
  region size 1024K, 1 young (1024K), 1 survivors (1024K)
 Metaspace       used 24262K, committed 24448K, reserved 1114112K
  class space    used 2186K, committed 2304K, reserved 1048576K
}
Event: 34.503 GC heap before
{Heap before GC invocations=53 (full 0):
 garbage-first heap   total 273408K, used 122513K [0x0000000086600000, 0x0000000100000000)
  region size 1024K, 3 young (3072K), 1 survivors (1024K)
 Metaspace       used 24268K, committed 24448K, reserved 1114112K
  class space    used 2186K, committed 2304K, reserved 1048576K
}
Event: 34.505 GC heap after
{Heap after GC invocations=54 (full 0):
 garbage-first heap   total 273408K, used 89747K [0x0000000086600000, 0x0000000100000000)
  region size 1024K, 1 young (1024K), 1 survivors (1024K)
 Metaspace       used 24268K, committed 24448K, reserved 1114112K
  class space    used 2186K, committed 2304K, reserved 1048576K
}
Event: 34.791 GC heap before
{Heap before GC invocations=54 (full 0):
 garbage-first heap   total 273408K, used 121491K [0x0000000086600000, 0x0000000100000000)
  region size 1024K, 3 young (3072K), 1 survivors (1024K)
 Metaspace       used 24269K, committed 24448K, reserved 1114112K
  class space    used 2186K, committed 2304K, reserved 1048576K
}
Event: 34.793 GC heap after
{Heap after GC invocations=55 (full 0):
 garbage-first heap   total 273408K, used 89745K [0x0000000086600000, 0x0000000100000000)
  region size 1024K, 1 young (1024K), 1 survivors (1024K)
 Metaspace       used 24269K, committed 24448K, reserved 1114112K
  class space    used 2186K, committed 2304K, reserved 1048576K
}
Event: 35.110 GC heap before
{Heap before GC invocations=55 (full 0):
 garbage-first heap   total 273408K, used 120465K [0x0000000086600000, 0x0000000100000000)
  region size 1024K, 3 young (3072K), 1 survivors (1024K)
 Metaspace       used 24269K, committed 24448K, reserved 1114112K
  class space    used 2186K, committed 2304K, reserved 1048576K
}
Event: 35.112 GC heap after
{Heap after GC invocations=56 (full 0):
 garbage-first heap   total 273408K, used 87710K [0x0000000086600000, 0x0000000100000000)
  region size 1024K, 1 young (1024K), 1 survivors (1024K)
 Metaspace       used 24269K, committed 24448K, reserved 1114112K
  class space    used 2186K, committed 2304K, reserved 1048576K
}
Event: 35.611 GC heap before
{Heap before GC invocations=56 (full 0):
 garbage-first heap   total 273408K, used 122526K [0x0000000086600000, 0x0000000100000000)
  region size 1024K, 3 young (3072K), 1 survivors (1024K)
 Metaspace       used 24269K, committed 24448K, reserved 1114112K
  class space    used 2186K, committed 2304K, reserved 1048576K
}
Event: 35.612 GC heap after
{Heap after GC invocations=57 (full 0):
 garbage-first heap   total 273408K, used 89758K [0x0000000086600000, 0x0000000100000000)
  region size 1024K, 1 young (1024K), 1 survivors (1024K)
 Metaspace       used 24269K, committed 24448K, reserved 1114112K
  class space    used 2186K, committed 2304K, reserved 1048576K
}
Event: 35.899 GC heap before
{Heap before GC invocations=57 (full 0):
 garbage-first heap   total 273408K, used 121502K [0x0000000086600000, 0x0000000100000000)
  region size 1024K, 3 young (3072K), 1 survivors (1024K)
 Metaspace       used 24269K, committed 24448K, reserved 1114112K
  class space    used 2186K, committed 2304K, reserved 1048576K
}
Event: 35.900 GC heap after
{Heap after GC invocations=58 (full 0):
 garbage-first heap   total 273408K, used 89752K [0x0000000086600000, 0x0000000100000000)
  region size 1024K, 1 young (1024K), 1 survivors (1024K)
 Metaspace       used 24269K, committed 24448K, reserved 1114112K
  class space    used 2186K, committed 2304K, reserved 1048576K
}
Event: 36.239 GC heap before
{Heap before GC invocations=58 (full 0):
 garbage-first heap   total 273408K, used 120472K [0x0000000086600000, 0x0000000100000000)
  region size 1024K, 3 young (3072K), 1 survivors (1024K)
 Metaspace       used 24278K, committed 24576K, reserved 1114112K
  class space    used 2186K, committed 2304K, reserved 1048576K
}
Event: 36.241 GC heap after
{Heap after GC invocations=59 (full 0):
 garbage-first heap   total 273408K, used 87708K [0x0000000086600000, 0x0000000100000000)
  region size 1024K, 1 young (1024K), 1 survivors (1024K)
 Metaspace       used 24278K, committed 24576K, reserved 1114112K
  class space    used 2186K, committed 2304K, reserved 1048576K
}

Dll operation events (20 events):
Event: 11.320 Loaded shared library C:\Users\Ben\.javacpp\cache\opencv-4.6.0-1.5.8-windows-x86_64.jar\org\bytedeco\opencv\windows-x86_64\opencv_text460.dll
Event: 11.324 Loaded shared library C:\Users\Ben\.javacpp\cache\opencv-4.6.0-1.5.8-windows-x86_64.jar\org\bytedeco\opencv\windows-x86_64\jniopencv_text.dll
Event: 11.346 Loaded shared library C:\Users\Ben\.javacpp\cache\opencv-4.6.0-1.5.8-windows-x86_64.jar\org\bytedeco\opencv\windows-x86_64\opencv_plot460.dll
Event: 11.350 Loaded shared library C:\Users\Ben\.javacpp\cache\opencv-4.6.0-1.5.8-windows-x86_64.jar\org\bytedeco\opencv\windows-x86_64\jniopencv_plot.dll
Event: 11.368 Loaded shared library C:\Users\Ben\.javacpp\cache\opencv-4.6.0-1.5.8-windows-x86_64.jar\org\bytedeco\opencv\windows-x86_64\opencv_tracking460.dll
Event: 11.372 Loaded shared library C:\Users\Ben\.javacpp\cache\opencv-4.6.0-1.5.8-windows-x86_64.jar\org\bytedeco\opencv\windows-x86_64\jniopencv_tracking.dll
Event: 11.395 Loaded shared library C:\Users\Ben\.javacpp\cache\opencv-4.6.0-1.5.8-windows-x86_64.jar\org\bytedeco\opencv\windows-x86_64\opencv_shape460.dll
Event: 11.398 Loaded shared library C:\Users\Ben\.javacpp\cache\opencv-4.6.0-1.5.8-windows-x86_64.jar\org\bytedeco\opencv\windows-x86_64\jniopencv_shape.dll
Event: 11.418 Loaded shared library C:\Users\Ben\.javacpp\cache\opencv-4.6.0-1.5.8-windows-x86_64.jar\org\bytedeco\opencv\windows-x86_64\opencv_xfeatures2d460.dll
Event: 11.422 Loaded shared library C:\Users\Ben\.javacpp\cache\opencv-4.6.0-1.5.8-windows-x86_64.jar\org\bytedeco\opencv\windows-x86_64\jniopencv_xfeatures2d.dll
Event: 11.445 Loaded shared library C:\Users\Ben\.javacpp\cache\opencv-4.6.0-1.5.8-windows-x86_64.jar\org\bytedeco\opencv\windows-x86_64\opencv_ximgproc460.dll
Event: 11.449 Loaded shared library C:\Users\Ben\.javacpp\cache\opencv-4.6.0-1.5.8-windows-x86_64.jar\org\bytedeco\opencv\windows-x86_64\jniopencv_ximgproc.dll
Event: 11.470 Loaded shared library C:\Users\Ben\.javacpp\cache\opencv-4.6.0-1.5.8-windows-x86_64.jar\org\bytedeco\opencv\windows-x86_64\opencv_xphoto460.dll
Event: 11.474 Loaded shared library C:\Users\Ben\.javacpp\cache\opencv-4.6.0-1.5.8-windows-x86_64.jar\org\bytedeco\opencv\windows-x86_64\jniopencv_xphoto.dll
Event: 11.492 Loaded shared library C:\Users\Ben\.javacpp\cache\opencv-4.6.0-1.5.8-windows-x86_64.jar\org\bytedeco\opencv\windows-x86_64\opencv_barcode460.dll
Event: 11.496 Loaded shared library C:\Users\Ben\.javacpp\cache\opencv-4.6.0-1.5.8-windows-x86_64.jar\org\bytedeco\opencv\windows-x86_64\jniopencv_barcode.dll
Event: 11.512 Loaded shared library C:\Users\Ben\.javacpp\cache\opencv-4.6.0-1.5.8-windows-x86_64.jar\org\bytedeco\opencv\windows-x86_64\opencv_wechat_qrcode460.dll
Event: 11.516 Loaded shared library C:\Users\Ben\.javacpp\cache\opencv-4.6.0-1.5.8-windows-x86_64.jar\org\bytedeco\opencv\windows-x86_64\jniopencv_wechat_qrcode.dll
Event: 11.539 Loaded shared library C:\Users\Ben\.javacpp\cache\opencv-4.6.0-1.5.8-windows-x86_64.jar\org\bytedeco\opencv\windows-x86_64\opencv_java.dll
Event: 11.554 Loaded shared library C:\Users\Ben\.javacpp\cache\opencv-4.6.0-1.5.8-windows-x86_64.jar\org\bytedeco\opencv\windows-x86_64\jniopencv_java.dll

Deoptimization events (20 events):
Event: 31.002 Thread 0x000001b6d48ba510 DEOPT PACKING pc=0x000001b6807d0c44 sp=0x000000899f4fe2f0
Event: 31.002 Thread 0x000001b6d48ba510 DEOPT UNPACKING pc=0x000001b68758ace3 sp=0x000000899f4fd750 mode 0
Event: 31.044 Thread 0x000001b6d4a08370 Uncommon trap: trap_request=0xfffffff4 fr.pc=0x000001b687d6a6b8 relative=0x00000000000032b8
Event: 31.044 Thread 0x000001b6d4a08370 Uncommon trap: reason=null_check action=make_not_entrant pc=0x000001b687d6a6b8 method=com.sun.jna.Structure.readField(Lcom/sun/jna/Structure$StructField;)Ljava/lang/Object; @ 32 c2
Event: 31.044 Thread 0x000001b6d4a08370 DEOPT PACKING pc=0x000001b687d6a6b8 sp=0x000000899f3fd190
Event: 31.044 Thread 0x000001b6d4a08370 DEOPT UNPACKING pc=0x000001b68758a1a3 sp=0x000000899f3fd240 mode 2
Event: 31.251 Thread 0x000001b6d48ba510 DEOPT PACKING pc=0x000001b6807d06aa sp=0x000000899f4fe3c0
Event: 31.251 Thread 0x000001b6d48ba510 DEOPT UNPACKING pc=0x000001b68758ace3 sp=0x000000899f4fd818 mode 0
Event: 31.251 Thread 0x000001b6d48ba510 DEOPT PACKING pc=0x000001b6807d06aa sp=0x000000899f4fe400
Event: 31.251 Thread 0x000001b6d48ba510 DEOPT UNPACKING pc=0x000001b68758ace3 sp=0x000000899f4fd858 mode 0
Event: 31.252 Thread 0x000001b6d48ba510 DEOPT PACKING pc=0x000001b6807d0bc5 sp=0x000000899f4fe400
Event: 31.252 Thread 0x000001b6d48ba510 DEOPT UNPACKING pc=0x000001b68758ace3 sp=0x000000899f4fd858 mode 0
Event: 34.126 Thread 0x000001b6d4a08370 Uncommon trap: trap_request=0xfffffff4 fr.pc=0x000001b687d8575c relative=0x000000000000089c
Event: 34.126 Thread 0x000001b6d4a08370 Uncommon trap: reason=null_check action=make_not_entrant pc=0x000001b687d8575c method=com.sun.jna.Pointer.getValue(JLjava/lang/Class;Ljava/lang/Object;)Ljava/lang/Object; @ 6 c2
Event: 34.126 Thread 0x000001b6d4a08370 DEOPT PACKING pc=0x000001b687d8575c sp=0x000000899f3fd1a0
Event: 34.126 Thread 0x000001b6d4a08370 DEOPT UNPACKING pc=0x000001b68758a1a3 sp=0x000000899f3fd140 mode 2
Event: 35.649 Thread 0x000001b6d4a08370 Uncommon trap: trap_request=0xfffffff4 fr.pc=0x000001b687d90cd4 relative=0x00000000000003d4
Event: 35.649 Thread 0x000001b6d4a08370 Uncommon trap: reason=null_check action=make_not_entrant pc=0x000001b687d90cd4 method=com.sun.jna.Native.getNativeSize(Ljava/lang/Class;Ljava/lang/Object;)I @ 64 c2
Event: 35.649 Thread 0x000001b6d4a08370 DEOPT PACKING pc=0x000001b687d90cd4 sp=0x000000899f3fcb50
Event: 35.649 Thread 0x000001b6d4a08370 DEOPT UNPACKING pc=0x000001b68758a1a3 sp=0x000000899f3fcaf8 mode 2

Classes unloaded (0 events):
No events

Classes redefined (0 events):
No events

Internal exceptions (20 events):
Event: 3.285 Thread 0x000001b6d48ba510 Exception <a 'java/lang/NoSuchMethodError'{0x000000008d4efe18}: 'java.lang.Object java.lang.invoke.DirectMethodHandle$Holder.newInvokeSpecial(java.lang.Object, java.lang.Object, int, int)'> (0x000000008d4efe18) 
thrown [s\src\hotspot\share\interpreter\linkResolver.cpp, line 759]
Event: 3.668 Thread 0x000001b6d4884ce0 Exception <a 'java/lang/NoSuchMethodError'{0x000000008d26e160}: 'java.lang.Object java.lang.invoke.DirectMethodHandle$Holder.newInvokeSpecial(java.lang.Object, java.lang.Object, java.lang.Object, int, int, int, int, int)'> (0x000000008d26e160) 
thrown [s\src\hotspot\share\interpreter\linkResolver.cpp, line 759]
Event: 8.100 Thread 0x000001b6d48ba510 Exception <a 'java/lang/NoSuchMethodError'{0x000000008dc13358}: 'void java.lang.invoke.DirectMethodHandle$Holder.invokeStatic(java.lang.Object, java.lang.Object, java.lang.Object, java.lang.Object)'> (0x000000008dc13358) 
thrown [s\src\hotspot\share\interpreter\linkResolver.cpp, line 759]
Event: 10.068 Thread 0x000001b6d48ba510 Implicit null exception at 0x000001b687bb7680 to 0x000001b687bb7798
Event: 10.068 Thread 0x000001b6d48ba510 Implicit null exception at 0x000001b687ba3075 to 0x000001b687ba311c
Event: 10.068 Thread 0x000001b6d48ba510 Implicit null exception at 0x000001b687ba7673 to 0x000001b687ba7714
Event: 10.090 Thread 0x000001b6d4a07e60 Exception <a 'java/lang/NoSuchMethodError'{0x000000008da46150}: 'int java.lang.invoke.DirectMethodHandle$Holder.invokeStaticInit(java.lang.Object, java.lang.Object, java.lang.Object, java.lang.Object)'> (0x000000008da46150) 
thrown [s\src\hotspot\share\interpreter\linkResolver.cpp, line 759]
Event: 10.091 Thread 0x000001b6d4a07e60 Exception <a 'java/lang/IncompatibleClassChangeError'{0x000000008da4f3f8}: Found class java.lang.Object, but interface was expected> (0x000000008da4f3f8) 
thrown [s\src\hotspot\share\interpreter\linkResolver.cpp, line 826]
Event: 10.092 Thread 0x000001b6d4a07e60 Exception <a 'java/lang/NoSuchMethodError'{0x000000008da54d38}: 'int java.lang.invoke.DirectMethodHandle$Holder.invokeStaticInit(java.lang.Object, java.lang.Object)'> (0x000000008da54d38) 
thrown [s\src\hotspot\share\interpreter\linkResolver.cpp, line 759]
Event: 23.197 Thread 0x000001b6d4a08370 Implicit null exception at 0x000001b687d1fefa to 0x000001b687d20500
Event: 23.602 Thread 0x000001b6d4a08370 Implicit null exception at 0x000001b687d20d60 to 0x000001b687d21390
Event: 23.946 Thread 0x000001b6d4a08370 Implicit null exception at 0x000001b687d23e23 to 0x000001b687d243dc
Event: 24.642 Thread 0x000001b6d4a08370 Implicit null exception at 0x000001b687d26913 to 0x000001b687d274ac
Event: 27.217 Thread 0x000001b6d4a08370 Implicit null exception at 0x000001b687d3c65b to 0x000001b687d3e6f4
Event: 27.761 Thread 0x000001b6d4a08370 Implicit null exception at 0x000001b687d425b5 to 0x000001b687d44350
Event: 28.052 Thread 0x000001b6d4a08370 Implicit null exception at 0x000001b687d4762d to 0x000001b687d49038
Event: 29.815 Thread 0x000001b6d48ba510 Implicit null exception at 0x000001b687cc8680 to 0x000001b687cc8c7c
Event: 31.044 Thread 0x000001b6d4a08370 Implicit null exception at 0x000001b687d67465 to 0x000001b687d6a69c
Event: 34.126 Thread 0x000001b6d4a08370 Implicit null exception at 0x000001b687d84f02 to 0x000001b687d85740
Event: 35.649 Thread 0x000001b6d4a08370 Implicit null exception at 0x000001b687d90a8e to 0x000001b687d90cc0

VM Operations (20 events):
Event: 34.031 Executing VM operation: G1TryInitiateConcMark
Event: 34.033 Executing VM operation: G1TryInitiateConcMark done
Event: 34.503 Executing VM operation: G1TryInitiateConcMark
Event: 34.505 Executing VM operation: G1TryInitiateConcMark done
Event: 34.791 Executing VM operation: G1TryInitiateConcMark
Event: 34.793 Executing VM operation: G1TryInitiateConcMark done
Event: 35.110 Executing VM operation: G1TryInitiateConcMark
Event: 35.112 Executing VM operation: G1TryInitiateConcMark done
Event: 35.243 Executing VM operation: HandshakeAllThreads
Event: 35.243 Executing VM operation: HandshakeAllThreads done
Event: 35.353 Executing VM operation: HandshakeAllThreads
Event: 35.353 Executing VM operation: HandshakeAllThreads done
Event: 35.610 Executing VM operation: G1TryInitiateConcMark
Event: 35.612 Executing VM operation: G1TryInitiateConcMark done
Event: 35.649 Executing VM operation: HandshakeAllThreads
Event: 35.649 Executing VM operation: HandshakeAllThreads done
Event: 35.899 Executing VM operation: G1TryInitiateConcMark
Event: 35.900 Executing VM operation: G1TryInitiateConcMark done
Event: 36.239 Executing VM operation: G1TryInitiateConcMark
Event: 36.241 Executing VM operation: G1TryInitiateConcMark done

Events (20 events):
Event: 35.652 Thread 0x000001b6ffdb9420 flushing nmethod 0x000001b6806f6790
Event: 35.652 Thread 0x000001b6ffdb9420 flushing nmethod 0x000001b6806f7790
Event: 35.652 Thread 0x000001b6ffdb9420 flushing nmethod 0x000001b6806f8d10
Event: 35.652 Thread 0x000001b6ffdb9420 flushing nmethod 0x000001b68070ce10
Event: 35.652 Thread 0x000001b6ffdb9420 flushing nmethod 0x000001b680718110
Event: 35.652 Thread 0x000001b6ffdb9420 flushing nmethod 0x000001b680718d90
Event: 35.652 Thread 0x000001b6ffdb9420 flushing nmethod 0x000001b680719890
Event: 35.652 Thread 0x000001b6ffdb9420 flushing nmethod 0x000001b680719e10
Event: 35.652 Thread 0x000001b6ffdb9420 flushing nmethod 0x000001b68071a290
Event: 35.652 Thread 0x000001b6ffdb9420 flushing nmethod 0x000001b68071ac90
Event: 35.652 Thread 0x000001b6ffdb9420 flushing nmethod 0x000001b68071ce10
Event: 35.652 Thread 0x000001b6ffdb9420 flushing nmethod 0x000001b68072d910
Event: 35.652 Thread 0x000001b6ffdb9420 flushing nmethod 0x000001b680739f90
Event: 35.652 Thread 0x000001b6ffdb9420 flushing nmethod 0x000001b68073d110
Event: 35.652 Thread 0x000001b6ffdb9420 flushing nmethod 0x000001b6807a3b10
Event: 35.652 Thread 0x000001b6ffdb9420 flushing nmethod 0x000001b6807a5d10
Event: 35.652 Thread 0x000001b6ffdb9420 flushing nmethod 0x000001b6807b0910
Event: 35.652 Thread 0x000001b6ffdb9420 flushing nmethod 0x000001b6807b0e90
Event: 35.652 Thread 0x000001b6ffdb9420 flushing nmethod 0x000001b6807bf290
Event: 35.652 Thread 0x000001b6ffdb9420 flushing nmethod 0x000001b6807cd690


Dynamic libraries:
0x00007ff634730000 - 0x00007ff63473e000 	C:\Program Files\Processing\app\resources\jdk\bin\java.exe
0x00007ffd46ff0000 - 0x00007ffd471e8000 	C:\WINDOWS\SYSTEM32\ntdll.dll
0x00007ffd46b60000 - 0x00007ffd46c22000 	C:\WINDOWS\System32\KERNEL32.DLL
0x00007ffd44a40000 - 0x00007ffd44d36000 	C:\WINDOWS\System32\KERNELBASE.dll
0x00007ffd44700000 - 0x00007ffd44800000 	C:\WINDOWS\System32\ucrtbase.dll
0x00007ffd399c0000 - 0x00007ffd399d9000 	C:\Program Files\Processing\app\resources\jdk\bin\VCRUNTIME140.dll
0x00007ffd38f50000 - 0x00007ffd38f67000 	C:\Program Files\Processing\app\resources\jdk\bin\jli.dll
0x00007ffd458a0000 - 0x00007ffd45a3d000 	C:\WINDOWS\System32\USER32.dll
0x00007ffd32250000 - 0x00007ffd324ea000 	C:\WINDOWS\WinSxS\amd64_microsoft.windows.common-controls_6595b64144ccf1df_6.0.19041.5915_none_60b4b9d171f9c7c7\COMCTL32.dll
0x00007ffd446d0000 - 0x00007ffd446f2000 	C:\WINDOWS\System32\win32u.dll
0x00007ffd45b30000 - 0x00007ffd45bce000 	C:\WINDOWS\System32\msvcrt.dll
0x00007ffd46c90000 - 0x00007ffd46cbb000 	C:\WINDOWS\System32\GDI32.dll
0x00007ffd44ef0000 - 0x00007ffd45009000 	C:\WINDOWS\System32\gdi32full.dll
0x00007ffd44d40000 - 0x00007ffd44ddd000 	C:\WINDOWS\System32\msvcp_win.dll
0x00007ffd46d20000 - 0x00007ffd46d4f000 	C:\WINDOWS\System32\IMM32.DLL
0x00007ffd3a8d0000 - 0x00007ffd3a8dc000 	C:\Program Files\Processing\app\resources\jdk\bin\vcruntime140_1.dll
0x00007ffd1d0f0000 - 0x00007ffd1d181000 	C:\Program Files\Processing\app\resources\jdk\bin\msvcp140.dll
0x00007ffcfd100000 - 0x00007ffcfdd4c000 	C:\Program Files\Processing\app\resources\jdk\bin\server\jvm.dll
0x00007ffd467c0000 - 0x00007ffd46871000 	C:\WINDOWS\System32\ADVAPI32.dll
0x00007ffd45800000 - 0x00007ffd4589f000 	C:\WINDOWS\System32\sechost.dll
0x00007ffd46e80000 - 0x00007ffd46fa3000 	C:\WINDOWS\System32\RPCRT4.dll
0x00007ffd448b0000 - 0x00007ffd448d7000 	C:\WINDOWS\System32\bcrypt.dll
0x00007ffd3fb40000 - 0x00007ffd3fb49000 	C:\WINDOWS\SYSTEM32\WSOCK32.dll
0x00007ffd444e0000 - 0x00007ffd4452b000 	C:\WINDOWS\SYSTEM32\POWRPROF.dll
0x00007ffd463c0000 - 0x00007ffd4642b000 	C:\WINDOWS\System32\WS2_32.dll
0x00007ffd32500000 - 0x00007ffd32527000 	C:\WINDOWS\SYSTEM32\WINMM.dll
0x00007ffd3d8c0000 - 0x00007ffd3d8ca000 	C:\WINDOWS\SYSTEM32\VERSION.dll
0x00007ffd444c0000 - 0x00007ffd444d2000 	C:\WINDOWS\SYSTEM32\UMPDC.dll
0x00007ffd424e0000 - 0x00007ffd424f2000 	C:\WINDOWS\SYSTEM32\kernel.appcore.dll
0x00007ffd3a4c0000 - 0x00007ffd3a4ca000 	C:\Program Files\Processing\app\resources\jdk\bin\jimage.dll
0x00007ffd39cb0000 - 0x00007ffd39eb1000 	C:\WINDOWS\SYSTEM32\DBGHELP.DLL
0x00007ffd281b0000 - 0x00007ffd281e4000 	C:\WINDOWS\SYSTEM32\dbgcore.DLL
0x00007ffd44de0000 - 0x00007ffd44e62000 	C:\WINDOWS\System32\bcryptPrimitives.dll
0x00007ffd2db70000 - 0x00007ffd2dbab000 	C:\Program Files\Processing\app\resources\jdk\bin\jdwp.dll
0x00007ffd2f8c0000 - 0x00007ffd2f8e5000 	C:\Program Files\Processing\app\resources\jdk\bin\java.dll
0x00007ffd0fee0000 - 0x00007ffd0ffb6000 	C:\Program Files\Processing\app\resources\jdk\bin\jsvml.dll
0x00007ffd45090000 - 0x00007ffd457fe000 	C:\WINDOWS\System32\SHELL32.dll
0x00007ffd42700000 - 0x00007ffd42ea4000 	C:\WINDOWS\SYSTEM32\windows.storage.dll
0x00007ffd46460000 - 0x00007ffd467b3000 	C:\WINDOWS\System32\combase.dll
0x00007ffd43fe0000 - 0x00007ffd4400b000 	C:\WINDOWS\SYSTEM32\Wldp.dll
0x00007ffd469b0000 - 0x00007ffd46a7d000 	C:\WINDOWS\System32\OLEAUT32.dll
0x00007ffd45bd0000 - 0x00007ffd45c7d000 	C:\WINDOWS\System32\SHCORE.dll
0x00007ffd45ad0000 - 0x00007ffd45b2b000 	C:\WINDOWS\System32\shlwapi.dll
0x00007ffd445b0000 - 0x00007ffd445d5000 	C:\WINDOWS\SYSTEM32\profapi.dll
0x00007ffd3a4a0000 - 0x00007ffd3a4ac000 	C:\Program Files\Processing\app\resources\jdk\bin\dt_socket.dll
0x00007ffd43a20000 - 0x00007ffd43a5b000 	C:\WINDOWS\SYSTEM32\IPHLPAPI.DLL
0x00007ffd43d40000 - 0x00007ffd43daa000 	C:\WINDOWS\system32\mswsock.dll
0x00007ffd317d0000 - 0x00007ffd317e9000 	C:\Program Files\Processing\app\resources\jdk\bin\net.dll
0x00007ffd40b80000 - 0x00007ffd40c8a000 	C:\WINDOWS\SYSTEM32\WINHTTP.dll
0x00007ffd2ab00000 - 0x00007ffd2ab15000 	C:\Program Files\Processing\app\resources\jdk\bin\nio.dll
0x00007ffd2aae0000 - 0x00007ffd2aaf8000 	C:\Program Files\Processing\app\resources\jdk\bin\zip.dll
0x00007ffd0eac0000 - 0x00007ffd0ec4e000 	C:\Program Files\Processing\app\resources\jdk\bin\awt.dll
0x00007ffd40ab0000 - 0x00007ffd40b44000 	C:\WINDOWS\SYSTEM32\apphelp.dll
0x00007ffd41fa0000 - 0x00007ffd4203e000 	C:\WINDOWS\system32\uxtheme.dll
0x00007ffd46d60000 - 0x00007ffd46e75000 	C:\WINDOWS\System32\MSCTF.dll
0x00007ffd46880000 - 0x00007ffd469ab000 	C:\WINDOWS\System32\ole32.dll
0x00007ffd421e0000 - 0x00007ffd4220f000 	C:\WINDOWS\system32\DWMAPI.DLL
0x00007ffd39130000 - 0x00007ffd39258000 	C:\WINDOWS\system32\opengl32.dll
0x00007ffd3aa50000 - 0x00007ffd3aa7c000 	C:\WINDOWS\SYSTEM32\GLU32.dll
0x00007ffd13140000 - 0x00007ffd131c6000 	C:\Program Files\Processing\app\resources\jdk\bin\freetype.dll
0x00007ffd0f750000 - 0x00007ffd0f823000 	C:\Program Files\Processing\app\resources\jdk\bin\fontmanager.dll
0x00007ffd24e40000 - 0x00007ffd24f39000 	C:\WINDOWS\SYSTEM32\textinputframework.dll
0x00007ffd400e0000 - 0x00007ffd4043b000 	C:\WINDOWS\System32\CoreUIComponents.dll
0x00007ffd40590000 - 0x00007ffd40682000 	C:\WINDOWS\System32\CoreMessaging.dll
0x00007ffd40e90000 - 0x00007ffd40fe7000 	C:\WINDOWS\SYSTEM32\wintypes.dll
0x00007ffd438b0000 - 0x00007ffd438e3000 	C:\WINDOWS\SYSTEM32\ntmarta.dll
0x00007ffd25ac0000 - 0x00007ffd25b26000 	C:\WINDOWS\system32\Oleacc.dll
0x00007ffd43f30000 - 0x00007ffd43f48000 	C:\WINDOWS\SYSTEM32\CRYPTSP.dll
0x00007ffd43660000 - 0x00007ffd43698000 	C:\WINDOWS\system32\rsaenh.dll
0x00007ffd44570000 - 0x00007ffd4459e000 	C:\WINDOWS\SYSTEM32\USERENV.dll
0x00007ffd43f50000 - 0x00007ffd43f5c000 	C:\WINDOWS\SYSTEM32\CRYPTBASE.dll
0x00007ffd46d50000 - 0x00007ffd46d58000 	C:\WINDOWS\System32\NSI.dll
0x00007ffd3c640000 - 0x00007ffd3c657000 	C:\WINDOWS\SYSTEM32\dhcpcsvc6.DLL
0x00007ffd3ce20000 - 0x00007ffd3ce3d000 	C:\WINDOWS\SYSTEM32\dhcpcsvc.DLL
0x00007ffd43a60000 - 0x00007ffd43b2a000 	C:\WINDOWS\SYSTEM32\DNSAPI.dll
0x00007ffd17250000 - 0x00007ffd17290000 	C:\Users\Ben\AppData\Local\Temp\jna-66667\jna1126143660161312712.dll
0x00007ffd46450000 - 0x00007ffd46458000 	C:\WINDOWS\System32\PSAPI.DLL
0x00007ffca4420000 - 0x00007ffcaa4a5000 	C:\Users\Ben\Documents\Processing\libraries\video\library\windows-amd64\avcodec-58.dll
0x00007ffd00bc0000 - 0x00007ffd011ca000 	C:\Users\Ben\Documents\Processing\libraries\video\library\windows-amd64\avutil-56.dll
0x00007ffd2a600000 - 0x00007ffd2a61b000 	C:\Users\Ben\Documents\Processing\libraries\video\library\windows-amd64\z-1.dll
0x00007ffd0ab10000 - 0x00007ffd0abd6000 	C:\Users\Ben\Documents\Processing\libraries\video\library\windows-amd64\swresample-3.dll
0x0000000064940000 - 0x00000000649c4000 	C:\Users\Ben\Documents\Processing\libraries\video\library\windows-amd64\libwinpthread-1.dll
0x00007ffd08e00000 - 0x00007ffd08f55000 	C:\Users\Ben\Documents\Processing\libraries\video\library\windows-amd64\avfilter-7.dll
0x00007ffcddb30000 - 0x00007ffcdfc85000 	C:\Users\Ben\Documents\Processing\libraries\video\library\windows-amd64\avformat-58.dll
0x00007ffd2a5e0000 - 0x00007ffd2a5f7000 	C:\Users\Ben\Documents\Processing\libraries\video\library\windows-amd64\bz2.dll
0x00007ffd08ac0000 - 0x00007ffd08be7000 	C:\Users\Ben\Documents\Processing\libraries\video\library\windows-amd64\cairo-2.dll
0x00007ffd3a350000 - 0x00007ffd3a357000 	C:\WINDOWS\SYSTEM32\MSIMG32.dll
0x0000000068b40000 - 0x0000000068d42000 	C:\Users\Ben\Documents\Processing\libraries\video\library\windows-amd64\libpng16-16.dll
0x00007ffd2a240000 - 0x00007ffd2a294000 	C:\Users\Ben\Documents\Processing\libraries\video\library\windows-amd64\fontconfig-1.dll
0x0000000061b80000 - 0x0000000062004000 	C:\Users\Ben\Documents\Processing\libraries\video\library\windows-amd64\libfreetype-6.dll
0x00007ffd0aa50000 - 0x00007ffd0ab01000 	C:\Users\Ben\Documents\Processing\libraries\video\library\windows-amd64\pixman-1-0.dll
0x0000000068f40000 - 0x000000006905a000 	C:\Users\Ben\Documents\Processing\libraries\video\library\windows-amd64\libexpat-1.dll
0x00007ffd39aa0000 - 0x00007ffd39aab000 	C:\Users\Ben\Documents\Processing\libraries\video\library\windows-amd64\cairo-gobject-2.dll
0x00007ffd1f6b0000 - 0x00007ffd1f702000 	C:\Users\Ben\Documents\Processing\libraries\video\library\windows-amd64\gobject-2.0-0.dll
0x00007ffd07f70000 - 0x00007ffd080d6000 	C:\Users\Ben\Documents\Processing\libraries\video\library\windows-amd64\glib-2.0-0.dll
0x00007ffd397d0000 - 0x00007ffd397dc000 	C:\Users\Ben\Documents\Processing\libraries\video\library\windows-amd64\ffi-7.dll
0x00007ffd39550000 - 0x00007ffd39557000 	C:\Users\Ben\Documents\Processing\libraries\video\library\windows-amd64\intl-8.dll
0x00007ffd2a3c0000 - 0x00007ffd2a3e9000 	C:\Users\Ben\Documents\Processing\libraries\video\library\windows-amd64\cairo-script-interpreter-2.dll
0x00007ffd2a080000 - 0x00007ffd2a0b8000 	C:\Users\Ben\Documents\Processing\libraries\video\library\windows-amd64\dv-4.dll
0x00007ffd2a010000 - 0x00007ffd2a032000 	C:\Users\Ben\Documents\Processing\libraries\video\library\windows-amd64\fribidi-0.dll
0x00007ffd25a70000 - 0x00007ffd25aba000 	C:\Users\Ben\Documents\Processing\libraries\video\library\windows-amd64\gdk_pixbuf-2.0-0.dll
0x00007ffd069d0000 - 0x00007ffd06b85000 	C:\Users\Ben\Documents\Processing\libraries\video\library\windows-amd64\gio-2.0-0.dll
0x000000006b800000 - 0x000000006ba36000 	C:\Users\Ben\Documents\Processing\libraries\video\library\windows-amd64\libjpeg-8.dll
0x00007ffd39320000 - 0x00007ffd3932a000 	C:\Users\Ben\Documents\Processing\libraries\video\library\windows-amd64\gmodule-2.0-0.dll
0x0000000000a10000 - 0x0000000000d0c000 	C:\Users\Ben\Documents\Processing\libraries\video\library\windows-amd64\libtiff-5.dll
0x00007ffd09440000 - 0x00007ffd09530000 	C:\Users\Ben\Documents\Processing\libraries\video\library\windows-amd64\ges-1.0-0.dll
0x00007ffd089f0000 - 0x00007ffd08ab2000 	C:\Users\Ben\Documents\Processing\libraries\video\library\windows-amd64\gstvideo-1.0-0.dll
0x00007ffd066a0000 - 0x00007ffd067e3000 	C:\Users\Ben\Documents\Processing\libraries\video\library\windows-amd64\gstreamer-1.0-0.dll
0x00007ffd23cb0000 - 0x00007ffd23cf3000 	C:\Users\Ben\Documents\Processing\libraries\video\library\windows-amd64\gstpbutils-1.0-0.dll
0x00007ffd0e420000 - 0x00007ffd0e4a0000 	C:\Users\Ben\Documents\Processing\libraries\video\library\windows-amd64\gstbase-1.0-0.dll
0x00007ffd2a1f0000 - 0x00007ffd2a204000 	C:\Users\Ben\Documents\Processing\libraries\video\library\windows-amd64\gstcontroller-1.0-0.dll
0x00007ffd08fa0000 - 0x00007ffd0900d000 	C:\Users\Ben\Documents\Processing\libraries\video\library\windows-amd64\gstvalidate-1.0-0.dll
0x0000000070f40000 - 0x000000007161e000 	C:\Users\Ben\Documents\Processing\libraries\video\library\windows-amd64\libxml2-2.dll
0x00007ffd07ee0000 - 0x00007ffd07f65000 	C:\Users\Ben\Documents\Processing\libraries\video\library\windows-amd64\gstaudio-1.0-0.dll
0x00007ffd1f850000 - 0x00007ffd1f890000 	C:\Users\Ben\Documents\Processing\libraries\video\library\windows-amd64\gsttag-1.0-0.dll
0x00007ffd07b70000 - 0x00007ffd07bfe000 	C:\Users\Ben\Documents\Processing\libraries\video\library\windows-amd64\orc-0.4-0.dll
0x0000000066000000 - 0x00000000661d5000 	C:\Users\Ben\Documents\Processing\libraries\video\library\windows-amd64\libiconv-2.dll
0x00007ffd29ab0000 - 0x00007ffd29ad3000 	C:\Users\Ben\Documents\Processing\libraries\video\library\windows-amd64\gstcheck-1.0-0.dll
0x00007ffd28e30000 - 0x00007ffd28e5b000 	C:\Users\Ben\Documents\Processing\libraries\video\library\windows-amd64\json-glib-1.0-0.dll
0x00007ffd29cb0000 - 0x00007ffd29ccf000 	C:\Users\Ben\Documents\Processing\libraries\video\library\windows-amd64\graphene-1.0-0.dll
0x00007ffd27120000 - 0x00007ffd2713c000 	C:\Users\Ben\Documents\Processing\libraries\video\library\windows-amd64\gstadaptivedemux-1.0-0.dll
0x00007ffd38ea0000 - 0x00007ffd38eab000 	C:\Users\Ben\Documents\Processing\libraries\video\library\windows-amd64\gsturidownloader-1.0-0.dll
0x00007ffd33be0000 - 0x00007ffd33be8000 	C:\Users\Ben\Documents\Processing\libraries\video\library\windows-amd64\gstallocators-1.0-0.dll
0x00007ffd27010000 - 0x00007ffd27025000 	C:\Users\Ben\Documents\Processing\libraries\video\library\windows-amd64\gstapp-1.0-0.dll
0x00007ffd25380000 - 0x00007ffd25393000 	C:\Users\Ben\Documents\Processing\libraries\video\library\windows-amd64\gstbadaudio-1.0-0.dll
0x00007ffd32530000 - 0x00007ffd3253b000 	C:\Users\Ben\Documents\Processing\libraries\video\library\windows-amd64\gstbasecamerabinsrc-1.0-0.dll
0x00007ffd07940000 - 0x00007ffd079c9000 	C:\Users\Ben\Documents\Processing\libraries\video\library\windows-amd64\gstcodecparsers-1.0-0.dll
0x00007ffd1f610000 - 0x00007ffd1f647000 	C:\Users\Ben\Documents\Processing\libraries\video\library\windows-amd64\gstcodecs-1.0-0.dll

dbghelp: loaded successfully - version: 4.0.5 - missing functions: none
symbol engine: initialized successfully - sym options: 0x614 - pdb path: .;C:\Program Files\Processing\app\resources\jdk\bin;C:\WINDOWS\SYSTEM32;C:\WINDOWS\WinSxS\amd64_microsoft.windows.common-controls_6595b64144ccf1df_6.0.19041.5915_none_60b4b9d171f9c7c7;C:\Program Files\Processing\app\resources\jdk\bin\server;C:\Users\Ben\AppData\Local\Temp\jna-66667;C:\Users\Ben\Documents\Processing\libraries\video\library\windows-amd64;C:\Users\Ben\Documents\Processing\libraries\video\library\windows-amd64\gstreamer-1.0;C:\WINDOWS\System32\DriverStore\FileRepository\iigd_dch.inf_amd64_53e160ba8d72b1f3;C:\Program Files\WindowsApps\Microsoft.HEVCVideoExtension_2.4.13.0_x64__8wekyb3d8bbwe\x64;C:\Program Files\WindowsApps\Microsoft.VP9VideoExtensions_1.2.6.0_x64__8wekyb3d8bbwe\x64;C:\Users\Ben\AppData\Local\Temp\nativelib-loader_10901073778631223386;C:\Users\Ben\.javacpp\cache\javacpp-1.5.8-windows-x86_64.jar\org\bytedeco\javacpp\windows-x86_64;C:\Users\Ben\.javacpp\cache\openblas-0.3.21-1.5.8-windows-x86_64.jar\org\bytedeco\openblas\windows-x86_64;C:\Users\Ben\.javacpp\cache\opencv-4.6.0-1.5.8-windows-x86_64.jar\org\bytedeco\opencv\windows-x86_64

VM Arguments:
jvm_args: -agentlib:jdwp=transport=dt_socket,address=8048,server=y,suspend=y,quiet=y -Djna.nosys=true -Djava.library.path=;C:\Program Files\Processing\app\resources\core\library;C:\Users\Ben\Documents\Processing\libraries\video\library\windows-amd64;C:\Program Files\Processing\app\resources\modes\java\libraries\serial\library;C:\Users\Ben\Documents\Processing\libraries\opencv_processing\library;C:\Users\Ben\Documents\Processing\libraries\VideoExport\library;C:\Program Files\Processing;C:\WINDOWS\system32;C:\WINDOWS;C:\WINDOWS\system32;C:\WINDOWS;C:\WINDOWS\System32\Wbem;C:\WINDOWS\System32\WindowsPowerShell\v1.0;C:\WINDOWS\System32\OpenSSH;C:\Program Files\Git\cmd;C:\Users\Ben\AppData\Local\Microsoft\WindowsApps;C:\Users\Ben\AppData\Local\Programs\Microsoft VS Code\bin;C:\Users\Ben\AppData\Local\GitHubDesktop\bin;C:\Program Files\Processing;C:\Program Files\Processing\app;. -ea 
java_command: processing.core.PApplet --editor-location=290,180 --external --display=1 --sketch-path=C:\Users\Ben\Documents\GitHub\MOARkNOBS-42\faceTimes\processing FaceSlugPrivacyTeaching
java_class_path (initial): C:\Users\Ben\AppData\Local\Temp\processing\processing2778948148543471777temp;C:\Program Files\Processing\app\resources\core\library\annotations-13.0.jar;C:\Program Files\Processing\app\resources\core\library\antlr-2.7.7.jar;C:\Program Files\Processing\app\resources\core\library\core-4.4.7.jar;C:\Program Files\Processing\app\resources\core\library\gluegen-rt-2.5.0-natives-android-aarch64.jar;C:\Program Files\Processing\app\resources\core\library\gluegen-rt-2.5.0-natives-linux-aarch64.jar;C:\Program Files\Processing\app\resources\core\library\gluegen-rt-2.5.0-natives-linux-amd64.jar;C:\Program Files\Processing\app\resources\core\library\gluegen-rt-2.5.0-natives-linux-armv6hf.jar;C:\Program Files\Processing\app\resources\core\library\gluegen-rt-2.5.0-natives-macosx-universal.jar;C:\Program Files\Processing\app\resources\core\library\gluegen-rt-2.5.0-natives-windows-amd64.jar;C:\Program Files\Processing\app\resources\core\library\gluegen-rt-2.5.0.jar;C:\Program Files\Processing\app\resources\core\library\gluegen-rt-main-2.5.0.jar;C:\Program Files\Processing\app\resources\core\library\jogl-all-2.5.0-natives-android-aarch64.jar;C:\Program Files\Processing\app\resources\core\library\jogl-all-2.5.0-natives-linux-aarch64.jar;C:\Program Files\Processing\app\resources\core\library\jogl-all-2.5.0-natives-linux-amd64.jar;C:\Program Files\Processing\app\resources\core\library\jogl-all-2.5.0-natives-linux-armv6hf.jar;C:\Program Files\Processing\app\resources\core\library\jogl-all-2.5.0-natives-macosx-universal.jar;C:\Program Files\Processing\app\resources\core\library\jogl-all-2.5.0-natives-windows-amd64.jar;C:\Program Files\Processing\app\resources\core\library\jogl-all-2.5.0.jar;C:\Program Files\Processing\app\resources\core\library\jogl-all-main-2.5.0.jar;C:\Program Files\Processing\app\resources\core\library\kotlin-stdlib-2.0.20.jar;C:\Users\Ben\Documents\Processing\libraries\video\library\gst1-java-core-1.4.0.jar;C:\Users\Ben\Documents\Processing\
Launcher Type: SUN_STANDARD

[Global flags]
     intx CICompilerCount                          = 4                                         {product} {ergonomic}
     uint ConcGCThreads                            = 2                                         {product} {ergonomic}
     uint G1ConcRefinementThreads                  = 8                                         {product} {ergonomic}
   size_t G1HeapRegionSize                         = 1048576                                   {product} {ergonomic}
    uintx GCDrainStackTargetSize                   = 64                                        {product} {ergonomic}
   size_t InitialHeapSize                          = 127926272                                 {product} {ergonomic}
   size_t MarkStackSize                            = 4194304                                   {product} {ergonomic}
   size_t MaxHeapSize                              = 2040528896                                {product} {ergonomic}
   size_t MaxNewSize                               = 1223688192                                {product} {ergonomic}
   size_t MinHeapDeltaBytes                        = 1048576                                   {product} {ergonomic}
   size_t MinHeapSize                              = 8388608                                   {product} {ergonomic}
    uintx NonNMethodCodeHeapSize                   = 5839372                                {pd product} {ergonomic}
    uintx NonProfiledCodeHeapSize                  = 122909434                              {pd product} {ergonomic}
    uintx ProfiledCodeHeapSize                     = 122909434                              {pd product} {ergonomic}
    uintx ReservedCodeCacheSize                    = 251658240                              {pd product} {ergonomic}
     bool SegmentedCodeCache                       = true                                      {product} {ergonomic}
   size_t SoftMaxHeapSize                          = 2040528896                             {manageable} {ergonomic}
     bool UseCompressedClassPointers               = true                           {product lp64_product} {ergonomic}
     bool UseCompressedOops                        = true                           {product lp64_product} {ergonomic}
     bool UseG1GC                                  = true                                      {product} {ergonomic}
     bool UseLargePagesIndividualAllocation        = false                                  {pd product} {ergonomic}

Logging:
Log output configuration:
 #0: stdout all=warning uptime,level,tags
 #1: stderr all=off uptime,level,tags

Environment Variables:
PATH=C:\WINDOWS\system32;C:\WINDOWS;C:\WINDOWS\System32\Wbem;C:\WINDOWS\System32\WindowsPowerShell\v1.0\;C:\WINDOWS\System32\OpenSSH\;C:\Program Files\Git\cmd;C:\Users\Ben\AppData\Local\Microsoft\WindowsApps;C:\Users\Ben\AppData\Local\Programs\Microsoft VS Code\bin;C:\Users\Ben\AppData\Local\GitHubDesktop\bin;C:\Program Files\Processing\;C:\Program Files\Processing\app
USERNAME=Ben
OS=Windows_NT
PROCESSOR_IDENTIFIER=Intel64 Family 6 Model 126 Stepping 5, GenuineIntel
TMP=C:\Users\Ben\AppData\Local\Temp
TEMP=C:\Users\Ben\AppData\Local\Temp



---------------  S Y S T E M  ---------------

OS:
 Windows 10 , 64 bit Build 19041 (10.0.19041.5915)
OS uptime: 79 days 4:15 hours

CPU: total 8 (initial active 8) (4 cores per cpu, 2 threads per core) family 6 model 126 stepping 5 microcode 0xc6, cx8, cmov, fxsr, ht, mmx, 3dnowpref, sse, sse2, sse3, ssse3, sse4.1, sse4.2, popcnt, lzcnt, tsc, tscinvbit, avx, avx2, aes, erms, clmul, bmi1, bmi2, adx, avx512f, avx512dq, avx512cd, avx512bw, avx512vl, sha, fma, vzeroupper, avx512_vpopcntdq, avx512_vpclmulqdq, avx512_vaes, avx512_vnni, clflush, clflushopt, avx512_vbmi2, avx512_vbmi
Processor Information for all 8 processors :
  Max Mhz: 1498, Current Mhz: 1098, Mhz Limit: 1093

Memory: 4k page, system-wide physical 7778M (1121M free)
TotalPageFile size 22893M (AvailPageFile size 4M)
current process WorkingSet (physical memory assigned to process): 463M, peak: 486M
current process commit charge ("private bytes"): 2390M, peak: 2424M

vm_info: OpenJDK 64-Bit Server VM (17.0.8.1+1) for windows-amd64 JRE (17.0.8.1+1), built on Aug 23 2023 15:29:17 by "admin" with MS VC++ 16.7 (VS2019)

END.
