#
# There is insufficient memory for the Java Runtime Environment to continue.
# Native memory allocation (malloc) failed to allocate 131312 bytes for Chunk::new
# Possible reasons:
#   The system is out of physical RAM or swap space
#   The process is running with CompressedOops enabled, and the Java Heap may be blocking the growth of the native heap
# Possible solutions:
#   Reduce memory load on the system
#   Increase physical memory or swap space
#   Check if swap backing store is full
#   Decrease Java heap size (-Xmx/-Xms)
#   Decrease number of Java threads
#   Decrease Java thread stack sizes (-Xss)
#   Set larger code cache with -XX:ReservedCodeCacheSize=
#   JVM is running with Unscaled Compressed Oops mode in which the Java heap is
#     placed in the first 4GB address space. The Java Heap base address is the
#     maximum limit for the native heap growth. Please use -XX:HeapBaseMinAddress
#     to set the Java Heap base and to place the Java Heap above 4GB virtual address.
# This output file may be truncated or incomplete.
#
#  Out of Memory Error (arena.cpp:189), pid=23992, tid=2700
#
# JRE version: OpenJDK Runtime Environment Temurin-17.0.8.1+1 (17.0.8.1+1) (build 17.0.8.1+1)
# Java VM: OpenJDK 64-Bit Server VM Temurin-17.0.8.1+1 (17.0.8.1+1, mixed mode, tiered, compressed oops, compressed class ptrs, g1 gc, windows-amd64)
# No core dump will be written. Minidumps are not enabled by default on client versions of Windows
#

---------------  S U M M A R Y ------------

Command Line: -Djpackage.app-version=4.4.7 -Dcompose.application.resources.dir=C:\Program Files\Processing\app\resources -Dcompose.application.configure.swing.globals=true -Dprocessing.version=4.4.7 -Dprocessing.revision=1307 -Dprocessing.contributions.source=https://contributions.processing.org/contribs -Dprocessing.download.page=https://processing.org/download/ -Dprocessing.download.latest=https://processing.org/download/latest.txt -Dprocessing.tutorials=https://processing.org/tutorials/ -Dsun.java2d.metal=true -Dawt.useSystemAAFontSettings=on -Dskiko.library.path=C:\Program Files\Processing\app -Djpackage.app-path=C:\Program Files\Processing\Processing.exe processing.app.ProcessingKt C:\Users\Ben\Documents\GitHub\MOARkNOBS-42\faceTimes\processing\FaceSlugPrivacyTeaching.pde

Host: Intel(R) Core(TM) i5-1035G4 CPU @ 1.10GHz, 8 cores, 7G,  Windows 10 , 64 bit Build 19041 (10.0.19041.5915)
Time: Fri Sep 19 14:02:48 2025 Central Daylight Time elapsed time: 66.476161 seconds (0d 0h 1m 6s)

---------------  T H R E A D  ---------------

Current thread (0x000001248a082240):  JavaThread "C2 CompilerThread0" daemon [_thread_in_native, id=2700, stack(0x00000021be600000,0x00000021be700000)]


Current CompileTask:
C2:  66476 9348       4       jdk.internal.jimage.ImageStringsReader::stringFromByteBufferMatches (138 bytes)

Stack: [0x00000021be600000,0x00000021be700000]
Native frames: (J=compiled Java code, j=interpreted, Vv=VM code, C=native code)
V  [jvm.dll+0x678b0a]
V  [jvm.dll+0x835e84]
V  [jvm.dll+0x83762e]
V  [jvm.dll+0x837c93]
V  [jvm.dll+0x24746f]
V  [jvm.dll+0xac20c]
V  [jvm.dll+0xac7dc]
V  [jvm.dll+0x365ca7]
V  [jvm.dll+0x1bd1f8]
V  [jvm.dll+0x219d49]
V  [jvm.dll+0x219011]
V  [jvm.dll+0x1a534d]
V  [jvm.dll+0x228d8a]
V  [jvm.dll+0x226dcc]
V  [jvm.dll+0x7ec09b]
V  [jvm.dll+0x7e64ca]
V  [jvm.dll+0x677955]
C  [ucrtbase.dll+0x21bb2]
C  [KERNEL32.DLL+0x17374]
C  [ntdll.dll+0x4cc91]


---------------  P R O C E S S  ---------------

Threads class SMR info:
_java_thread_list=0x0000012496bb3770, length=39, elements={
0x00000124e91abdc0, 0x000001248a040a20, 0x000001248a0412f0, 0x000001248a067a20,
0x000001248a0682f0, 0x000001248a06ebf0, 0x000001248a06f4c0, 0x000001248a082240,
0x000001248a082b50, 0x000001248a0a7800, 0x000001248a349a70, 0x000001248a3273f0,
0x000001248b52d8e0, 0x000001248b52e5d0, 0x000001248b52f2c0, 0x000001248b5c12f0,
0x000001248b244ea0, 0x000001248b841040, 0x000001248b83dda0, 0x000001248b83f6f0,
0x000001248b83e2b0, 0x000001248baab2a0, 0x000001248baad610, 0x000001248baa9440,
0x000001248baadb20, 0x000001248baa9e60, 0x000001248baaad90, 0x000001248b329da0,
0x000001248b32c620, 0x000001248b32a2b0, 0x000001248b32e990, 0x000001248b32bc00,
0x000001248b328960, 0x000001248b329380, 0x000001248b328e70, 0x000001248b32a7c0,
0x000001248b32d040, 0x000001248b32eea0, 0x0000012499ca5ab0
}

Java Threads: ( => current thread )
  0x00000124e91abdc0 JavaThread "main" [_thread_blocked, id=9212, stack(0x00000021bd900000,0x00000021bda00000)]
  0x000001248a040a20 JavaThread "Reference Handler" daemon [_thread_blocked, id=22828, stack(0x00000021be000000,0x00000021be100000)]
  0x000001248a0412f0 JavaThread "Finalizer" daemon [_thread_blocked, id=16660, stack(0x00000021be100000,0x00000021be200000)]
  0x000001248a067a20 JavaThread "Signal Dispatcher" daemon [_thread_blocked, id=10040, stack(0x00000021be200000,0x00000021be300000)]
  0x000001248a0682f0 JavaThread "Attach Listener" daemon [_thread_blocked, id=18620, stack(0x00000021be300000,0x00000021be400000)]
  0x000001248a06ebf0 JavaThread "Service Thread" daemon [_thread_blocked, id=21844, stack(0x00000021be400000,0x00000021be500000)]
  0x000001248a06f4c0 JavaThread "Monitor Deflation Thread" daemon [_thread_blocked, id=10064, stack(0x00000021be500000,0x00000021be600000)]
=>0x000001248a082240 JavaThread "C2 CompilerThread0" daemon [_thread_in_native, id=2700, stack(0x00000021be600000,0x00000021be700000)]
  0x000001248a082b50 JavaThread "C1 CompilerThread0" daemon [_thread_blocked, id=24236, stack(0x00000021be700000,0x00000021be800000)]
  0x000001248a0a7800 JavaThread "Sweeper thread" daemon [_thread_blocked, id=21116, stack(0x00000021be800000,0x00000021be900000)]
  0x000001248a349a70 JavaThread "Notification Thread" daemon [_thread_blocked, id=23052, stack(0x00000021be900000,0x00000021bea00000)]
  0x000001248a3273f0 JavaThread "Common-Cleaner" daemon [_thread_blocked, id=9152, stack(0x00000021beb00000,0x00000021bec00000)]
  0x000001248b52d8e0 JavaThread "Java2D Disposer" daemon [_thread_blocked, id=22480, stack(0x00000021bf000000,0x00000021bf100000)]
  0x000001248b52e5d0 JavaThread "AWT-Shutdown" [_thread_blocked, id=22100, stack(0x00000021bf100000,0x00000021bf200000)]
  0x000001248b52f2c0 JavaThread "AWT-Windows" daemon [_thread_in_native, id=21208, stack(0x00000021bf200000,0x00000021bf300000)]
  0x000001248b5c12f0 JavaThread "DefaultDispatcher-worker-1" daemon [_thread_blocked, id=9824, stack(0x00000021bf300000,0x00000021bf400000)]
  0x000001248b244ea0 JavaThread "DefaultDispatcher-worker-2" daemon [_thread_blocked, id=14476, stack(0x00000021bf400000,0x00000021bf500000)]
  0x000001248b841040 JavaThread "DefaultDispatcher-worker-3" daemon [_thread_blocked, id=10920, stack(0x00000021bf500000,0x00000021bf600000)]
  0x000001248b83dda0 JavaThread "Reference Cleaner" daemon [_thread_blocked, id=14360, stack(0x00000021bf600000,0x00000021bf700000)]
  0x000001248b83f6f0 JavaThread "kotlinx.coroutines.DefaultExecutor" daemon [_thread_blocked, id=22120, stack(0x00000021bf700000,0x00000021bf800000)]
  0x000001248b83e2b0 JavaThread "AWT-EventQueue-0" [_thread_blocked, id=18248, stack(0x00000021bf800000,0x00000021bf900000)]
  0x000001248baab2a0 JavaThread "TimerQueue" daemon [_thread_blocked, id=17288, stack(0x00000021c0200000,0x00000021c0300000)]
  0x000001248baad610 JavaThread "JNA Cleaner" daemon [_thread_blocked, id=13416, stack(0x00000021c0500000,0x00000021c0600000)]
  0x000001248baa9440 JavaThread "Timer-0" [_thread_blocked, id=8760, stack(0x00000021c0800000,0x00000021c0900000)]
  0x000001248baadb20 JavaThread "ECS" [_thread_blocked, id=16652, stack(0x00000021c0900000,0x00000021c0a00000)]
  0x000001248baa9e60 JavaThread "SingleInstance Server" [_thread_in_native, id=15852, stack(0x00000021c0c00000,0x00000021c0d00000)]
  0x000001248baaad90 JavaThread "SwingWorker-pool-3-thread-1" daemon [_thread_blocked, id=6816, stack(0x00000021c0e00000,0x00000021c0f00000)]
  0x000001248b329da0 JavaThread "SwingWorker-pool-3-thread-2" daemon [_thread_blocked, id=22976, stack(0x00000021c1000000,0x00000021c1100000)]
  0x000001248b32c620 JavaThread "ForkJoinPool.commonPool-worker-1" daemon [_thread_blocked, id=10456, stack(0x00000021c1400000,0x00000021c1500000)]
  0x000001248b32a2b0 JavaThread "pool-2-thread-1" [_thread_blocked, id=8000, stack(0x00000021c1500000,0x00000021c1600000)]
  0x000001248b32e990 JavaThread "ForkJoinPool.commonPool-worker-2" daemon [_thread_blocked, id=1728, stack(0x00000021c1600000,0x00000021c1700000)]
  0x000001248b32bc00 JavaThread "Thread-17" [_thread_blocked, id=2976, stack(0x00000021c0a00000,0x00000021c0b00000)]
  0x000001248b328960 JavaThread "Thread-18" [_thread_in_native, id=6140, stack(0x00000021c0300000,0x00000021c0400000)]
  0x000001248b329380 JavaThread "JDI Internal Event Handler" daemon [_thread_blocked, id=11828, stack(0x00000021c0b00000,0x00000021c0c00000)]
  0x000001248b328e70 JavaThread "JDI Target VM Interface" daemon [_thread_in_native, id=10244, stack(0x00000021c0d00000,0x00000021c0e00000)]
  0x000001248b32a7c0 JavaThread "Thread-19" [_thread_blocked, id=22648, stack(0x00000021c1100000,0x00000021c1200000)]
  0x000001248b32d040 JavaThread "Thread-20" [_thread_in_native, id=12448, stack(0x00000021c1200000,0x00000021c1300000)]
  0x000001248b32eea0 JavaThread "JVM stdout Reader" [_thread_in_native, id=18780, stack(0x00000021c1700000,0x00000021c1800000)]
  0x0000012499ca5ab0 JavaThread "C2 CompilerThread1" daemon [_thread_blocked, id=2720, stack(0x00000021bd600000,0x00000021bd700000)]

Other Threads:
  0x00000124fe449b00 VMThread "VM Thread" [stack: 0x00000021bdf00000,0x00000021be000000] [id=15340]
  0x00000124eb3ecce0 WatcherThread [stack: 0x00000021bea00000,0x00000021beb00000] [id=8204]
  0x00000124eb3d55c0 GCTaskThread "GC Thread#0" [stack: 0x00000021bda00000,0x00000021bdb00000] [id=12060]
  0x000001248b0508d0 GCTaskThread "GC Thread#1" [stack: 0x00000021bed00000,0x00000021bee00000] [id=22844]
  0x000001248bb5eca0 GCTaskThread "GC Thread#2" [stack: 0x00000021bee00000,0x00000021bef00000] [id=404]
  0x000001248ba49ef0 GCTaskThread "GC Thread#3" [stack: 0x00000021bec00000,0x00000021bed00000] [id=18436]
  0x000001248a461d30 GCTaskThread "GC Thread#4" [stack: 0x00000021bf900000,0x00000021bfa00000] [id=9676]
  0x000001248a461ff0 GCTaskThread "GC Thread#5" [stack: 0x00000021bfa00000,0x00000021bfb00000] [id=7108]
  0x000001248bc275e0 GCTaskThread "GC Thread#6" [stack: 0x00000021bfb00000,0x00000021bfc00000] [id=22924]
  0x000001248bc278a0 GCTaskThread "GC Thread#7" [stack: 0x00000021bfc00000,0x00000021bfd00000] [id=11776]
  0x00000124eb3e5760 ConcurrentGCThread "G1 Main Marker" [stack: 0x00000021bdb00000,0x00000021bdc00000] [id=20028]
  0x00000124eb3e6820 ConcurrentGCThread "G1 Conc#0" [stack: 0x00000021bdc00000,0x00000021bdd00000] [id=22476]
  0x000001248bdaad70 ConcurrentGCThread "G1 Conc#1" [stack: 0x00000021bef00000,0x00000021bf000000] [id=10204]
  0x00000124fe2e0a00 ConcurrentGCThread "G1 Refine#0" [stack: 0x00000021bdd00000,0x00000021bde00000] [id=13116]
  0x000001248c25bcf0 ConcurrentGCThread "G1 Refine#1" [stack: 0x00000021c1300000,0x00000021c1400000] [id=9008]
  0x00000124fe2e2250 ConcurrentGCThread "G1 Service" [stack: 0x00000021bde00000,0x00000021bdf00000] [id=6228]

Threads with active compile tasks:
C2 CompilerThread0    66553 9348       4       jdk.internal.jimage.ImageStringsReader::stringFromByteBufferMatches (138 bytes)

VM state: not at safepoint (normal execution)

VM Mutex/Monitor currently owned by a thread: None

Heap address: 0x0000000086600000, size: 1946 MB, Compressed Oops mode: 32-bit

CDS archive(s) not mapped
Compressed class space mapped at: 0x0000000100000000-0x0000000140000000, reserved size: 1073741824
Narrow klass base: 0x0000000000000000, Narrow klass shift: 3, Narrow klass range: 0x140000000

GC Precious Log:
 CPUs: 8 total, 8 available
 Memory: 7778M
 Large Page Support: Disabled
 NUMA Support: Disabled
 Compressed Oops: Enabled (32-bit)
 Heap Region Size: 1M
 Heap Min Capacity: 8M
 Heap Initial Capacity: 122M
 Heap Max Capacity: 1946M
 Pre-touch: Disabled
 Parallel Workers: 8
 Concurrent Workers: 2
 Concurrent Refinement Workers: 8
 Periodic GC: Disabled

Heap:
 garbage-first heap   total 221184K, used 76963K [0x0000000086600000, 0x0000000100000000)
  region size 1024K, 11 young (11264K), 10 survivors (10240K)
 Metaspace       used 65483K, committed 65920K, reserved 1114112K
  class space    used 7169K, committed 7360K, reserved 1048576K

Heap Regions: E=young(eden), S=young(survivor), O=old, HS=humongous(starts), HC=humongous(continues), CS=collection set, F=free, OA=open archive, CA=closed archive, TAMS=top-at-mark-start (previous, next)
|   0|0x0000000086600000, 0x0000000086700000, 0x0000000086700000|100%| O|  |TAMS 0x0000000086700000, 0x0000000086600000| Untracked 
|   1|0x0000000086700000, 0x0000000086800000, 0x0000000086800000|100%| O|  |TAMS 0x0000000086800000, 0x0000000086700000| Untracked 
|   2|0x0000000086800000, 0x0000000086900000, 0x0000000086900000|100%| O|  |TAMS 0x0000000086900000, 0x0000000086800000| Untracked 
|   3|0x0000000086900000, 0x0000000086a00000, 0x0000000086a00000|100%| O|  |TAMS 0x0000000086a00000, 0x0000000086900000| Untracked 
|   4|0x0000000086a00000, 0x0000000086b00000, 0x0000000086b00000|100%| O|  |TAMS 0x0000000086b00000, 0x0000000086a00000| Untracked 
|   5|0x0000000086b00000, 0x0000000086c00000, 0x0000000086c00000|100%| O|  |TAMS 0x0000000086c00000, 0x0000000086b00000| Untracked 
|   6|0x0000000086c00000, 0x0000000086d00000, 0x0000000086d00000|100%| O|  |TAMS 0x0000000086d00000, 0x0000000086c00000| Untracked 
|   7|0x0000000086d00000, 0x0000000086e00000, 0x0000000086e00000|100%| O|  |TAMS 0x0000000086e00000, 0x0000000086d00000| Untracked 
|   8|0x0000000086e00000, 0x0000000086f00000, 0x0000000086f00000|100%| O|  |TAMS 0x0000000086f00000, 0x0000000086e00000| Untracked 
|   9|0x0000000086f00000, 0x0000000087000000, 0x0000000087000000|100%| O|  |TAMS 0x0000000087000000, 0x0000000086f00000| Untracked 
|  10|0x0000000087000000, 0x00000000870bb000, 0x0000000087100000| 73%| O|  |TAMS 0x00000000870bb000, 0x0000000087000000| Untracked 
|  11|0x0000000087100000, 0x0000000087200000, 0x0000000087200000|100%|HS|  |TAMS 0x0000000087200000, 0x0000000087100000| Complete 
|  12|0x0000000087200000, 0x0000000087300000, 0x0000000087300000|100%|HC|  |TAMS 0x0000000087300000, 0x0000000087200000| Complete 
|  13|0x0000000087300000, 0x0000000087400000, 0x0000000087400000|100%| O|  |TAMS 0x0000000087400000, 0x0000000087300000| Untracked 
|  14|0x0000000087400000, 0x0000000087500000, 0x0000000087500000|100%| O|  |TAMS 0x0000000087500000, 0x0000000087400000| Untracked 
|  15|0x0000000087500000, 0x0000000087600000, 0x0000000087600000|100%| O|  |TAMS 0x0000000087600000, 0x0000000087500000| Untracked 
|  16|0x0000000087600000, 0x0000000087700000, 0x0000000087700000|100%| O|  |TAMS 0x0000000087700000, 0x0000000087600000| Untracked 
|  17|0x0000000087700000, 0x0000000087800000, 0x0000000087800000|100%| O|  |TAMS 0x0000000087800000, 0x0000000087700000| Untracked 
|  18|0x0000000087800000, 0x0000000087900000, 0x0000000087900000|100%| O|  |TAMS 0x0000000087900000, 0x0000000087800000| Untracked 
|  19|0x0000000087900000, 0x0000000087a00000, 0x0000000087a00000|100%| O|  |TAMS 0x0000000087a00000, 0x0000000087900000| Untracked 
|  20|0x0000000087a00000, 0x0000000087b00000, 0x0000000087b00000|100%| O|  |TAMS 0x0000000087b00000, 0x0000000087a00000| Untracked 
|  21|0x0000000087b00000, 0x0000000087c00000, 0x0000000087c00000|100%| O|  |TAMS 0x0000000087b00000, 0x0000000087b00000| Untracked 
|  22|0x0000000087c00000, 0x0000000087d00000, 0x0000000087d00000|100%| O|  |TAMS 0x0000000087d00000, 0x0000000087c00000| Untracked 
|  23|0x0000000087d00000, 0x0000000087e00000, 0x0000000087e00000|100%|HS|  |TAMS 0x0000000087e00000, 0x0000000087d00000| Complete 
|  24|0x0000000087e00000, 0x0000000087f00000, 0x0000000087f00000|100%|HC|  |TAMS 0x0000000087f00000, 0x0000000087e00000| Complete 
|  25|0x0000000087f00000, 0x0000000088000000, 0x0000000088000000|100%| O|  |TAMS 0x0000000088000000, 0x0000000087f00000| Untracked 
|  26|0x0000000088000000, 0x0000000088100000, 0x0000000088100000|100%| O|  |TAMS 0x0000000088100000, 0x0000000088000000| Untracked 
|  27|0x0000000088100000, 0x0000000088200000, 0x0000000088200000|100%| O|  |TAMS 0x0000000088200000, 0x0000000088100000| Untracked 
|  28|0x0000000088200000, 0x0000000088300000, 0x0000000088300000|100%| O|  |TAMS 0x0000000088300000, 0x0000000088200000| Untracked 
|  29|0x0000000088300000, 0x0000000088400000, 0x0000000088400000|100%|HS|  |TAMS 0x0000000088300000, 0x0000000088300000| Complete 
|  30|0x0000000088400000, 0x0000000088500000, 0x0000000088500000|100%| O|  |TAMS 0x0000000088500000, 0x0000000088400000| Untracked 
|  31|0x0000000088500000, 0x0000000088600000, 0x0000000088600000|100%| O|  |TAMS 0x0000000088600000, 0x0000000088500000| Untracked 
|  32|0x0000000088600000, 0x0000000088700000, 0x0000000088700000|100%| O|  |TAMS 0x0000000088631400, 0x0000000088600000| Untracked 
|  33|0x0000000088700000, 0x0000000088800000, 0x0000000088800000|100%|HS|  |TAMS 0x0000000088700000, 0x0000000088700000| Complete 
|  34|0x0000000088800000, 0x0000000088900000, 0x0000000088900000|100%| O|  |TAMS 0x0000000088800000, 0x0000000088800000| Untracked 
|  35|0x0000000088900000, 0x0000000088a00000, 0x0000000088a00000|100%|HS|  |TAMS 0x0000000088900000, 0x0000000088900000| Complete 
|  36|0x0000000088a00000, 0x0000000088b00000, 0x0000000088b00000|100%|HC|  |TAMS 0x0000000088a00000, 0x0000000088a00000| Complete 
|  37|0x0000000088b00000, 0x0000000088c00000, 0x0000000088c00000|100%| O|  |TAMS 0x0000000088b00000, 0x0000000088b00000| Untracked 
|  38|0x0000000088c00000, 0x0000000088d00000, 0x0000000088d00000|100%| O|  |TAMS 0x0000000088c00000, 0x0000000088c00000| Untracked 
|  39|0x0000000088d00000, 0x0000000088e00000, 0x0000000088e00000|100%| O|  |TAMS 0x0000000088d00000, 0x0000000088d00000| Untracked 
|  40|0x0000000088e00000, 0x0000000088f00000, 0x0000000088f00000|100%| O|  |TAMS 0x0000000088e00000, 0x0000000088e00000| Untracked 
|  41|0x0000000088f00000, 0x0000000089000000, 0x0000000089000000|100%| O|  |TAMS 0x0000000088f00000, 0x0000000088f00000| Untracked 
|  42|0x0000000089000000, 0x0000000089100000, 0x0000000089100000|100%| O|  |TAMS 0x0000000089000000, 0x0000000089000000| Untracked 
|  43|0x0000000089100000, 0x0000000089200000, 0x0000000089200000|100%| O|  |TAMS 0x0000000089100000, 0x0000000089100000| Untracked 
|  44|0x0000000089200000, 0x0000000089300000, 0x0000000089300000|100%| O|  |TAMS 0x0000000089200000, 0x0000000089200000| Untracked 
|  45|0x0000000089300000, 0x0000000089400000, 0x0000000089400000|100%| O|  |TAMS 0x0000000089300000, 0x0000000089300000| Untracked 
|  46|0x0000000089400000, 0x0000000089500000, 0x0000000089500000|100%| O|  |TAMS 0x0000000089400000, 0x0000000089400000| Untracked 
|  47|0x0000000089500000, 0x0000000089600000, 0x0000000089600000|100%| O|  |TAMS 0x0000000089500000, 0x0000000089500000| Untracked 
|  48|0x0000000089600000, 0x0000000089700000, 0x0000000089700000|100%| O|  |TAMS 0x0000000089600000, 0x0000000089600000| Untracked 
|  49|0x0000000089700000, 0x0000000089800000, 0x0000000089800000|100%| O|  |TAMS 0x0000000089700000, 0x0000000089700000| Untracked 
|  50|0x0000000089800000, 0x0000000089900000, 0x0000000089900000|100%| O|  |TAMS 0x0000000089800000, 0x0000000089800000| Untracked 
|  51|0x0000000089900000, 0x0000000089a00000, 0x0000000089a00000|100%| O|  |TAMS 0x0000000089900000, 0x0000000089900000| Untracked 
|  52|0x0000000089a00000, 0x0000000089b00000, 0x0000000089b00000|100%| O|  |TAMS 0x0000000089a00000, 0x0000000089a00000| Untracked 
|  53|0x0000000089b00000, 0x0000000089c00000, 0x0000000089c00000|100%| O|  |TAMS 0x0000000089b00000, 0x0000000089b00000| Untracked 
|  54|0x0000000089c00000, 0x0000000089d00000, 0x0000000089d00000|100%| O|  |TAMS 0x0000000089c00000, 0x0000000089c00000| Untracked 
|  55|0x0000000089d00000, 0x0000000089e00000, 0x0000000089e00000|100%|HS|  |TAMS 0x0000000089d00000, 0x0000000089d00000| Complete 
|  56|0x0000000089e00000, 0x0000000089f00000, 0x0000000089f00000|100%|HC|  |TAMS 0x0000000089e00000, 0x0000000089e00000| Complete 
|  57|0x0000000089f00000, 0x000000008a000000, 0x000000008a000000|100%| O|  |TAMS 0x0000000089f00000, 0x0000000089f00000| Untracked 
|  58|0x000000008a000000, 0x000000008a100000, 0x000000008a100000|100%| O|  |TAMS 0x000000008a000000, 0x000000008a000000| Untracked 
|  59|0x000000008a100000, 0x000000008a200000, 0x000000008a200000|100%|HS|  |TAMS 0x000000008a100000, 0x000000008a100000| Complete 
|  60|0x000000008a200000, 0x000000008a300000, 0x000000008a300000|100%|HC|  |TAMS 0x000000008a200000, 0x000000008a200000| Complete 
|  61|0x000000008a300000, 0x000000008a400000, 0x000000008a400000|100%| O|  |TAMS 0x000000008a300000, 0x000000008a300000| Untracked 
|  62|0x000000008a400000, 0x000000008a500000, 0x000000008a500000|100%| O|  |TAMS 0x000000008a400000, 0x000000008a400000| Untracked 
|  63|0x000000008a500000, 0x000000008a600000, 0x000000008a600000|100%| O|  |TAMS 0x000000008a500000, 0x000000008a500000| Untracked 
|  64|0x000000008a600000, 0x000000008a700000, 0x000000008a700000|100%| O|  |TAMS 0x000000008a600000, 0x000000008a600000| Untracked 
|  65|0x000000008a700000, 0x000000008a800000, 0x000000008a800000|100%| O|  |TAMS 0x000000008a700000, 0x000000008a700000| Untracked 
|  66|0x000000008a800000, 0x000000008a825800, 0x000000008a900000| 14%| O|  |TAMS 0x000000008a800000, 0x000000008a800000| Untracked 
|  67|0x000000008a900000, 0x000000008a900000, 0x000000008aa00000|  0%| F|  |TAMS 0x000000008a900000, 0x000000008a900000| Untracked 
|  68|0x000000008aa00000, 0x000000008aa00000, 0x000000008ab00000|  0%| F|  |TAMS 0x000000008aa00000, 0x000000008aa00000| Untracked 
|  69|0x000000008ab00000, 0x000000008ab00000, 0x000000008ac00000|  0%| F|  |TAMS 0x000000008ab00000, 0x000000008ab00000| Untracked 
|  70|0x000000008ac00000, 0x000000008ac00000, 0x000000008ad00000|  0%| F|  |TAMS 0x000000008ac00000, 0x000000008ac00000| Untracked 
|  71|0x000000008ad00000, 0x000000008ad00000, 0x000000008ae00000|  0%| F|  |TAMS 0x000000008ad00000, 0x000000008ad00000| Untracked 
|  72|0x000000008ae00000, 0x000000008ae00000, 0x000000008af00000|  0%| F|  |TAMS 0x000000008ae00000, 0x000000008ae00000| Untracked 
|  73|0x000000008af00000, 0x000000008af00000, 0x000000008b000000|  0%| F|  |TAMS 0x000000008af00000, 0x000000008af00000| Untracked 
|  74|0x000000008b000000, 0x000000008b000000, 0x000000008b100000|  0%| F|  |TAMS 0x000000008b000000, 0x000000008b000000| Untracked 
|  75|0x000000008b100000, 0x000000008b100000, 0x000000008b200000|  0%| F|  |TAMS 0x000000008b100000, 0x000000008b100000| Untracked 
|  76|0x000000008b200000, 0x000000008b200000, 0x000000008b300000|  0%| F|  |TAMS 0x000000008b200000, 0x000000008b200000| Untracked 
|  77|0x000000008b300000, 0x000000008b300000, 0x000000008b400000|  0%| F|  |TAMS 0x000000008b300000, 0x000000008b300000| Untracked 
|  78|0x000000008b400000, 0x000000008b400000, 0x000000008b500000|  0%| F|  |TAMS 0x000000008b400000, 0x000000008b400000| Untracked 
|  79|0x000000008b500000, 0x000000008b500000, 0x000000008b600000|  0%| F|  |TAMS 0x000000008b500000, 0x000000008b500000| Untracked 
|  80|0x000000008b600000, 0x000000008b600000, 0x000000008b700000|  0%| F|  |TAMS 0x000000008b600000, 0x000000008b600000| Untracked 
|  81|0x000000008b700000, 0x000000008b700000, 0x000000008b800000|  0%| F|  |TAMS 0x000000008b700000, 0x000000008b700000| Untracked 
|  82|0x000000008b800000, 0x000000008b800000, 0x000000008b900000|  0%| F|  |TAMS 0x000000008b800000, 0x000000008b800000| Untracked 
|  83|0x000000008b900000, 0x000000008b900000, 0x000000008ba00000|  0%| F|  |TAMS 0x000000008b900000, 0x000000008b900000| Untracked 
|  84|0x000000008ba00000, 0x000000008ba00000, 0x000000008bb00000|  0%| F|  |TAMS 0x000000008ba00000, 0x000000008ba00000| Untracked 
|  85|0x000000008bb00000, 0x000000008bb00000, 0x000000008bc00000|  0%| F|  |TAMS 0x000000008bb00000, 0x000000008bb00000| Untracked 
|  86|0x000000008bc00000, 0x000000008bc00000, 0x000000008bd00000|  0%| F|  |TAMS 0x000000008bc00000, 0x000000008bc00000| Untracked 
|  87|0x000000008bd00000, 0x000000008bd00000, 0x000000008be00000|  0%| F|  |TAMS 0x000000008bd00000, 0x000000008bd00000| Untracked 
|  88|0x000000008be00000, 0x000000008be00000, 0x000000008bf00000|  0%| F|  |TAMS 0x000000008be00000, 0x000000008be00000| Untracked 
|  89|0x000000008bf00000, 0x000000008bf00000, 0x000000008c000000|  0%| F|  |TAMS 0x000000008bf00000, 0x000000008bf00000| Untracked 
|  90|0x000000008c000000, 0x000000008c000000, 0x000000008c100000|  0%| F|  |TAMS 0x000000008c000000, 0x000000008c000000| Untracked 
|  91|0x000000008c100000, 0x000000008c100000, 0x000000008c200000|  0%| F|  |TAMS 0x000000008c100000, 0x000000008c100000| Untracked 
|  92|0x000000008c200000, 0x000000008c200000, 0x000000008c300000|  0%| F|  |TAMS 0x000000008c200000, 0x000000008c200000| Untracked 
|  93|0x000000008c300000, 0x000000008c300000, 0x000000008c400000|  0%| F|  |TAMS 0x000000008c300000, 0x000000008c300000| Untracked 
|  94|0x000000008c400000, 0x000000008c400000, 0x000000008c500000|  0%| F|  |TAMS 0x000000008c400000, 0x000000008c400000| Untracked 
|  95|0x000000008c500000, 0x000000008c500000, 0x000000008c600000|  0%| F|  |TAMS 0x000000008c500000, 0x000000008c500000| Untracked 
|  96|0x000000008c600000, 0x000000008c600000, 0x000000008c700000|  0%| F|  |TAMS 0x000000008c600000, 0x000000008c600000| Untracked 
|  97|0x000000008c700000, 0x000000008c700000, 0x000000008c800000|  0%| F|  |TAMS 0x000000008c700000, 0x000000008c700000| Untracked 
|  98|0x000000008c800000, 0x000000008c800000, 0x000000008c900000|  0%| F|  |TAMS 0x000000008c800000, 0x000000008c800000| Untracked 
|  99|0x000000008c900000, 0x000000008c900000, 0x000000008ca00000|  0%| F|  |TAMS 0x000000008c900000, 0x000000008c900000| Untracked 
| 100|0x000000008ca00000, 0x000000008ca00000, 0x000000008cb00000|  0%| F|  |TAMS 0x000000008ca00000, 0x000000008ca00000| Untracked 
| 101|0x000000008cb00000, 0x000000008cb00000, 0x000000008cc00000|  0%| F|  |TAMS 0x000000008cb00000, 0x000000008cb00000| Untracked 
| 102|0x000000008cc00000, 0x000000008cc00000, 0x000000008cd00000|  0%| F|  |TAMS 0x000000008cc00000, 0x000000008cc00000| Untracked 
| 103|0x000000008cd00000, 0x000000008cd00000, 0x000000008ce00000|  0%| F|  |TAMS 0x000000008cd00000, 0x000000008cd00000| Untracked 
| 104|0x000000008ce00000, 0x000000008ce00000, 0x000000008cf00000|  0%| F|  |TAMS 0x000000008ce00000, 0x000000008ce00000| Untracked 
| 105|0x000000008cf00000, 0x000000008cf00000, 0x000000008d000000|  0%| F|  |TAMS 0x000000008cf00000, 0x000000008cf00000| Untracked 
| 106|0x000000008d000000, 0x000000008d0485d8, 0x000000008d100000| 28%| S|CS|TAMS 0x000000008d000000, 0x000000008d000000| Complete 
| 107|0x000000008d100000, 0x000000008d200000, 0x000000008d200000|100%| S|CS|TAMS 0x000000008d100000, 0x000000008d100000| Complete 
| 108|0x000000008d200000, 0x000000008d300000, 0x000000008d300000|100%| S|CS|TAMS 0x000000008d200000, 0x000000008d200000| Complete 
| 109|0x000000008d300000, 0x000000008d400000, 0x000000008d400000|100%| S|CS|TAMS 0x000000008d300000, 0x000000008d300000| Complete 
| 110|0x000000008d400000, 0x000000008d500000, 0x000000008d500000|100%| S|CS|TAMS 0x000000008d400000, 0x000000008d400000| Complete 
| 111|0x000000008d500000, 0x000000008d600000, 0x000000008d600000|100%| S|CS|TAMS 0x000000008d500000, 0x000000008d500000| Complete 
| 112|0x000000008d600000, 0x000000008d700000, 0x000000008d700000|100%| S|CS|TAMS 0x000000008d600000, 0x000000008d600000| Complete 
| 113|0x000000008d700000, 0x000000008d700000, 0x000000008d800000|  0%| F|  |TAMS 0x000000008d700000, 0x000000008d700000| Untracked 
| 114|0x000000008d800000, 0x000000008d800000, 0x000000008d900000|  0%| F|  |TAMS 0x000000008d800000, 0x000000008d800000| Untracked 
| 115|0x000000008d900000, 0x000000008d900000, 0x000000008da00000|  0%| F|  |TAMS 0x000000008d900000, 0x000000008d900000| Untracked 
| 116|0x000000008da00000, 0x000000008da00000, 0x000000008db00000|  0%| F|  |TAMS 0x000000008da00000, 0x000000008da00000| Untracked 
| 117|0x000000008db00000, 0x000000008db00000, 0x000000008dc00000|  0%| F|  |TAMS 0x000000008db00000, 0x000000008db00000| Untracked 
| 118|0x000000008dc00000, 0x000000008dc00000, 0x000000008dd00000|  0%| F|  |TAMS 0x000000008dc00000, 0x000000008dc00000| Untracked 
| 119|0x000000008dd00000, 0x000000008dd00000, 0x000000008de00000|  0%| F|  |TAMS 0x000000008dd00000, 0x000000008dd00000| Untracked 
| 120|0x000000008de00000, 0x000000008df00000, 0x000000008df00000|100%| S|CS|TAMS 0x000000008de00000, 0x000000008de00000| Complete 
| 121|0x000000008df00000, 0x000000008e000000, 0x000000008e000000|100%| S|CS|TAMS 0x000000008df00000, 0x000000008df00000| Complete 
| 122|0x000000008e000000, 0x000000008e100000, 0x000000008e100000|100%| S|CS|TAMS 0x000000008e000000, 0x000000008e000000| Complete 
| 123|0x000000008e100000, 0x000000008e100000, 0x000000008e200000|  0%| F|  |TAMS 0x000000008e100000, 0x000000008e100000| Untracked 
| 124|0x000000008e200000, 0x000000008e200000, 0x000000008e300000|  0%| F|  |TAMS 0x000000008e200000, 0x000000008e200000| Untracked 
| 125|0x000000008e300000, 0x000000008e300000, 0x000000008e400000|  0%| F|  |TAMS 0x000000008e300000, 0x000000008e300000| Untracked 
| 126|0x000000008e400000, 0x000000008e400000, 0x000000008e500000|  0%| F|  |TAMS 0x000000008e400000, 0x000000008e400000| Untracked 
| 127|0x000000008e500000, 0x000000008e500000, 0x000000008e600000|  0%| F|  |TAMS 0x000000008e500000, 0x000000008e500000| Untracked 
| 128|0x000000008e600000, 0x000000008e600000, 0x000000008e700000|  0%| F|  |TAMS 0x000000008e600000, 0x000000008e600000| Untracked 
| 129|0x000000008e700000, 0x000000008e700000, 0x000000008e800000|  0%| F|  |TAMS 0x000000008e700000, 0x000000008e700000| Untracked 
| 130|0x000000008e800000, 0x000000008e800000, 0x000000008e900000|  0%| F|  |TAMS 0x000000008e800000, 0x000000008e800000| Untracked 
| 131|0x000000008e900000, 0x000000008e900000, 0x000000008ea00000|  0%| F|  |TAMS 0x000000008e900000, 0x000000008e900000| Untracked 
| 132|0x000000008ea00000, 0x000000008ea00000, 0x000000008eb00000|  0%| F|  |TAMS 0x000000008ea00000, 0x000000008ea00000| Untracked 
| 133|0x000000008eb00000, 0x000000008eb00000, 0x000000008ec00000|  0%| F|  |TAMS 0x000000008eb00000, 0x000000008eb00000| Untracked 
| 134|0x000000008ec00000, 0x000000008ec00000, 0x000000008ed00000|  0%| F|  |TAMS 0x000000008ec00000, 0x000000008ec00000| Untracked 
| 135|0x000000008ed00000, 0x000000008ed00000, 0x000000008ee00000|  0%| F|  |TAMS 0x000000008ed00000, 0x000000008ed00000| Untracked 
| 136|0x000000008ee00000, 0x000000008ee00000, 0x000000008ef00000|  0%| F|  |TAMS 0x000000008ee00000, 0x000000008ee00000| Untracked 
| 137|0x000000008ef00000, 0x000000008ef00000, 0x000000008f000000|  0%| F|  |TAMS 0x000000008ef00000, 0x000000008ef00000| Untracked 
| 138|0x000000008f000000, 0x000000008f000000, 0x000000008f100000|  0%| F|  |TAMS 0x000000008f000000, 0x000000008f000000| Untracked 
| 139|0x000000008f100000, 0x000000008f100000, 0x000000008f200000|  0%| F|  |TAMS 0x000000008f100000, 0x000000008f100000| Untracked 
| 140|0x000000008f200000, 0x000000008f200000, 0x000000008f300000|  0%| F|  |TAMS 0x000000008f200000, 0x000000008f200000| Untracked 
| 141|0x000000008f300000, 0x000000008f300000, 0x000000008f400000|  0%| F|  |TAMS 0x000000008f300000, 0x000000008f300000| Untracked 
| 142|0x000000008f400000, 0x000000008f400000, 0x000000008f500000|  0%| F|  |TAMS 0x000000008f400000, 0x000000008f400000| Untracked 
| 143|0x000000008f500000, 0x000000008f500000, 0x000000008f600000|  0%| F|  |TAMS 0x000000008f500000, 0x000000008f500000| Untracked 
| 144|0x000000008f600000, 0x000000008f600000, 0x000000008f700000|  0%| F|  |TAMS 0x000000008f600000, 0x000000008f600000| Untracked 
| 145|0x000000008f700000, 0x000000008f700000, 0x000000008f800000|  0%| F|  |TAMS 0x000000008f700000, 0x000000008f700000| Untracked 
| 146|0x000000008f800000, 0x000000008f800000, 0x000000008f900000|  0%| F|  |TAMS 0x000000008f800000, 0x000000008f800000| Untracked 
| 147|0x000000008f900000, 0x000000008f900000, 0x000000008fa00000|  0%| F|  |TAMS 0x000000008f900000, 0x000000008f900000| Untracked 
| 148|0x000000008fa00000, 0x000000008fa00000, 0x000000008fb00000|  0%| F|  |TAMS 0x000000008fa00000, 0x000000008fa00000| Untracked 
| 149|0x000000008fb00000, 0x000000008fb00000, 0x000000008fc00000|  0%| F|  |TAMS 0x000000008fb00000, 0x000000008fb00000| Untracked 
| 150|0x000000008fc00000, 0x000000008fc00000, 0x000000008fd00000|  0%| F|  |TAMS 0x000000008fc00000, 0x000000008fc00000| Untracked 
| 151|0x000000008fd00000, 0x000000008fd00000, 0x000000008fe00000|  0%| F|  |TAMS 0x000000008fd00000, 0x000000008fd00000| Untracked 
| 152|0x000000008fe00000, 0x000000008fe00000, 0x000000008ff00000|  0%| F|  |TAMS 0x000000008fe00000, 0x000000008fe00000| Untracked 
| 153|0x000000008ff00000, 0x000000008ff00000, 0x0000000090000000|  0%| F|  |TAMS 0x000000008ff00000, 0x000000008ff00000| Untracked 
| 154|0x0000000090000000, 0x0000000090000000, 0x0000000090100000|  0%| F|  |TAMS 0x0000000090000000, 0x0000000090000000| Untracked 
| 155|0x0000000090100000, 0x0000000090100000, 0x0000000090200000|  0%| F|  |TAMS 0x0000000090100000, 0x0000000090100000| Untracked 
| 156|0x0000000090200000, 0x0000000090200000, 0x0000000090300000|  0%| F|  |TAMS 0x0000000090200000, 0x0000000090200000| Untracked 
| 157|0x0000000090300000, 0x0000000090300000, 0x0000000090400000|  0%| F|  |TAMS 0x0000000090300000, 0x0000000090300000| Untracked 
| 158|0x0000000090400000, 0x0000000090400000, 0x0000000090500000|  0%| F|  |TAMS 0x0000000090400000, 0x0000000090400000| Untracked 
| 159|0x0000000090500000, 0x0000000090500000, 0x0000000090600000|  0%| F|  |TAMS 0x0000000090500000, 0x0000000090500000| Untracked 
| 160|0x0000000090600000, 0x0000000090600000, 0x0000000090700000|  0%| F|  |TAMS 0x0000000090600000, 0x0000000090600000| Untracked 
| 161|0x0000000090700000, 0x0000000090700000, 0x0000000090800000|  0%| F|  |TAMS 0x0000000090700000, 0x0000000090700000| Untracked 
| 162|0x0000000090800000, 0x0000000090800000, 0x0000000090900000|  0%| F|  |TAMS 0x0000000090800000, 0x0000000090800000| Untracked 
| 163|0x0000000090900000, 0x0000000090900000, 0x0000000090a00000|  0%| F|  |TAMS 0x0000000090900000, 0x0000000090900000| Untracked 
| 164|0x0000000090a00000, 0x0000000090a00000, 0x0000000090b00000|  0%| F|  |TAMS 0x0000000090a00000, 0x0000000090a00000| Untracked 
| 165|0x0000000090b00000, 0x0000000090b00000, 0x0000000090c00000|  0%| F|  |TAMS 0x0000000090b00000, 0x0000000090b00000| Untracked 
| 166|0x0000000090c00000, 0x0000000090c00000, 0x0000000090d00000|  0%| F|  |TAMS 0x0000000090c00000, 0x0000000090c00000| Untracked 
| 167|0x0000000090d00000, 0x0000000090d00000, 0x0000000090e00000|  0%| F|  |TAMS 0x0000000090d00000, 0x0000000090d00000| Untracked 
| 168|0x0000000090e00000, 0x0000000090e00000, 0x0000000090f00000|  0%| F|  |TAMS 0x0000000090e00000, 0x0000000090e00000| Untracked 
| 169|0x0000000090f00000, 0x0000000090f00000, 0x0000000091000000|  0%| F|  |TAMS 0x0000000090f00000, 0x0000000090f00000| Untracked 
| 170|0x0000000091000000, 0x0000000091000000, 0x0000000091100000|  0%| F|  |TAMS 0x0000000091000000, 0x0000000091000000| Untracked 
| 171|0x0000000091100000, 0x0000000091100000, 0x0000000091200000|  0%| F|  |TAMS 0x0000000091100000, 0x0000000091100000| Untracked 
| 172|0x0000000091200000, 0x0000000091200000, 0x0000000091300000|  0%| F|  |TAMS 0x0000000091200000, 0x0000000091200000| Untracked 
| 173|0x0000000091300000, 0x0000000091300000, 0x0000000091400000|  0%| F|  |TAMS 0x0000000091300000, 0x0000000091300000| Untracked 
| 174|0x0000000091400000, 0x0000000091400000, 0x0000000091500000|  0%| F|  |TAMS 0x0000000091400000, 0x0000000091400000| Untracked 
| 175|0x0000000091500000, 0x0000000091500000, 0x0000000091600000|  0%| F|  |TAMS 0x0000000091500000, 0x0000000091500000| Untracked 
| 176|0x0000000091600000, 0x0000000091600000, 0x0000000091700000|  0%| F|  |TAMS 0x0000000091600000, 0x0000000091600000| Untracked 
| 177|0x0000000091700000, 0x0000000091700000, 0x0000000091800000|  0%| F|  |TAMS 0x0000000091700000, 0x0000000091700000| Untracked 
| 178|0x0000000091800000, 0x0000000091800000, 0x0000000091900000|  0%| F|  |TAMS 0x0000000091800000, 0x0000000091800000| Untracked 
| 179|0x0000000091900000, 0x0000000091900000, 0x0000000091a00000|  0%| F|  |TAMS 0x0000000091900000, 0x0000000091900000| Untracked 
| 180|0x0000000091a00000, 0x0000000091a00000, 0x0000000091b00000|  0%| F|  |TAMS 0x0000000091a00000, 0x0000000091a00000| Untracked 
| 181|0x0000000091b00000, 0x0000000091b00000, 0x0000000091c00000|  0%| F|  |TAMS 0x0000000091b00000, 0x0000000091b00000| Untracked 
| 182|0x0000000091c00000, 0x0000000091c00000, 0x0000000091d00000|  0%| F|  |TAMS 0x0000000091c00000, 0x0000000091c00000| Untracked 
| 183|0x0000000091d00000, 0x0000000091d00000, 0x0000000091e00000|  0%| F|  |TAMS 0x0000000091d00000, 0x0000000091d00000| Untracked 
| 184|0x0000000091e00000, 0x0000000091e00000, 0x0000000091f00000|  0%| F|  |TAMS 0x0000000091e00000, 0x0000000091e00000| Untracked 
| 185|0x0000000091f00000, 0x0000000091f00000, 0x0000000092000000|  0%| F|  |TAMS 0x0000000091f00000, 0x0000000091f00000| Untracked 
| 186|0x0000000092000000, 0x0000000092000000, 0x0000000092100000|  0%| F|  |TAMS 0x0000000092000000, 0x0000000092000000| Untracked 
| 187|0x0000000092100000, 0x0000000092100000, 0x0000000092200000|  0%| F|  |TAMS 0x0000000092100000, 0x0000000092100000| Untracked 
| 188|0x0000000092200000, 0x0000000092200000, 0x0000000092300000|  0%| F|  |TAMS 0x0000000092200000, 0x0000000092200000| Untracked 
| 189|0x0000000092300000, 0x0000000092300000, 0x0000000092400000|  0%| F|  |TAMS 0x0000000092300000, 0x0000000092300000| Untracked 
| 190|0x0000000092400000, 0x0000000092400000, 0x0000000092500000|  0%| F|  |TAMS 0x0000000092400000, 0x0000000092400000| Untracked 
| 191|0x0000000092500000, 0x0000000092500000, 0x0000000092600000|  0%| F|  |TAMS 0x0000000092500000, 0x0000000092500000| Untracked 
| 192|0x0000000092600000, 0x0000000092600000, 0x0000000092700000|  0%| F|  |TAMS 0x0000000092600000, 0x0000000092600000| Untracked 
| 193|0x0000000092700000, 0x0000000092700000, 0x0000000092800000|  0%| F|  |TAMS 0x0000000092700000, 0x0000000092700000| Untracked 
| 194|0x0000000092800000, 0x0000000092800000, 0x0000000092900000|  0%| F|  |TAMS 0x0000000092800000, 0x0000000092800000| Untracked 
| 195|0x0000000092900000, 0x0000000092900000, 0x0000000092a00000|  0%| F|  |TAMS 0x0000000092900000, 0x0000000092900000| Untracked 
| 196|0x0000000092a00000, 0x0000000092a00000, 0x0000000092b00000|  0%| F|  |TAMS 0x0000000092a00000, 0x0000000092a00000| Untracked 
| 197|0x0000000092b00000, 0x0000000092b00000, 0x0000000092c00000|  0%| F|  |TAMS 0x0000000092b00000, 0x0000000092b00000| Untracked 
| 198|0x0000000092c00000, 0x0000000092c00000, 0x0000000092d00000|  0%| F|  |TAMS 0x0000000092c00000, 0x0000000092c00000| Untracked 
| 199|0x0000000092d00000, 0x0000000092d00000, 0x0000000092e00000|  0%| F|  |TAMS 0x0000000092d00000, 0x0000000092d00000| Untracked 
| 200|0x0000000092e00000, 0x0000000092e00000, 0x0000000092f00000|  0%| F|  |TAMS 0x0000000092e00000, 0x0000000092e00000| Untracked 
| 201|0x0000000092f00000, 0x0000000092f00000, 0x0000000093000000|  0%| F|  |TAMS 0x0000000092f00000, 0x0000000092f00000| Untracked 
| 202|0x0000000093000000, 0x0000000093000000, 0x0000000093100000|  0%| F|  |TAMS 0x0000000093000000, 0x0000000093000000| Untracked 
| 203|0x0000000093100000, 0x0000000093100000, 0x0000000093200000|  0%| F|  |TAMS 0x0000000093100000, 0x0000000093100000| Untracked 
| 204|0x0000000093200000, 0x0000000093200000, 0x0000000093300000|  0%| F|  |TAMS 0x0000000093200000, 0x0000000093200000| Untracked 
| 205|0x0000000093300000, 0x0000000093300000, 0x0000000093400000|  0%| F|  |TAMS 0x0000000093300000, 0x0000000093300000| Untracked 
| 206|0x0000000093400000, 0x0000000093400000, 0x0000000093500000|  0%| F|  |TAMS 0x0000000093400000, 0x0000000093400000| Untracked 
| 207|0x0000000093500000, 0x0000000093500000, 0x0000000093600000|  0%| F|  |TAMS 0x0000000093500000, 0x0000000093500000| Untracked 
| 208|0x0000000093600000, 0x0000000093600000, 0x0000000093700000|  0%| F|  |TAMS 0x0000000093600000, 0x0000000093600000| Untracked 
| 209|0x0000000093700000, 0x0000000093700000, 0x0000000093800000|  0%| F|  |TAMS 0x0000000093700000, 0x0000000093700000| Untracked 
| 210|0x0000000093800000, 0x0000000093800000, 0x0000000093900000|  0%| F|  |TAMS 0x0000000093800000, 0x0000000093800000| Untracked 
| 211|0x0000000093900000, 0x0000000093900000, 0x0000000093a00000|  0%| F|  |TAMS 0x0000000093900000, 0x0000000093900000| Untracked 
| 212|0x0000000093a00000, 0x0000000093a00000, 0x0000000093b00000|  0%| F|  |TAMS 0x0000000093a00000, 0x0000000093a00000| Untracked 
| 213|0x0000000093b00000, 0x0000000093b00000, 0x0000000093c00000|  0%| F|  |TAMS 0x0000000093b00000, 0x0000000093b00000| Untracked 
| 214|0x0000000093c00000, 0x0000000093c00000, 0x0000000093d00000|  0%| F|  |TAMS 0x0000000093c00000, 0x0000000093c00000| Untracked 
| 215|0x0000000093d00000, 0x0000000093de3670, 0x0000000093e00000| 88%| E|  |TAMS 0x0000000093d00000, 0x0000000093d00000| Complete 

Card table byte_map: [0x00000124fdab0000,0x00000124fde80000] _byte_map_base: 0x00000124fd67d000

Marking Bits (Prev, Next): (CMBitMap*) 0x00000124eb3d5b30, (CMBitMap*) 0x00000124eb3d5af0
 Prev Bits: [0x0000012481e70000, 0x0000012483cd8000)
 Next Bits: [0x0000012480000000, 0x0000012481e68000)

Polling page: 0x00000124eaad0000

Metaspace:

Usage:
  Non-class:     56.95 MB used.
      Class:      7.00 MB used.
       Both:     63.95 MB used.

Virtual space:
  Non-class space:       64.00 MB reserved,      57.19 MB ( 89%) committed,  1 nodes.
      Class space:        1.00 GB reserved,       7.19 MB ( <1%) committed,  1 nodes.
             Both:        1.06 GB reserved,      64.38 MB (  6%) committed. 

Chunk freelists:
   Non-Class:  5.98 MB
       Class:  8.78 MB
        Both:  14.77 MB

MaxMetaspaceSize: unlimited
CompressedClassSpaceSize: 1.00 GB
Initial GC threshold: 21.00 MB
Current GC threshold: 80.12 MB
CDS: off
MetaspaceReclaimPolicy: balanced
 - commit_granule_bytes: 65536.
 - commit_granule_words: 8192.
 - virtual_space_node_default_size: 8388608.
 - enlarge_chunks_in_place: 1.
 - new_chunks_are_fully_committed: 0.
 - uncommit_free_chunks: 1.
 - use_allocation_guard: 0.
 - handle_deallocations: 1.


Internal statistics:

num_allocs_failed_limit: 6.
num_arena_births: 474.
num_arena_deaths: 0.
num_vsnodes_births: 2.
num_vsnodes_deaths: 0.
num_space_committed: 1030.
num_space_uncommitted: 0.
num_chunks_returned_to_freelist: 6.
num_chunks_taken_from_freelist: 1994.
num_chunk_merges: 3.
num_chunk_splits: 1415.
num_chunks_enlarged: 1089.
num_inconsistent_stats: 0.

CodeHeap 'non-profiled nmethods': size=120000Kb used=4991Kb max_used=4991Kb free=115008Kb
 bounds [0x00000124f5e70000, 0x00000124f6350000, 0x00000124fd3a0000]
CodeHeap 'profiled nmethods': size=120000Kb used=16011Kb max_used=16011Kb free=103988Kb
 bounds [0x00000124ee3a0000, 0x00000124ef350000, 0x00000124f58d0000]
CodeHeap 'non-nmethods': size=5760Kb used=1782Kb max_used=1863Kb free=3977Kb
 bounds [0x00000124f58d0000, 0x00000124f5b40000, 0x00000124f5e70000]
 total_blobs=8975 nmethods=7743 adapters=1143
 compilation: enabled
              stopped_count=0, restarted_count=0
 full_count=0

Compilation events (20 events):
Event: 66.460 Thread 0x000001248a082b50 nmethod 9351 0x00000124ef321790 code [0x00000124ef321940, 0x00000124ef321be8]
Event: 66.460 Thread 0x000001248a082b50 9352       3       jdk.internal.jimage.BasicImageReader::releaseByteBuffer (16 bytes)
Event: 66.460 Thread 0x000001248a082b50 nmethod 9352 0x00000124ef321d10 code [0x00000124ef321ec0, 0x00000124ef322108]
Event: 66.461 Thread 0x000001248a082b50 9353       3       com.sun.tools.jdi.PacketStream::readObjectRef (12 bytes)
Event: 66.461 Thread 0x000001248a082b50 nmethod 9353 0x00000124ef322210 code [0x00000124ef3223c0, 0x00000124ef322508]
Event: 66.463 Thread 0x000001248a082b50 9354   !   3       jdk.internal.loader.BuiltinClassLoader::defineClass (162 bytes)
Event: 66.465 Thread 0x000001248a082b50 nmethod 9354 0x00000124ef322610 code [0x00000124ef322ac0, 0x00000124ef3250d8]
Event: 66.465 Thread 0x000001248a082b50 9358   !   3       java.lang.String::<init> (843 bytes)
Event: 66.467 Thread 0x000001248a082b50 nmethod 9358 0x00000124ef326210 code [0x00000124ef326720, 0x00000124ef3293c8]
Event: 66.467 Thread 0x000001248a082b50 9355       3       jdk.internal.loader.BuiltinClassLoader$LoadedModule::codeSourceURL (32 bytes)
Event: 66.467 Thread 0x000001248a082b50 nmethod 9355 0x00000124ef32a010 code [0x00000124ef32a1c0, 0x00000124ef32a4e8]
Event: 66.467 Thread 0x000001248a082b50 9356       3       java.lang.ClassLoader::defineClass (108 bytes)
Event: 66.468 Thread 0x000001248a082b50 nmethod 9356 0x00000124ef32a690 code [0x00000124ef32a980, 0x00000124ef32b978]
Event: 66.468 Thread 0x000001248a082b50 9360       3       java.security.SecureClassLoader::defineClass (12 bytes)
Event: 66.468 Thread 0x000001248a082b50 nmethod 9360 0x00000124ef32bf90 code [0x00000124ef32c140, 0x00000124ef32c2d8]
Event: 66.468 Thread 0x000001248a082b50 9362       1       com.sun.tools.jdi.TypeComponentImpl::ref (5 bytes)
Event: 66.468 Thread 0x000001248a082b50 nmethod 9362 0x00000124f634c090 code [0x00000124f634c220, 0x00000124f634c2f8]
Event: 66.474 Thread 0x000001248a082b50 9363       3       com.sun.tools.jdi.PacketStream::readMethodRef (12 bytes)
Event: 66.475 Thread 0x000001248a082b50 nmethod 9363 0x00000124ef32c390 code [0x00000124ef32c540, 0x00000124ef32c688]
Event: 66.475 Thread 0x000001248a082b50 9364       3       com.sun.tools.jdi.JDWP$ReferenceType$MethodsWithGeneric$MethodInfo::<init> (150 bytes)

GC Heap History (20 events):
Event: 5.220 GC heap before
{Heap before GC invocations=25 (full 0):
 garbage-first heap   total 58368K, used 33122K [0x0000000086600000, 0x0000000100000000)
  region size 1024K, 4 young (4096K), 3 survivors (3072K)
 Metaspace       used 47329K, committed 47680K, reserved 1114112K
  class space    used 5323K, committed 5504K, reserved 1048576K
}
Event: 5.222 GC heap after
{Heap after GC invocations=26 (full 0):
 garbage-first heap   total 58368K, used 32095K [0x0000000086600000, 0x0000000100000000)
  region size 1024K, 1 young (1024K), 1 survivors (1024K)
 Metaspace       used 47329K, committed 47680K, reserved 1114112K
  class space    used 5323K, committed 5504K, reserved 1048576K
}
Event: 5.297 GC heap before
{Heap before GC invocations=26 (full 0):
 garbage-first heap   total 58368K, used 44383K [0x0000000086600000, 0x0000000100000000)
  region size 1024K, 14 young (14336K), 1 survivors (1024K)
 Metaspace       used 48768K, committed 49088K, reserved 1114112K
  class space    used 5560K, committed 5696K, reserved 1048576K
}
Event: 5.298 GC heap after
{Heap after GC invocations=27 (full 0):
 garbage-first heap   total 110592K, used 33165K [0x0000000086600000, 0x0000000100000000)
  region size 1024K, 2 young (2048K), 2 survivors (2048K)
 Metaspace       used 48768K, committed 49088K, reserved 1114112K
  class space    used 5560K, committed 5696K, reserved 1048576K
}
Event: 5.627 GC heap before
{Heap before GC invocations=28 (full 0):
 garbage-first heap   total 110592K, used 81293K [0x0000000086600000, 0x0000000100000000)
  region size 1024K, 46 young (47104K), 2 survivors (2048K)
 Metaspace       used 51614K, committed 52032K, reserved 1114112K
  class space    used 5880K, committed 6080K, reserved 1048576K
}
Event: 5.631 GC heap after
{Heap after GC invocations=29 (full 0):
 garbage-first heap   total 110592K, used 42444K [0x0000000086600000, 0x0000000100000000)
  region size 1024K, 6 young (6144K), 6 survivors (6144K)
 Metaspace       used 51614K, committed 52032K, reserved 1114112K
  class space    used 5880K, committed 6080K, reserved 1048576K
}
Event: 5.636 GC heap before
{Heap before GC invocations=29 (full 0):
 garbage-first heap   total 110592K, used 43468K [0x0000000086600000, 0x0000000100000000)
  region size 1024K, 7 young (7168K), 6 survivors (6144K)
 Metaspace       used 51618K, committed 52032K, reserved 1114112K
  class space    used 5880K, committed 6080K, reserved 1048576K
}
Event: 5.640 GC heap after
{Heap after GC invocations=30 (full 0):
 garbage-first heap   total 110592K, used 40416K [0x0000000086600000, 0x0000000100000000)
  region size 1024K, 1 young (1024K), 1 survivors (1024K)
 Metaspace       used 51618K, committed 52032K, reserved 1114112K
  class space    used 5880K, committed 6080K, reserved 1048576K
}
Event: 5.831 GC heap before
{Heap before GC invocations=30 (full 0):
 garbage-first heap   total 110592K, used 82400K [0x0000000086600000, 0x0000000100000000)
  region size 1024K, 40 young (40960K), 1 survivors (1024K)
 Metaspace       used 52576K, committed 52864K, reserved 1114112K
  class space    used 6019K, committed 6144K, reserved 1048576K
}
Event: 5.836 GC heap after
{Heap after GC invocations=31 (full 0):
 garbage-first heap   total 110592K, used 46584K [0x0000000086600000, 0x0000000100000000)
  region size 1024K, 5 young (5120K), 5 survivors (5120K)
 Metaspace       used 52576K, committed 52864K, reserved 1114112K
  class space    used 6019K, committed 6144K, reserved 1048576K
}
Event: 6.027 GC heap before
{Heap before GC invocations=31 (full 0):
 garbage-first heap   total 110592K, used 83448K [0x0000000086600000, 0x0000000100000000)
  region size 1024K, 41 young (41984K), 5 survivors (5120K)
 Metaspace       used 54167K, committed 54464K, reserved 1114112K
  class space    used 6173K, committed 6336K, reserved 1048576K
}
Event: 6.030 GC heap after
{Heap after GC invocations=32 (full 0):
 garbage-first heap   total 110592K, used 53791K [0x0000000086600000, 0x0000000100000000)
  region size 1024K, 6 young (6144K), 6 survivors (6144K)
 Metaspace       used 54167K, committed 54464K, reserved 1114112K
  class space    used 6173K, committed 6336K, reserved 1048576K
}
Event: 6.519 GC heap before
{Heap before GC invocations=32 (full 0):
 garbage-first heap   total 110592K, used 83487K [0x0000000086600000, 0x0000000100000000)
  region size 1024K, 36 young (36864K), 6 survivors (6144K)
 Metaspace       used 59484K, committed 59840K, reserved 1114112K
  class space    used 6615K, committed 6784K, reserved 1048576K
}
Event: 6.524 GC heap after
{Heap after GC invocations=33 (full 0):
 garbage-first heap   total 221184K, used 59060K [0x0000000086600000, 0x0000000100000000)
  region size 1024K, 5 young (5120K), 5 survivors (5120K)
 Metaspace       used 59484K, committed 59840K, reserved 1114112K
  class space    used 6615K, committed 6784K, reserved 1048576K
}
Event: 19.664 GC heap before
{Heap before GC invocations=33 (full 0):
 garbage-first heap   total 221184K, used 166580K [0x0000000086600000, 0x0000000100000000)
  region size 1024K, 108 young (110592K), 5 survivors (5120K)
 Metaspace       used 63293K, committed 63680K, reserved 1114112K
  class space    used 6915K, committed 7104K, reserved 1048576K
}
Event: 19.669 GC heap after
{Heap after GC invocations=34 (full 0):
 garbage-first heap   total 221184K, used 66804K [0x0000000086600000, 0x0000000100000000)
  region size 1024K, 10 young (10240K), 10 survivors (10240K)
 Metaspace       used 63293K, committed 63680K, reserved 1114112K
  class space    used 6915K, committed 7104K, reserved 1048576K
}
Event: 20.269 GC heap before
{Heap before GC invocations=34 (full 0):
 garbage-first heap   total 221184K, used 165108K [0x0000000086600000, 0x0000000100000000)
  region size 1024K, 106 young (108544K), 10 survivors (10240K)
 Metaspace       used 64786K, committed 65216K, reserved 1114112K
  class space    used 7132K, committed 7296K, reserved 1048576K
}
Event: 20.276 GC heap after
{Heap after GC invocations=35 (full 0):
 garbage-first heap   total 221184K, used 73174K [0x0000000086600000, 0x0000000100000000)
  region size 1024K, 14 young (14336K), 14 survivors (14336K)
 Metaspace       used 64786K, committed 65216K, reserved 1114112K
  class space    used 7132K, committed 7296K, reserved 1048576K
}
Event: 66.469 GC heap before
{Heap before GC invocations=35 (full 0):
 garbage-first heap   total 221184K, used 169430K [0x0000000086600000, 0x0000000100000000)
  region size 1024K, 107 young (109568K), 14 survivors (14336K)
 Metaspace       used 65446K, committed 65856K, reserved 1114112K
  class space    used 7166K, committed 7360K, reserved 1048576K
}
Event: 66.474 GC heap after
{Heap after GC invocations=36 (full 0):
 garbage-first heap   total 221184K, used 76963K [0x0000000086600000, 0x0000000100000000)
  region size 1024K, 10 young (10240K), 10 survivors (10240K)
 Metaspace       used 65446K, committed 65856K, reserved 1114112K
  class space    used 7166K, committed 7360K, reserved 1048576K
}

Dll operation events (14 events):
Event: 0.008 Loaded shared library C:\Program Files\Processing\runtime\bin\java.dll
Event: 0.184 Loaded shared library C:\Program Files\Processing\runtime\bin\net.dll
Event: 0.185 Loaded shared library C:\Program Files\Processing\runtime\bin\nio.dll
Event: 0.195 Loaded shared library C:\Program Files\Processing\runtime\bin\zip.dll
Event: 0.512 Loaded shared library C:\Program Files\Processing\runtime\bin\jimage.dll
Event: 0.521 Loaded shared library C:\Program Files\Processing\app\skiko-windows-x64.dll
Event: 0.522 Loaded shared library C:\Program Files\Processing\runtime\bin\prefs.dll
Event: 0.558 Loaded shared library C:\Program Files\Processing\runtime\bin\awt.dll
Event: 1.008 Loaded shared library C:\Program Files\Processing\runtime\bin\freetype.dll
Event: 1.009 Loaded shared library C:\Program Files\Processing\runtime\bin\fontmanager.dll
Event: 2.705 Loaded shared library C:\Users\Ben\AppData\Local\Temp\jna-66667\jna9504740631739191909.dll
Event: 3.887 Loaded shared library C:\Users\Ben\AppData\Local\Temp\flatlaf.temp\flatlaf-windows-x86_64-68415512234941000.dll
Event: 5.129 Loaded shared library C:\Program Files\Processing\runtime\bin\verify.dll
Event: 20.006 Loaded shared library C:\Program Files\Processing\runtime\bin\dt_shmem.dll

Deoptimization events (20 events):
Event: 55.621 Thread 0x000001248b328e70 Uncommon trap: trap_request=0xffffffc6 fr.pc=0x00000124f5ef273c relative=0x00000000000012fc
Event: 55.621 Thread 0x000001248b328e70 Uncommon trap: reason=bimorphic_or_optimized_type_check action=maybe_recompile pc=0x00000124f5ef273c method=java.util.Spliterators$1Adapter.hasNext()Z @ 12 c2
Event: 55.621 Thread 0x000001248b328e70 DEOPT PACKING pc=0x00000124f5ef273c sp=0x00000021c03fdd10
Event: 55.621 Thread 0x000001248b328e70 DEOPT UNPACKING pc=0x00000124f592a1a3 sp=0x00000021c03fdcf8 mode 2
Event: 55.632 Thread 0x000001248b328e70 DEOPT PACKING pc=0x00000124ee4206c4 sp=0x00000021c03fcd60
Event: 55.632 Thread 0x000001248b328e70 DEOPT UNPACKING pc=0x00000124f592ace3 sp=0x00000021c03fc2e0 mode 0
Event: 59.092 Thread 0x000001248b83e2b0 DEOPT PACKING pc=0x00000124eee4d773 sp=0x00000021bf8fd840
Event: 59.092 Thread 0x000001248b83e2b0 DEOPT UNPACKING pc=0x00000124f592ace3 sp=0x00000021bf8fcc08 mode 0
Event: 66.449 Thread 0x000001248b329380 Uncommon trap: trap_request=0xffffffde fr.pc=0x00000124f631cbbc relative=0x000000000000039c
Event: 66.449 Thread 0x000001248b329380 Uncommon trap: reason=class_check action=maybe_recompile pc=0x00000124f631cbbc method=com.sun.tools.jdi.EventRequestManagerImpl.request(II)Lcom/sun/jdi/request/EventRequest; @ 36 c2
Event: 66.449 Thread 0x000001248b329380 DEOPT PACKING pc=0x00000124f631cbbc sp=0x00000021c0bfea30
Event: 66.449 Thread 0x000001248b329380 DEOPT UNPACKING pc=0x00000124f592a1a3 sp=0x00000021c0bfe9c0 mode 2
Event: 66.449 Thread 0x000001248b329380 Uncommon trap: trap_request=0xffffff45 fr.pc=0x00000124f63033a8 relative=0x0000000000001da8
Event: 66.449 Thread 0x000001248b329380 Uncommon trap: reason=unstable_if action=reinterpret pc=0x00000124f63033a8 method=com.sun.tools.jdi.EventSetImpl$EventImpl.destination()Lcom/sun/tools/jdi/EventDestination; @ 15 c2
Event: 66.449 Thread 0x000001248b329380 DEOPT PACKING pc=0x00000124f63033a8 sp=0x00000021c0bfeda0
Event: 66.449 Thread 0x000001248b329380 DEOPT UNPACKING pc=0x00000124f592a1a3 sp=0x00000021c0bfed18 mode 2
Event: 66.457 Thread 0x000001248b32a7c0 Uncommon trap: trap_request=0xffffff45 fr.pc=0x00000124f6274528 relative=0x0000000000002688
Event: 66.457 Thread 0x000001248b32a7c0 Uncommon trap: reason=unstable_if action=reinterpret pc=0x00000124f6274528 method=java.lang.String.<init>([BIILjava/nio/charset/Charset;)V @ 18 c2
Event: 66.457 Thread 0x000001248b32a7c0 DEOPT PACKING pc=0x00000124f6274528 sp=0x00000021c11fecf0
Event: 66.457 Thread 0x000001248b32a7c0 DEOPT UNPACKING pc=0x00000124f592a1a3 sp=0x00000021c11fecb8 mode 2

Classes unloaded (0 events):
No events

Classes redefined (0 events):
No events

Internal exceptions (20 events):
Event: 55.514 Thread 0x000001248b328e70 Exception <a 'sun/nio/fs/WindowsException'{0x0000000090f2d018}> (0x0000000090f2d018) 
thrown [s\src\hotspot\share\prims\jni.cpp, line 516]
Event: 55.514 Thread 0x000001248b328e70 Exception <a 'sun/nio/fs/WindowsException'{0x0000000090f2d798}> (0x0000000090f2d798) 
thrown [s\src\hotspot\share\prims\jni.cpp, line 516]
Event: 55.514 Thread 0x000001248b328e70 Exception <a 'sun/nio/fs/WindowsException'{0x0000000090f2df18}> (0x0000000090f2df18) 
thrown [s\src\hotspot\share\prims\jni.cpp, line 516]
Event: 55.514 Thread 0x000001248b328e70 Exception <a 'sun/nio/fs/WindowsException'{0x0000000090f2e698}> (0x0000000090f2e698) 
thrown [s\src\hotspot\share\prims\jni.cpp, line 516]
Event: 55.515 Thread 0x000001248b328e70 Exception <a 'sun/nio/fs/WindowsException'{0x0000000090f2ee30}> (0x0000000090f2ee30) 
thrown [s\src\hotspot\share\prims\jni.cpp, line 516]
Event: 55.515 Thread 0x000001248b328e70 Exception <a 'sun/nio/fs/WindowsException'{0x0000000090f2f570}> (0x0000000090f2f570) 
thrown [s\src\hotspot\share\prims\jni.cpp, line 516]
Event: 55.515 Thread 0x000001248b328e70 Exception <a 'sun/nio/fs/WindowsException'{0x0000000090f2fce8}> (0x0000000090f2fce8) 
thrown [s\src\hotspot\share\prims\jni.cpp, line 516]
Event: 55.515 Thread 0x000001248b328e70 Exception <a 'sun/nio/fs/WindowsException'{0x0000000090f30468}> (0x0000000090f30468) 
thrown [s\src\hotspot\share\prims\jni.cpp, line 516]
Event: 55.515 Thread 0x000001248b328e70 Exception <a 'sun/nio/fs/WindowsException'{0x0000000090f30be0}> (0x0000000090f30be0) 
thrown [s\src\hotspot\share\prims\jni.cpp, line 516]
Event: 55.515 Thread 0x000001248b328e70 Exception <a 'sun/nio/fs/WindowsException'{0x0000000090f31358}> (0x0000000090f31358) 
thrown [s\src\hotspot\share\prims\jni.cpp, line 516]
Event: 55.515 Thread 0x000001248b328e70 Exception <a 'sun/nio/fs/WindowsException'{0x0000000090f31ad8}> (0x0000000090f31ad8) 
thrown [s\src\hotspot\share\prims\jni.cpp, line 516]
Event: 55.515 Thread 0x000001248b328e70 Exception <a 'sun/nio/fs/WindowsException'{0x0000000090f32258}> (0x0000000090f32258) 
thrown [s\src\hotspot\share\prims\jni.cpp, line 516]
Event: 55.515 Thread 0x000001248b328e70 Exception <a 'sun/nio/fs/WindowsException'{0x0000000090f329d8}> (0x0000000090f329d8) 
thrown [s\src\hotspot\share\prims\jni.cpp, line 516]
Event: 55.515 Thread 0x000001248b328e70 Exception <a 'sun/nio/fs/WindowsException'{0x0000000090f33150}> (0x0000000090f33150) 
thrown [s\src\hotspot\share\prims\jni.cpp, line 516]
Event: 55.515 Thread 0x000001248b328e70 Exception <a 'sun/nio/fs/WindowsException'{0x0000000090f338d0}> (0x0000000090f338d0) 
thrown [s\src\hotspot\share\prims\jni.cpp, line 516]
Event: 55.587 Thread 0x000001248b328e70 Exception <a 'java/lang/ArrayIndexOutOfBoundsException'{0x000000008f5b3740}> (0x000000008f5b3740) 
thrown [s\src\hotspot\share\runtime\sharedRuntime.cpp, line 628]
Event: 55.713 Thread 0x000001248b32bc00 Exception <a 'java/net/ConnectException'{0x000000008e65ae70}: Connection refused: connect> (0x000000008e65ae70) 
thrown [s\src\hotspot\share\prims\jni.cpp, line 535]
Event: 55.713 Thread 0x000001248b32bc00 Exception <a 'java/net/SocketException'{0x000000008e65b1a8}: Socket is not connected: shutdown> (0x000000008e65b1a8) 
thrown [s\src\hotspot\share\prims\jni.cpp, line 535]
Event: 55.818 Thread 0x000001248b32bc00 Exception <a 'java/net/ConnectException'{0x000000008e65bb08}: Connection refused: connect> (0x000000008e65bb08) 
thrown [s\src\hotspot\share\prims\jni.cpp, line 535]
Event: 55.818 Thread 0x000001248b32bc00 Exception <a 'java/net/SocketException'{0x000000008e65be40}: Socket is not connected: shutdown> (0x000000008e65be40) 
thrown [s\src\hotspot\share\prims\jni.cpp, line 535]

VM Operations (20 events):
Event: 55.691 Executing VM operation: ICBufferFull
Event: 55.692 Executing VM operation: ICBufferFull done
Event: 56.698 Executing VM operation: Cleanup
Event: 56.699 Executing VM operation: Cleanup done
Event: 57.712 Executing VM operation: Cleanup
Event: 57.712 Executing VM operation: Cleanup done
Event: 58.721 Executing VM operation: Cleanup
Event: 58.722 Executing VM operation: Cleanup done
Event: 59.737 Executing VM operation: Cleanup
Event: 59.737 Executing VM operation: Cleanup done
Event: 60.258 Executing VM operation: HandshakeAllThreads
Event: 60.258 Executing VM operation: HandshakeAllThreads done
Event: 61.271 Executing VM operation: Cleanup
Event: 61.271 Executing VM operation: Cleanup done
Event: 64.284 Executing VM operation: Cleanup
Event: 64.284 Executing VM operation: Cleanup done
Event: 66.307 Executing VM operation: Cleanup
Event: 66.307 Executing VM operation: Cleanup done
Event: 66.469 Executing VM operation: G1CollectForAllocation
Event: 66.474 Executing VM operation: G1CollectForAllocation done

Events (20 events):
Event: 55.594 Thread 0x000001248a0a7800 flushing nmethod 0x00000124ef2a7290
Event: 55.594 Thread 0x000001248a0a7800 flushing nmethod 0x00000124ef2a9f10
Event: 55.594 Thread 0x000001248a0a7800 flushing nmethod 0x00000124ef2aed90
Event: 55.594 Thread 0x000001248a0a7800 flushing nmethod 0x00000124ef2c0d10
Event: 55.594 Thread 0x000001248a0a7800 flushing nmethod 0x00000124ef2c1410
Event: 55.634 Thread 0x000001248b32d040 Thread added: 0x000001248b32d040
Event: 55.704 Thread 0x000001248b32d040 Thread exited: 0x000001248b32d040
Event: 55.707 Thread 0x000001248b32bc00 Thread added: 0x000001248b32bc00
Event: 55.707 Thread 0x000001248b328e70 Thread exited: 0x000001248b328e70
Event: 55.708 Thread 0x000001248b328960 Thread added: 0x000001248b328960
Event: 55.929 Thread 0x000001248b329380 Thread added: 0x000001248b329380
Event: 55.929 Thread 0x000001248b328e70 Thread added: 0x000001248b328e70
Event: 55.931 Thread 0x000001248b32a7c0 Thread added: 0x000001248b32a7c0
Event: 55.931 Thread 0x000001248b32d040 Thread added: 0x000001248b32d040
Event: 55.931 Thread 0x000001248b32eea0 Thread added: 0x000001248b32eea0
Event: 57.271 Thread 0x0000012499ca5ab0 Thread exited: 0x0000012499ca5ab0
Event: 57.271 Thread 0x000001248c14a440 Thread exited: 0x000001248c14a440
Event: 65.677 Thread 0x000001248baad100 Thread exited: 0x000001248baad100
Event: 66.463 loading class java/lang/IllegalThreadStateException
Event: 66.463 loading class java/lang/IllegalThreadStateException done


Dynamic libraries:
0x00007ff6f97d0000 - 0x00007ff6f9848000 	C:\Program Files\Processing\Processing.exe
0x00007ffd46ff0000 - 0x00007ffd471e8000 	C:\WINDOWS\SYSTEM32\ntdll.dll
0x00007ffd46b60000 - 0x00007ffd46c22000 	C:\WINDOWS\System32\KERNEL32.DLL
0x00007ffd44a40000 - 0x00007ffd44d36000 	C:\WINDOWS\System32\KERNELBASE.dll
0x00007ffd458a0000 - 0x00007ffd45a3d000 	C:\WINDOWS\System32\USER32.dll
0x00007ffd446d0000 - 0x00007ffd446f2000 	C:\WINDOWS\System32\win32u.dll
0x00007ffd46c90000 - 0x00007ffd46cbb000 	C:\WINDOWS\System32\GDI32.dll
0x00007ffd44ef0000 - 0x00007ffd45009000 	C:\WINDOWS\System32\gdi32full.dll
0x00007ffd44d40000 - 0x00007ffd44ddd000 	C:\WINDOWS\System32\msvcp_win.dll
0x00007ffd44700000 - 0x00007ffd44800000 	C:\WINDOWS\System32\ucrtbase.dll
0x00007ffd45090000 - 0x00007ffd457fe000 	C:\WINDOWS\System32\SHELL32.dll
0x00007ffd46d20000 - 0x00007ffd46d4f000 	C:\WINDOWS\System32\IMM32.DLL
0x00007ffd45bd0000 - 0x00007ffd45c7d000 	C:\WINDOWS\System32\shcore.dll
0x00007ffd45b30000 - 0x00007ffd45bce000 	C:\WINDOWS\System32\msvcrt.dll
0x00007ffd46460000 - 0x00007ffd467b3000 	C:\WINDOWS\System32\combase.dll
0x00007ffd46e80000 - 0x00007ffd46fa3000 	C:\WINDOWS\System32\RPCRT4.dll
0x00007ffd3e890000 - 0x00007ffd3e8a7000 	C:\Program Files\Processing\runtime\bin\jli.dll
0x00007ffd32250000 - 0x00007ffd324ea000 	C:\WINDOWS\WinSxS\amd64_microsoft.windows.common-controls_6595b64144ccf1df_6.0.19041.5915_none_60b4b9d171f9c7c7\COMCTL32.dll
0x00007ffd3ce00000 - 0x00007ffd3ce19000 	C:\Program Files\Processing\runtime\bin\VCRUNTIME140.dll
0x00007ffd41cb0000 - 0x00007ffd41cbc000 	C:\Program Files\Processing\runtime\bin\vcruntime140_1.dll
0x00007ffd2fb60000 - 0x00007ffd2fbf1000 	C:\Program Files\Processing\runtime\bin\msvcp140.dll
0x00007ffcff470000 - 0x00007ffd000bc000 	C:\Program Files\Processing\runtime\bin\server\jvm.dll
0x00007ffd467c0000 - 0x00007ffd46871000 	C:\WINDOWS\System32\ADVAPI32.dll
0x00007ffd45800000 - 0x00007ffd4589f000 	C:\WINDOWS\System32\sechost.dll
0x00007ffd448b0000 - 0x00007ffd448d7000 	C:\WINDOWS\System32\bcrypt.dll
0x00007ffd32500000 - 0x00007ffd32527000 	C:\WINDOWS\SYSTEM32\WINMM.dll
0x00007ffd444e0000 - 0x00007ffd4452b000 	C:\WINDOWS\SYSTEM32\POWRPROF.dll
0x00007ffd3fb40000 - 0x00007ffd3fb49000 	C:\WINDOWS\SYSTEM32\WSOCK32.dll
0x00007ffd463c0000 - 0x00007ffd4642b000 	C:\WINDOWS\System32\WS2_32.dll
0x00007ffd3d8c0000 - 0x00007ffd3d8ca000 	C:\WINDOWS\SYSTEM32\VERSION.dll
0x00007ffd444c0000 - 0x00007ffd444d2000 	C:\WINDOWS\SYSTEM32\UMPDC.dll
0x00007ffd424e0000 - 0x00007ffd424f2000 	C:\WINDOWS\SYSTEM32\kernel.appcore.dll
0x00007ffd408c0000 - 0x00007ffd408ca000 	C:\Program Files\Processing\runtime\bin\jimage.dll
0x00007ffd39cb0000 - 0x00007ffd39eb1000 	C:\WINDOWS\SYSTEM32\DBGHELP.DLL
0x00007ffd281b0000 - 0x00007ffd281e4000 	C:\WINDOWS\SYSTEM32\dbgcore.DLL
0x00007ffd44de0000 - 0x00007ffd44e62000 	C:\WINDOWS\System32\bcryptPrimitives.dll
0x00007ffd3a9a0000 - 0x00007ffd3a9c5000 	C:\Program Files\Processing\runtime\bin\java.dll
0x00007ffd42700000 - 0x00007ffd42ea4000 	C:\WINDOWS\SYSTEM32\windows.storage.dll
0x00007ffd43fe0000 - 0x00007ffd4400b000 	C:\WINDOWS\SYSTEM32\Wldp.dll
0x00007ffd469b0000 - 0x00007ffd46a7d000 	C:\WINDOWS\System32\OLEAUT32.dll
0x00007ffd45ad0000 - 0x00007ffd45b2b000 	C:\WINDOWS\System32\shlwapi.dll
0x00007ffd445b0000 - 0x00007ffd445d5000 	C:\WINDOWS\SYSTEM32\profapi.dll
0x00007ffd3a980000 - 0x00007ffd3a999000 	C:\Program Files\Processing\runtime\bin\net.dll
0x00007ffd40b80000 - 0x00007ffd40c8a000 	C:\WINDOWS\SYSTEM32\WINHTTP.dll
0x00007ffd43d40000 - 0x00007ffd43daa000 	C:\WINDOWS\system32\mswsock.dll
0x00007ffd3a8f0000 - 0x00007ffd3a905000 	C:\Program Files\Processing\runtime\bin\nio.dll
0x00007ffd3a880000 - 0x00007ffd3a898000 	C:\Program Files\Processing\runtime\bin\zip.dll
0x00007ffce9d40000 - 0x00007ffceadd6000 	C:\Program Files\Processing\app\skiko-windows-x64.dll
0x00007ffd46880000 - 0x00007ffd469ab000 	C:\WINDOWS\System32\ole32.dll
0x00007ffd421e0000 - 0x00007ffd4220f000 	C:\WINDOWS\SYSTEM32\dwmapi.dll
0x00007ffd41830000 - 0x00007ffd41924000 	C:\WINDOWS\SYSTEM32\PROPSYS.dll
0x00007ffd3ebc0000 - 0x00007ffd3ebc9000 	C:\Program Files\Processing\runtime\bin\prefs.dll
0x00007ffd23fa0000 - 0x00007ffd2412e000 	C:\Program Files\Processing\runtime\bin\awt.dll
0x00007ffd40ab0000 - 0x00007ffd40b44000 	C:\WINDOWS\SYSTEM32\apphelp.dll
0x00007ffd41fa0000 - 0x00007ffd4203e000 	C:\WINDOWS\system32\uxtheme.dll
0x00007ffd46d60000 - 0x00007ffd46e75000 	C:\WINDOWS\System32\MSCTF.dll
0x00007ffd39130000 - 0x00007ffd39258000 	C:\WINDOWS\system32\opengl32.dll
0x00007ffd3aa50000 - 0x00007ffd3aa7c000 	C:\WINDOWS\SYSTEM32\GLU32.dll
0x00007ffd24180000 - 0x00007ffd24206000 	C:\Program Files\Processing\runtime\bin\freetype.dll
0x00007ffd23ec0000 - 0x00007ffd23f93000 	C:\Program Files\Processing\runtime\bin\fontmanager.dll
0x00007ffd1fa40000 - 0x00007ffd1fcbf000 	C:\WINDOWS\SYSTEM32\dwrite.dll
0x00007ffd460f0000 - 0x00007ffd46199000 	C:\WINDOWS\System32\clbcatq.dll
0x00007ffd41d10000 - 0x00007ffd41ec4000 	C:\WINDOWS\SYSTEM32\WindowsCodecs.dll
0x00007ffd281f0000 - 0x00007ffd2822e000 	C:\WINDOWS\system32\dataexchange.dll
0x00007ffd3ee80000 - 0x00007ffd3f0e4000 	C:\WINDOWS\system32\d3d11.dll
0x00007ffd3fb70000 - 0x00007ffd3fd54000 	C:\WINDOWS\system32\dcomp.dll
0x00007ffd42f10000 - 0x00007ffd43006000 	C:\WINDOWS\system32\dxgi.dll
0x00007ffd3d9b0000 - 0x00007ffd3dbb3000 	C:\WINDOWS\system32\twinapi.appcore.dll
0x00007ffd3eb30000 - 0x00007ffd3eb37000 	C:\Program Files\Processing\runtime\bin\jawt.dll
0x00007ffd39100000 - 0x00007ffd39125000 	C:\WINDOWS\SYSTEM32\D3D12.dll
0x00007ffd0f870000 - 0x00007ffd0fa3d000 	C:\WINDOWS\SYSTEM32\D3D12Core.dll
0x00007ffd38730000 - 0x00007ffd3876b000 	C:\WINDOWS\SYSTEM32\dxcore.dll
0x00007ffd44680000 - 0x00007ffd446ce000 	C:\WINDOWS\System32\cfgmgr32.dll
0x00007ffd33d90000 - 0x00007ffd37526000 	C:\WINDOWS\System32\DriverStore\FileRepository\iigd_dch.inf_amd64_53e160ba8d72b1f3\igc64.dll
0x00007ffd2fdd0000 - 0x00007ffd2fdf4000 	C:\WINDOWS\System32\DriverStore\FileRepository\iigd_dch.inf_amd64_53e160ba8d72b1f3\igd12umd64.dll
0x00007ffcfbaa0000 - 0x00007ffcfc4ef000 	C:\WINDOWS\System32\DriverStore\FileRepository\iigd_dch.inf_amd64_53e160ba8d72b1f3\igd12um64icl.dll
0x00007ffd448e0000 - 0x00007ffd44a3d000 	C:\WINDOWS\System32\CRYPT32.dll
0x00007ffd376c0000 - 0x00007ffd37ac9000 	C:\WINDOWS\System32\DriverStore\FileRepository\iigd_dch.inf_amd64_53e160ba8d72b1f3\igdgmm64.dll
0x00007ffd2fb30000 - 0x00007ffd2fb5b000 	C:\WINDOWS\SYSTEM32\D3DSCache.dll
0x00007ffd44570000 - 0x00007ffd4459e000 	C:\WINDOWS\SYSTEM32\USERENV.dll
0x00007ffcc41e0000 - 0x00007ffcc72c8000 	C:\WINDOWS\System32\DriverStore\FileRepository\iigd_dch.inf_amd64_53e160ba8d72b1f3\igd12dxva64.dll
0x00007ffd45c80000 - 0x00007ffd460f0000 	C:\WINDOWS\System32\SETUPAPI.dll
0x00007ffd3ea00000 - 0x00007ffd3ea27000 	C:\WINDOWS\System32\DriverStore\FileRepository\iigd_dch.inf_amd64_53e160ba8d72b1f3\igdinfo64.dll
0x00007ffd24e40000 - 0x00007ffd24f39000 	C:\WINDOWS\SYSTEM32\textinputframework.dll
0x00007ffd40590000 - 0x00007ffd40682000 	C:\WINDOWS\System32\CoreMessaging.dll
0x00007ffd400e0000 - 0x00007ffd4043b000 	C:\WINDOWS\System32\CoreUIComponents.dll
0x00007ffd438b0000 - 0x00007ffd438e3000 	C:\WINDOWS\SYSTEM32\ntmarta.dll
0x00007ffd40e90000 - 0x00007ffd40fe7000 	C:\WINDOWS\SYSTEM32\wintypes.dll
0x00007ffd25ac0000 - 0x00007ffd25b26000 	C:\WINDOWS\system32\Oleacc.dll
0x00007ffd3f0f0000 - 0x00007ffd3f54d000 	C:\WINDOWS\SYSTEM32\d3dcompiler_47.dll
0x00007ffd43f30000 - 0x00007ffd43f48000 	C:\WINDOWS\SYSTEM32\CRYPTSP.dll
0x00007ffd0e7d0000 - 0x00007ffd0e909000 	C:\WINDOWS\SYSTEM32\dxilconv.dll
0x00007ffd43660000 - 0x00007ffd43698000 	C:\WINDOWS\system32\rsaenh.dll
0x00007ffd43f50000 - 0x00007ffd43f5c000 	C:\WINDOWS\SYSTEM32\CRYPTBASE.dll
0x00007ffd43a20000 - 0x00007ffd43a5b000 	C:\WINDOWS\SYSTEM32\IPHLPAPI.DLL
0x00007ffd46d50000 - 0x00007ffd46d58000 	C:\WINDOWS\System32\NSI.dll
0x00007ffd3c640000 - 0x00007ffd3c657000 	C:\WINDOWS\SYSTEM32\dhcpcsvc6.DLL
0x00007ffd3ce20000 - 0x00007ffd3ce3d000 	C:\WINDOWS\SYSTEM32\dhcpcsvc.DLL
0x00007ffd43a60000 - 0x00007ffd43b2a000 	C:\WINDOWS\SYSTEM32\DNSAPI.dll
0x00007ffd2fac0000 - 0x00007ffd2fb09000 	C:\Users\Ben\AppData\Local\Temp\jna-66667\jna9504740631739191909.dll
0x00007ffd46450000 - 0x00007ffd46458000 	C:\WINDOWS\System32\PSAPI.DLL
0x00007ffd3eab0000 - 0x00007ffd3eab6000 	C:\Users\Ben\AppData\Local\Temp\flatlaf.temp\flatlaf-windows-x86_64-68415512234941000.dll
0x00007ffd407d0000 - 0x00007ffd407e4000 	C:\WINDOWS\system32\Wtsapi32.dll
0x00007ffd44170000 - 0x00007ffd441cb000 	C:\WINDOWS\SYSTEM32\WINSTA.dll
0x00007ffd3e670000 - 0x00007ffd3e680000 	C:\Program Files\Processing\runtime\bin\verify.dll
0x00007ffd3c500000 - 0x00007ffd3c50a000 	C:\Windows\System32\rasadhlp.dll
0x00007ffd3b040000 - 0x00007ffd3b0c0000 	C:\WINDOWS\System32\fwpuclnt.dll
0x00007ffd3dd20000 - 0x00007ffd3dd2b000 	C:\Program Files\Processing\runtime\bin\dt_shmem.dll
0x00007ffd3c6d0000 - 0x00007ffd3c73a000 	C:\WINDOWS\system32\Ninput.dll

dbghelp: loaded successfully - version: 4.0.5 - missing functions: none
symbol engine: initialized successfully - sym options: 0x614 - pdb path: .;C:\Program Files\Processing;C:\WINDOWS\SYSTEM32;C:\Program Files\Processing\runtime\bin;C:\WINDOWS\WinSxS\amd64_microsoft.windows.common-controls_6595b64144ccf1df_6.0.19041.5915_none_60b4b9d171f9c7c7;C:\Program Files\Processing\runtime\bin\server;C:\Program Files\Processing\app;C:\WINDOWS\System32\DriverStore\FileRepository\iigd_dch.inf_amd64_53e160ba8d72b1f3;C:\Users\Ben\AppData\Local\Temp\jna-66667;C:\Users\Ben\AppData\Local\Temp\flatlaf.temp

VM Arguments:
jvm_args: -Djpackage.app-version=4.4.7 -Dcompose.application.resources.dir=C:\Program Files\Processing\app\resources -Dcompose.application.configure.swing.globals=true -Dprocessing.version=4.4.7 -Dprocessing.revision=1307 -Dprocessing.contributions.source=https://contributions.processing.org/contribs -Dprocessing.download.page=https://processing.org/download/ -Dprocessing.download.latest=https://processing.org/download/latest.txt -Dprocessing.tutorials=https://processing.org/tutorials/ -Dsun.java2d.metal=true -Dawt.useSystemAAFontSettings=on -Dskiko.library.path=C:\Program Files\Processing\app -Djpackage.app-path=C:\Program Files\Processing\Processing.exe 
java_command: processing.app.ProcessingKt C:\Users\Ben\Documents\GitHub\MOARkNOBS-42\faceTimes\processing\FaceSlugPrivacyTeaching.pde
java_class_path (initial): C:\Program Files\Processing\app\app-4.4.7-e96fb85d9b87e2a6836e2468a15ca60.jar;C:\Program Files\Processing\app\animation-core-desktop-1.7.1-87bb47dcf611207d17ac1fabc2155e1.jar;C:\Program Files\Processing\app\animation-desktop-1.7.1-405fd87261449d20aacb4543f98b26b.jar;C:\Program Files\Processing\app\annotation-jvm-1.8.0-3c74b73c0c75521f67964f11b28dec9.jar;C:\Program Files\Processing\app\annotations-23.0.0-8484cd17d040d837983323f760b2c660.jar;C:\Program Files\Processing\app\ant-1.10.14-263e0d844d0e4efa54440ec5ed6362a.jar;C:\Program Files\Processing\app\ant-launcher-1.10.14-e6c71b2f05383e1fb891e99f5267663.jar;C:\Program Files\Processing\app\antlr-2.7.7-f8f1352c52a4c6a50b59759651fc64.jar;C:\Program Files\Processing\app\antlr-runtime-3.5.2-1fbbae2cb72530207c20b797bdabd029.jar;C:\Program Files\Processing\app\antlr4-4.7.2-fb6d825b259de868e7f38bf1b8fa0b9.jar;C:\Program Files\Processing\app\antlr4-runtime-4.7.2-2592a7a5d732ad5f6677bf41f77a11.jar;C:\Program Files\Processing\app\atomicfu-jvm-0.23.2-5e4f88ed1c37222d791f5dcadf481498.jar;C:\Program Files\Processing\app\classpath-explorer-1.0-caab34e762a7f05d30ac7d40af90b3ef.jar;C:\Program Files\Processing\app\clikt-jvm-56324132fdbcd27f903c16d7bcfa4b8.jar;C:\Program Files\Processing\app\clikt-mordant-jvm-3c28e5f442b1e2978ce8fbd2f56e541.jar;C:\Program Files\Processing\app\collection-jvm-1.4.0-3f0597ec99a52ecdbf6f3962c5dc77a.jar;C:\Program Files\Processing\app\colormath-jvm-6a279b2713acb5c7ffb5e683bf2841.jar;C:\Program Files\Processing\app\compottie-desktop-2.0.0-rc02-5f1edfd67e18f4319b4c781c2b3d1e4.jar;C:\Program Files\Processing\app\core-4.4.7-b3ecf8494d828528c05573c1edbb881.jar;C:\Program Files\Processing\app\core-common-2.2.0-2212d240dfe1e8a7598ee117ccc316d.jar;C:\Program Files\Processing\app\desktop-jvm-1.7.1-de424e1ca627c3ee7de0f1f65430b2c5.jar;C:\Program Files\Processing\app\flatlaf-2.4-6481e9fa65e13e28c37547e0fd1dc2.jar;C:\Program Files\Processing\app\foundation-desktop-1.7.1-2d7e40c714a890b0ea366
Launcher Type: SUN_STANDARD

[Global flags]
     intx CICompilerCount                          = 4                                         {product} {ergonomic}
     uint ConcGCThreads                            = 2                                         {product} {ergonomic}
     uint G1ConcRefinementThreads                  = 8                                         {product} {ergonomic}
   size_t G1HeapRegionSize                         = 1048576                                   {product} {ergonomic}
    uintx GCDrainStackTargetSize                   = 64                                        {product} {ergonomic}
   size_t InitialHeapSize                          = 127926272                                 {product} {ergonomic}
   size_t MarkStackSize                            = 4194304                                   {product} {ergonomic}
   size_t MaxHeapSize                              = 2040528896                                {product} {ergonomic}
   size_t MaxNewSize                               = 1223688192                                {product} {ergonomic}
   size_t MinHeapDeltaBytes                        = 1048576                                   {product} {ergonomic}
   size_t MinHeapSize                              = 8388608                                   {product} {ergonomic}
    uintx NonNMethodCodeHeapSize                   = 5839372                                {pd product} {ergonomic}
    uintx NonProfiledCodeHeapSize                  = 122909434                              {pd product} {ergonomic}
    uintx ProfiledCodeHeapSize                     = 122909434                              {pd product} {ergonomic}
    uintx ReservedCodeCacheSize                    = 251658240                              {pd product} {ergonomic}
     bool SegmentedCodeCache                       = true                                      {product} {ergonomic}
   size_t SoftMaxHeapSize                          = 2040528896                             {manageable} {ergonomic}
     bool UseCompressedClassPointers               = true                           {product lp64_product} {ergonomic}
     bool UseCompressedOops                        = true                           {product lp64_product} {ergonomic}
     bool UseG1GC                                  = true                                      {product} {ergonomic}
     bool UseLargePagesIndividualAllocation        = false                                  {pd product} {ergonomic}

Logging:
Log output configuration:
 #0: stdout all=warning uptime,level,tags
 #1: stderr all=off uptime,level,tags

Environment Variables:
PATH=C:\WINDOWS\system32;C:\WINDOWS;C:\WINDOWS\System32\Wbem;C:\WINDOWS\System32\WindowsPowerShell\v1.0\;C:\WINDOWS\System32\OpenSSH\;C:\Program Files\Git\cmd;C:\Users\Ben\AppData\Local\Microsoft\WindowsApps;C:\Users\Ben\AppData\Local\Programs\Microsoft VS Code\bin;C:\Users\Ben\AppData\Local\GitHubDesktop\bin;C:\Program Files\Processing\;C:\Program Files\Processing\app
USERNAME=Ben
OS=Windows_NT
PROCESSOR_IDENTIFIER=Intel64 Family 6 Model 126 Stepping 5, GenuineIntel
TMP=C:\Users\Ben\AppData\Local\Temp
TEMP=C:\Users\Ben\AppData\Local\Temp



---------------  S Y S T E M  ---------------

OS:
 Windows 10 , 64 bit Build 19041 (10.0.19041.5915)
OS uptime: 79 days 4:23 hours

CPU: total 8 (initial active 8) (4 cores per cpu, 2 threads per core) family 6 model 126 stepping 5 microcode 0xc6, cx8, cmov, fxsr, ht, mmx, 3dnowpref, sse, sse2, sse3, ssse3, sse4.1, sse4.2, popcnt, lzcnt, tsc, tscinvbit, avx, avx2, aes, erms, clmul, bmi1, bmi2, adx, avx512f, avx512dq, avx512cd, avx512bw, avx512vl, sha, fma, vzeroupper, avx512_vpopcntdq, avx512_vpclmulqdq, avx512_vaes, avx512_vnni, clflush, clflushopt, avx512_vbmi2, avx512_vbmi
Processor Information for all 8 processors :
  Max Mhz: 1498, Current Mhz: 1098, Mhz Limit: 1093

Memory: 4k page, system-wide physical 7778M (1335M free)
TotalPageFile size 22893M (AvailPageFile size 2M)
current process WorkingSet (physical memory assigned to process): 465M, peak: 555M
current process commit charge ("private bytes"): 493M, peak: 588M

vm_info: OpenJDK 64-Bit Server VM (17.0.8.1+1) for windows-amd64 JRE (17.0.8.1+1), built on Aug 23 2023 15:29:17 by "admin" with MS VC++ 16.7 (VS2019)

END.
