#
# There is insufficient memory for the Java Runtime Environment to continue.
# Native memory allocation (malloc) failed to allocate 262160 bytes for Chunk::new
# Possible reasons:
#   The system is out of physical RAM or swap space
#   The process is running with CompressedOops enabled, and the Java Heap may be blocking the growth of the native heap
# Possible solutions:
#   Reduce memory load on the system
#   Increase physical memory or swap space
#   Check if swap backing store is full
#   Decrease Java heap size (-Xmx/-Xms)
#   Decrease number of Java threads
#   Decrease Java thread stack sizes (-Xss)
#   Set larger code cache with -XX:ReservedCodeCacheSize=
#   JVM is running with Unscaled Compressed Oops mode in which the Java heap is
#     placed in the first 4GB address space. The Java Heap base address is the
#     maximum limit for the native heap growth. Please use -XX:HeapBaseMinAddress
#     to set the Java Heap base and to place the Java Heap above 4GB virtual address.
# This output file may be truncated or incomplete.
#
#  Out of Memory Error (arena.cpp:189), pid=17828, tid=23728
#
# JRE version: OpenJDK Runtime Environment Temurin-17.0.8.1+1 (17.0.8.1+1) (build 17.0.8.1+1)
# Java VM: OpenJDK 64-Bit Server VM Temurin-17.0.8.1+1 (17.0.8.1+1, mixed mode, sharing, tiered, compressed oops, compressed class ptrs, g1 gc, windows-amd64)
# No core dump will be written. Minidumps are not enabled by default on client versions of Windows
#

---------------  S U M M A R Y ------------

Command Line: -agentlib:jdwp=transport=dt_socket,address=8989,server=y,suspend=y,quiet=y -Djna.nosys=true -Djava.library.path=;C:\Program Files\Processing\app\resources\core\library;C:\Users\Ben\Documents\Processing\libraries\video\library\windows-amd64;C:\Program Files\Processing\app\resources\modes\java\libraries\serial\library;C:\Users\Ben\Documents\Processing\libraries\opencv_processing\library;C:\Users\Ben\Documents\Processing\libraries\VideoExport\library;C:\Program Files\Processing;C:\WINDOWS\system32;C:\WINDOWS;C:\WINDOWS\system32;C:\WINDOWS;C:\WINDOWS\System32\Wbem;C:\WINDOWS\System32\WindowsPowerShell\v1.0;C:\WINDOWS\System32\OpenSSH;C:\Program Files\Git\cmd;C:\Users\Ben\AppData\Local\Microsoft\WindowsApps;C:\Users\Ben\AppData\Local\Programs\Microsoft VS Code\bin;C:\Users\Ben\AppData\Local\GitHubDesktop\bin;C:\Program Files\Processing;C:\Program Files\Processing\app;. -ea processing.core.PApplet --location=232,60 --external --display=1 --sketch-path=C:\Users\Ben\Documents\GitHub\MOARkNOBS-42\faceTimes\processing FaceSlugPrivacyTeaching

Host: Intel(R) Core(TM) i5-1035G4 CPU @ 1.10GHz, 8 cores, 7G,  Windows 10 , 64 bit Build 19041 (10.0.19041.5915)
Time: Fri Sep 19 14:02:48 2025 Central Daylight Time elapsed time: 10.699717 seconds (0d 0h 0m 10s)

---------------  T H R E A D  ---------------

Current thread (0x0000023ce34272f0):  JavaThread "C2 CompilerThread0" daemon [_thread_in_native, id=23728, stack(0x0000003dcef00000,0x0000003dcf000000)]


Current CompileTask:
C2:  10699 2824 %s!   4       org.bytedeco.javacpp.Loader::loadLibrary @ 371 (1711 bytes)

Stack: [0x0000003dcef00000,0x0000003dcf000000]
Native frames: (J=compiled Java code, j=interpreted, Vv=VM code, C=native code)
V  [jvm.dll+0x678b0a]
V  [jvm.dll+0x835e84]
V  [jvm.dll+0x83762e]
V  [jvm.dll+0x837c93]
V  [jvm.dll+0x24746f]
V  [jvm.dll+0xac20c]
V  [jvm.dll+0xac7dc]
V  [jvm.dll+0xac31b]
V  [jvm.dll+0x69dd28]
V  [jvm.dll+0x1a99d3]
V  [jvm.dll+0x69e660]
V  [jvm.dll+0x5a3b80]
V  [jvm.dll+0x5a2b3f]
V  [jvm.dll+0x59d071]
V  [jvm.dll+0x21bb8a]
V  [jvm.dll+0x218f0b]
V  [jvm.dll+0x1a534d]
V  [jvm.dll+0x228d8a]
V  [jvm.dll+0x226dcc]
V  [jvm.dll+0x7ec09b]
V  [jvm.dll+0x7e64ca]
V  [jvm.dll+0x677955]
C  [ucrtbase.dll+0x21bb2]
C  [KERNEL32.DLL+0x17374]
C  [ntdll.dll+0x4cc91]


---------------  P R O C E S S  ---------------

Threads class SMR info:
_java_thread_list=0x0000023cf1140660, length=26, elements={
0x0000023ce340a830, 0x0000023ce340b1f0, 0x0000023ce34228b0, 0x0000023ce3423270,
0x0000023ce3425c40, 0x0000023ce3426600, 0x0000023ce34272f0, 0x0000023ce342b1f0,
0x0000023ce3435220, 0x0000023ce36ca8d0, 0x0000023ce36cb960, 0x0000023ce36e0160,
0x0000023ce36e0840, 0x0000023ce36f1160, 0x0000023ce81a85c0, 0x0000023ce81c6020,
0x0000023ce81c6500, 0x0000023ce82ab960, 0x0000023ce8335470, 0x0000023cc5397f50,
0x0000023ce846f0d0, 0x0000023ce846e1a0, 0x0000023ce846faf0, 0x0000023ce846c850,
0x0000023ce846d270, 0x0000023ce8470000
}

Java Threads: ( => current thread )
  0x0000023ce340a830 JavaThread "Reference Handler" daemon [_thread_blocked, id=4132, stack(0x0000003dce900000,0x0000003dcea00000)]
  0x0000023ce340b1f0 JavaThread "Finalizer" daemon [_thread_blocked, id=19436, stack(0x0000003dcea00000,0x0000003dceb00000)]
  0x0000023ce34228b0 JavaThread "Signal Dispatcher" daemon [_thread_blocked, id=14480, stack(0x0000003dceb00000,0x0000003dcec00000)]
  0x0000023ce3423270 JavaThread "Attach Listener" daemon [_thread_blocked, id=15060, stack(0x0000003dcec00000,0x0000003dced00000)]
  0x0000023ce3425c40 JavaThread "Service Thread" daemon [_thread_blocked, id=4896, stack(0x0000003dced00000,0x0000003dcee00000)]
  0x0000023ce3426600 JavaThread "Monitor Deflation Thread" daemon [_thread_blocked, id=7424, stack(0x0000003dcee00000,0x0000003dcef00000)]
=>0x0000023ce34272f0 JavaThread "C2 CompilerThread0" daemon [_thread_in_native, id=23728, stack(0x0000003dcef00000,0x0000003dcf000000)]
  0x0000023ce342b1f0 JavaThread "C1 CompilerThread0" daemon [_thread_blocked, id=1928, stack(0x0000003dcf000000,0x0000003dcf100000)]
  0x0000023ce3435220 JavaThread "Sweeper thread" daemon [_thread_blocked, id=22952, stack(0x0000003dcf100000,0x0000003dcf200000)]
  0x0000023ce36ca8d0 JavaThread "JDWP Transport Listener: dt_socket" daemon [_thread_blocked, id=13368, stack(0x0000003dcf200000,0x0000003dcf300000)]
  0x0000023ce36cb960 JavaThread "JDWP Event Helper Thread" daemon [_thread_blocked, id=21692, stack(0x0000003dcf300000,0x0000003dcf400000)]
  0x0000023ce36e0160 JavaThread "JDWP Command Reader" daemon [_thread_in_native, id=11352, stack(0x0000003dcf400000,0x0000003dcf500000)]
  0x0000023ce36e0840 JavaThread "Notification Thread" daemon [_thread_blocked, id=21980, stack(0x0000003dcf500000,0x0000003dcf600000)]
  0x0000023ce36f1160 JavaThread "Common-Cleaner" daemon [_thread_blocked, id=19512, stack(0x0000003dcf700000,0x0000003dcf800000)]
  0x0000023ce81a85c0 JavaThread "Java2D Disposer" daemon [_thread_blocked, id=11860, stack(0x0000003dcf800000,0x0000003dcf900000)]
  0x0000023ce81c6020 JavaThread "AWT-Shutdown" [_thread_blocked, id=20468, stack(0x0000003dcf900000,0x0000003dcfa00000)]
  0x0000023ce81c6500 JavaThread "AWT-Windows" daemon [_thread_in_native, id=16592, stack(0x0000003dcfa00000,0x0000003dcfb00000)]
  0x0000023ce82ab960 JavaThread "AWT-EventQueue-0" [_thread_blocked, id=2804, stack(0x0000003dcfb00000,0x0000003dcfc00000)]
  0x0000023ce8335470 JavaThread "Animation Thread" [_thread_blocked, id=16368, stack(0x0000003dcfd00000,0x0000003dcfe00000)]
  0x0000023cc5397f50 JavaThread "DestroyJavaVM" [_thread_blocked, id=2332, stack(0x0000003dce200000,0x0000003dce300000)]
  0x0000023ce846f0d0 JavaThread "JNA Cleaner" daemon [_thread_blocked, id=11940, stack(0x0000003dcfe00000,0x0000003dcff00000)]
  0x0000023ce846e1a0 JavaThread "NativeObject Reaper" daemon [_thread_blocked, id=16180, stack(0x0000003dd0a00000,0x0000003dd0b00000)]
  0x0000023ce846faf0 JavaThread "gstreamer service thread 1" daemon [_thread_blocked, id=4784, stack(0x0000003dd1000000,0x0000003dd1100000)]
  0x0000023ce846c850 JavaThread "GstBus" daemon [_thread_blocked, id=13676, stack(0x0000003dd1300000,0x0000003dd1400000)]
  0x0000023ce846d270 JavaThread "JavaCPP Deallocator" daemon [_thread_blocked, id=24348, stack(0x0000003dd1500000,0x0000003dd1600000)]
  0x0000023ce8470000 JavaThread "GstBus" daemon [_thread_in_native, id=3340, stack(0x0000003dd1100000,0x0000003dd1200000)]

Other Threads:
  0x0000023ce3403f60 VMThread "VM Thread" [stack: 0x0000003dce800000,0x0000003dce900000] [id=13660]
  0x0000023ce36e0d20 WatcherThread [stack: 0x0000003dcf600000,0x0000003dcf700000] [id=14348]
  0x0000023cc53f17d0 GCTaskThread "GC Thread#0" [stack: 0x0000003dce300000,0x0000003dce400000] [id=5668]
  0x0000023ce9fc4e80 GCTaskThread "GC Thread#1" [stack: 0x0000003dd0000000,0x0000003dd0100000] [id=14612]
  0x0000023ce876aeb0 GCTaskThread "GC Thread#2" [stack: 0x0000003dd0100000,0x0000003dd0200000] [id=9796]
  0x0000023cea3ee410 GCTaskThread "GC Thread#3" [stack: 0x0000003dd0200000,0x0000003dd0300000] [id=13032]
  0x0000023cea3ee6d0 GCTaskThread "GC Thread#4" [stack: 0x0000003dd0300000,0x0000003dd0400000] [id=4668]
  0x0000023cea3ee990 GCTaskThread "GC Thread#5" [stack: 0x0000003dd0400000,0x0000003dd0500000] [id=23392]
  0x0000023ce851b7d0 GCTaskThread "GC Thread#6" [stack: 0x0000003dd0500000,0x0000003dd0600000] [id=20164]
  0x0000023cea0904d0 GCTaskThread "GC Thread#7" [stack: 0x0000003dd0600000,0x0000003dd0700000] [id=20412]
  0x0000023cc5401a60 ConcurrentGCThread "G1 Main Marker" [stack: 0x0000003dce400000,0x0000003dce500000] [id=9072]
  0x0000023cc5402c10 ConcurrentGCThread "G1 Conc#0" [stack: 0x0000003dce500000,0x0000003dce600000] [id=1788]
  0x0000023d64a49330 ConcurrentGCThread "G1 Conc#1" [stack: 0x0000003dd2500000,0x0000003dd2600000] [id=23120]
  0x0000023cc544e2c0 ConcurrentGCThread "G1 Refine#0" [stack: 0x0000003dce600000,0x0000003dce700000] [id=20684]
  0x0000023cea09f180 ConcurrentGCThread "G1 Refine#1" [stack: 0x0000003dd0700000,0x0000003dd0800000] [id=8720]
  0x0000023ce32bc100 ConcurrentGCThread "G1 Service" [stack: 0x0000003dce700000,0x0000003dce800000] [id=23720]

Threads with active compile tasks:
C2 CompilerThread0    10782 2824 %s!   4       org.bytedeco.javacpp.Loader::loadLibrary @ 371 (1711 bytes)

VM state: not at safepoint (normal execution)

VM Mutex/Monitor currently owned by a thread: None

Heap address: 0x0000000086600000, size: 1946 MB, Compressed Oops mode: 32-bit

CDS archive(s) mapped at: [0x0000023c80000000-0x0000023c80bd0000-0x0000023c80bd0000), size 12386304, SharedBaseAddress: 0x0000023c80000000, ArchiveRelocationMode: 1.
Compressed class space mapped at: 0x0000023c81000000-0x0000023cc1000000, reserved size: 1073741824
Narrow klass base: 0x0000023c80000000, Narrow klass shift: 0, Narrow klass range: 0x100000000

GC Precious Log:
 CPUs: 8 total, 8 available
 Memory: 7778M
 Large Page Support: Disabled
 NUMA Support: Disabled
 Compressed Oops: Enabled (32-bit)
 Heap Region Size: 1M
 Heap Min Capacity: 8M
 Heap Initial Capacity: 122M
 Heap Max Capacity: 1946M
 Pre-touch: Disabled
 Parallel Workers: 8
 Concurrent Workers: 2
 Concurrent Refinement Workers: 8
 Periodic GC: Disabled

Heap:
 garbage-first heap   total 124928K, used 60784K [0x0000000086600000, 0x0000000100000000)
  region size 1024K, 4 young (4096K), 3 survivors (3072K)
 Metaspace       used 23642K, committed 23872K, reserved 1114112K
  class space    used 2177K, committed 2304K, reserved 1048576K

Heap Regions: E=young(eden), S=young(survivor), O=old, HS=humongous(starts), HC=humongous(continues), CS=collection set, F=free, OA=open archive, CA=closed archive, TAMS=top-at-mark-start (previous, next)
|   0|0x0000000086600000, 0x0000000086700000, 0x0000000086700000|100%|HS|  |TAMS 0x0000000086700000, 0x0000000086700000| Complete 
|   1|0x0000000086700000, 0x0000000086800000, 0x0000000086800000|100%|HC|  |TAMS 0x0000000086800000, 0x0000000086800000| Complete 
|   2|0x0000000086800000, 0x0000000086900000, 0x0000000086900000|100%|HC|  |TAMS 0x0000000086900000, 0x0000000086900000| Complete 
|   3|0x0000000086900000, 0x0000000086a00000, 0x0000000086a00000|100%|HS|  |TAMS 0x0000000086a00000, 0x0000000086a00000| Complete 
|   4|0x0000000086a00000, 0x0000000086b00000, 0x0000000086b00000|100%|HC|  |TAMS 0x0000000086b00000, 0x0000000086b00000| Complete 
|   5|0x0000000086b00000, 0x0000000086c00000, 0x0000000086c00000|100%|HC|  |TAMS 0x0000000086c00000, 0x0000000086c00000| Complete 
|   6|0x0000000086c00000, 0x0000000086d00000, 0x0000000086d00000|100%|HS|  |TAMS 0x0000000086d00000, 0x0000000086d00000| Complete 
|   7|0x0000000086d00000, 0x0000000086e00000, 0x0000000086e00000|100%|HC|  |TAMS 0x0000000086e00000, 0x0000000086e00000| Complete 
|   8|0x0000000086e00000, 0x0000000086f00000, 0x0000000086f00000|100%|HC|  |TAMS 0x0000000086f00000, 0x0000000086f00000| Complete 
|   9|0x0000000086f00000, 0x0000000087000000, 0x0000000087000000|100%| O|  |TAMS 0x0000000087000000, 0x0000000087000000| Untracked 
|  10|0x0000000087000000, 0x0000000087100000, 0x0000000087100000|100%| O|  |TAMS 0x0000000087100000, 0x0000000087100000| Untracked 
|  11|0x0000000087100000, 0x0000000087200000, 0x0000000087200000|100%|HS|  |TAMS 0x0000000087200000, 0x0000000087200000| Complete 
|  12|0x0000000087200000, 0x0000000087300000, 0x0000000087300000|100%|HC|  |TAMS 0x0000000087300000, 0x0000000087300000| Complete 
|  13|0x0000000087300000, 0x0000000087400000, 0x0000000087400000|100%|HC|  |TAMS 0x0000000087400000, 0x0000000087400000| Complete 
|  14|0x0000000087400000, 0x0000000087500000, 0x0000000087500000|100%|HC|  |TAMS 0x0000000087500000, 0x0000000087500000| Complete 
|  15|0x0000000087500000, 0x0000000087500000, 0x0000000087600000|  0%| F|  |TAMS 0x0000000087500000, 0x0000000087500000| Untracked 
|  16|0x0000000087600000, 0x0000000087600000, 0x0000000087700000|  0%| F|  |TAMS 0x0000000087600000, 0x0000000087600000| Untracked 
|  17|0x0000000087700000, 0x0000000087800000, 0x0000000087800000|100%|HS|  |TAMS 0x0000000087800000, 0x0000000087800000| Complete 
|  18|0x0000000087800000, 0x0000000087900000, 0x0000000087900000|100%|HC|  |TAMS 0x0000000087900000, 0x0000000087900000| Complete 
|  19|0x0000000087900000, 0x0000000087a00000, 0x0000000087a00000|100%|HS|  |TAMS 0x0000000087a00000, 0x0000000087a00000| Complete 
|  20|0x0000000087a00000, 0x0000000087b00000, 0x0000000087b00000|100%|HC|  |TAMS 0x0000000087b00000, 0x0000000087b00000| Complete 
|  21|0x0000000087b00000, 0x0000000087c00000, 0x0000000087c00000|100%|HC|  |TAMS 0x0000000087c00000, 0x0000000087c00000| Complete 
|  22|0x0000000087c00000, 0x0000000087d00000, 0x0000000087d00000|100%|HC|  |TAMS 0x0000000087d00000, 0x0000000087d00000| Complete 
|  23|0x0000000087d00000, 0x0000000087e00000, 0x0000000087e00000|100%|HC|  |TAMS 0x0000000087e00000, 0x0000000087e00000| Complete 
|  24|0x0000000087e00000, 0x0000000087f00000, 0x0000000087f00000|100%|HS|  |TAMS 0x0000000087f00000, 0x0000000087f00000| Complete 
|  25|0x0000000087f00000, 0x0000000088000000, 0x0000000088000000|100%|HC|  |TAMS 0x0000000088000000, 0x0000000088000000| Complete 
|  26|0x0000000088000000, 0x0000000088100000, 0x0000000088100000|100%|HC|  |TAMS 0x0000000088100000, 0x0000000088100000| Complete 
|  27|0x0000000088100000, 0x0000000088200000, 0x0000000088200000|100%|HC|  |TAMS 0x0000000088200000, 0x0000000088200000| Complete 
|  28|0x0000000088200000, 0x0000000088300000, 0x0000000088300000|100%|HC|  |TAMS 0x0000000088300000, 0x0000000088300000| Complete 
|  29|0x0000000088300000, 0x0000000088400000, 0x0000000088400000|100%|HS|  |TAMS 0x0000000088400000, 0x0000000088400000| Complete 
|  30|0x0000000088400000, 0x0000000088500000, 0x0000000088500000|100%|HC|  |TAMS 0x0000000088500000, 0x0000000088500000| Complete 
|  31|0x0000000088500000, 0x0000000088600000, 0x0000000088600000|100%|HC|  |TAMS 0x0000000088600000, 0x0000000088600000| Complete 
|  32|0x0000000088600000, 0x0000000088700000, 0x0000000088700000|100%|HS|  |TAMS 0x0000000088600000, 0x0000000088700000| Complete 
|  33|0x0000000088700000, 0x0000000088800000, 0x0000000088800000|100%|HC|  |TAMS 0x0000000088700000, 0x0000000088800000| Complete 
|  34|0x0000000088800000, 0x0000000088900000, 0x0000000088900000|100%|HC|  |TAMS 0x0000000088800000, 0x0000000088900000| Complete 
|  35|0x0000000088900000, 0x0000000088a00000, 0x0000000088a00000|100%|HC|  |TAMS 0x0000000088900000, 0x0000000088a00000| Complete 
|  36|0x0000000088a00000, 0x0000000088b00000, 0x0000000088b00000|100%| O|  |TAMS 0x0000000088b00000, 0x0000000088b00000| Untracked 
|  37|0x0000000088b00000, 0x0000000088c00000, 0x0000000088c00000|100%| O|  |TAMS 0x0000000088c00000, 0x0000000088c00000| Untracked 
|  38|0x0000000088c00000, 0x0000000088c71200, 0x0000000088d00000| 44%| O|  |TAMS 0x0000000088c71200, 0x0000000088c71200| Untracked 
|  39|0x0000000088d00000, 0x0000000088e00000, 0x0000000088e00000|100%|HS|  |TAMS 0x0000000088e00000, 0x0000000088e00000| Complete 
|  40|0x0000000088e00000, 0x0000000088f00000, 0x0000000088f00000|100%|HC|  |TAMS 0x0000000088f00000, 0x0000000088f00000| Complete 
|  41|0x0000000088f00000, 0x0000000089000000, 0x0000000089000000|100%|HC|  |TAMS 0x0000000089000000, 0x0000000089000000| Complete 
|  42|0x0000000089000000, 0x0000000089100000, 0x0000000089100000|100%|HC|  |TAMS 0x0000000089100000, 0x0000000089100000| Complete 
|  43|0x0000000089100000, 0x0000000089200000, 0x0000000089200000|100%|HS|  |TAMS 0x0000000089100000, 0x0000000089200000| Complete 
|  44|0x0000000089200000, 0x0000000089300000, 0x0000000089300000|100%|HC|  |TAMS 0x0000000089200000, 0x0000000089300000| Complete 
|  45|0x0000000089300000, 0x0000000089400000, 0x0000000089400000|100%|HC|  |TAMS 0x0000000089300000, 0x0000000089400000| Complete 
|  46|0x0000000089400000, 0x0000000089500000, 0x0000000089500000|100%|HC|  |TAMS 0x0000000089400000, 0x0000000089500000| Complete 
|  47|0x0000000089500000, 0x0000000089600000, 0x0000000089600000|100%|HS|  |TAMS 0x0000000089500000, 0x0000000089600000| Complete 
|  48|0x0000000089600000, 0x0000000089700000, 0x0000000089700000|100%|HC|  |TAMS 0x0000000089600000, 0x0000000089700000| Complete 
|  49|0x0000000089700000, 0x0000000089800000, 0x0000000089800000|100%|HC|  |TAMS 0x0000000089700000, 0x0000000089800000| Complete 
|  50|0x0000000089800000, 0x0000000089900000, 0x0000000089900000|100%|HC|  |TAMS 0x0000000089800000, 0x0000000089900000| Complete 
|  51|0x0000000089900000, 0x0000000089a00000, 0x0000000089a00000|100%|HS|  |TAMS 0x0000000089900000, 0x0000000089a00000| Complete 
|  52|0x0000000089a00000, 0x0000000089b00000, 0x0000000089b00000|100%|HC|  |TAMS 0x0000000089a00000, 0x0000000089b00000| Complete 
|  53|0x0000000089b00000, 0x0000000089c00000, 0x0000000089c00000|100%|HC|  |TAMS 0x0000000089b00000, 0x0000000089c00000| Complete 
|  54|0x0000000089c00000, 0x0000000089d00000, 0x0000000089d00000|100%|HC|  |TAMS 0x0000000089c00000, 0x0000000089d00000| Complete 
|  55|0x0000000089d00000, 0x0000000089e00000, 0x0000000089e00000|100%|HS|  |TAMS 0x0000000089d00000, 0x0000000089d00000| Complete 
|  56|0x0000000089e00000, 0x0000000089f00000, 0x0000000089f00000|100%|HC|  |TAMS 0x0000000089e00000, 0x0000000089e00000| Complete 
|  57|0x0000000089f00000, 0x000000008a000000, 0x000000008a000000|100%|HC|  |TAMS 0x0000000089f00000, 0x0000000089f00000| Complete 
|  58|0x000000008a000000, 0x000000008a100000, 0x000000008a100000|100%|HC|  |TAMS 0x000000008a000000, 0x000000008a000000| Complete 
|  59|0x000000008a100000, 0x000000008a100000, 0x000000008a200000|  0%| F|  |TAMS 0x000000008a100000, 0x000000008a100000| Untracked 
|  60|0x000000008a200000, 0x000000008a200000, 0x000000008a300000|  0%| F|  |TAMS 0x000000008a200000, 0x000000008a200000| Untracked 
|  61|0x000000008a300000, 0x000000008a300000, 0x000000008a400000|  0%| F|  |TAMS 0x000000008a300000, 0x000000008a300000| Untracked 
|  62|0x000000008a400000, 0x000000008a400000, 0x000000008a500000|  0%| F|  |TAMS 0x000000008a400000, 0x000000008a400000| Untracked 
|  63|0x000000008a500000, 0x000000008a500000, 0x000000008a600000|  0%| F|  |TAMS 0x000000008a500000, 0x000000008a500000| Untracked 
|  64|0x000000008a600000, 0x000000008a600000, 0x000000008a700000|  0%| F|  |TAMS 0x000000008a600000, 0x000000008a600000| Untracked 
|  65|0x000000008a700000, 0x000000008a700000, 0x000000008a800000|  0%| F|  |TAMS 0x000000008a700000, 0x000000008a700000| Untracked 
|  66|0x000000008a800000, 0x000000008a800000, 0x000000008a900000|  0%| F|  |TAMS 0x000000008a800000, 0x000000008a800000| Untracked 
|  67|0x000000008a900000, 0x000000008a900000, 0x000000008aa00000|  0%| F|  |TAMS 0x000000008a900000, 0x000000008a900000| Untracked 
|  68|0x000000008aa00000, 0x000000008aa00000, 0x000000008ab00000|  0%| F|  |TAMS 0x000000008aa00000, 0x000000008aa00000| Untracked 
|  69|0x000000008ab00000, 0x000000008ab00000, 0x000000008ac00000|  0%| F|  |TAMS 0x000000008ab00000, 0x000000008ab00000| Untracked 
|  70|0x000000008ac00000, 0x000000008ac00000, 0x000000008ad00000|  0%| F|  |TAMS 0x000000008ac00000, 0x000000008ac00000| Untracked 
|  71|0x000000008ad00000, 0x000000008ad00000, 0x000000008ae00000|  0%| F|  |TAMS 0x000000008ad00000, 0x000000008ad00000| Untracked 
|  72|0x000000008ae00000, 0x000000008ae00000, 0x000000008af00000|  0%| F|  |TAMS 0x000000008ae00000, 0x000000008ae00000| Untracked 
|  73|0x000000008af00000, 0x000000008af00000, 0x000000008b000000|  0%| F|  |TAMS 0x000000008af00000, 0x000000008af00000| Untracked 
|  74|0x000000008b000000, 0x000000008b000000, 0x000000008b100000|  0%| F|  |TAMS 0x000000008b000000, 0x000000008b000000| Untracked 
|  75|0x000000008b100000, 0x000000008b100000, 0x000000008b200000|  0%| F|  |TAMS 0x000000008b100000, 0x000000008b100000| Untracked 
|  76|0x000000008b200000, 0x000000008b200000, 0x000000008b300000|  0%| F|  |TAMS 0x000000008b200000, 0x000000008b200000| Untracked 
|  77|0x000000008b300000, 0x000000008b300000, 0x000000008b400000|  0%| F|  |TAMS 0x000000008b300000, 0x000000008b300000| Untracked 
|  78|0x000000008b400000, 0x000000008b400000, 0x000000008b500000|  0%| F|  |TAMS 0x000000008b400000, 0x000000008b400000| Untracked 
|  79|0x000000008b500000, 0x000000008b500000, 0x000000008b600000|  0%| F|  |TAMS 0x000000008b500000, 0x000000008b500000| Untracked 
|  80|0x000000008b600000, 0x000000008b600000, 0x000000008b700000|  0%| F|  |TAMS 0x000000008b600000, 0x000000008b600000| Untracked 
|  81|0x000000008b700000, 0x000000008b700000, 0x000000008b800000|  0%| F|  |TAMS 0x000000008b700000, 0x000000008b700000| Untracked 
|  82|0x000000008b800000, 0x000000008b800000, 0x000000008b900000|  0%| F|  |TAMS 0x000000008b800000, 0x000000008b800000| Untracked 
|  83|0x000000008b900000, 0x000000008b900000, 0x000000008ba00000|  0%| F|  |TAMS 0x000000008b900000, 0x000000008b900000| Untracked 
|  84|0x000000008ba00000, 0x000000008ba00000, 0x000000008bb00000|  0%| F|  |TAMS 0x000000008ba00000, 0x000000008ba00000| Untracked 
|  85|0x000000008bb00000, 0x000000008bb00000, 0x000000008bc00000|  0%| F|  |TAMS 0x000000008bb00000, 0x000000008bb00000| Untracked 
|  86|0x000000008bc00000, 0x000000008bc00000, 0x000000008bd00000|  0%| F|  |TAMS 0x000000008bc00000, 0x000000008bc00000| Untracked 
|  87|0x000000008bd00000, 0x000000008bd00000, 0x000000008be00000|  0%| F|  |TAMS 0x000000008bd00000, 0x000000008bd00000| Untracked 
|  88|0x000000008be00000, 0x000000008be00000, 0x000000008bf00000|  0%| F|  |TAMS 0x000000008be00000, 0x000000008be00000| Untracked 
|  89|0x000000008bf00000, 0x000000008bf00000, 0x000000008c000000|  0%| F|  |TAMS 0x000000008bf00000, 0x000000008bf00000| Untracked 
|  90|0x000000008c000000, 0x000000008c000000, 0x000000008c100000|  0%| F|  |TAMS 0x000000008c000000, 0x000000008c000000| Untracked 
|  91|0x000000008c100000, 0x000000008c100000, 0x000000008c200000|  0%| F|  |TAMS 0x000000008c100000, 0x000000008c100000| Untracked 
|  92|0x000000008c200000, 0x000000008c200000, 0x000000008c300000|  0%| F|  |TAMS 0x000000008c200000, 0x000000008c200000| Untracked 
|  93|0x000000008c300000, 0x000000008c300000, 0x000000008c400000|  0%| F|  |TAMS 0x000000008c300000, 0x000000008c300000| Untracked 
|  94|0x000000008c400000, 0x000000008c400000, 0x000000008c500000|  0%| F|  |TAMS 0x000000008c400000, 0x000000008c400000| Untracked 
|  95|0x000000008c500000, 0x000000008c500000, 0x000000008c600000|  0%| F|  |TAMS 0x000000008c500000, 0x000000008c500000| Untracked 
|  96|0x000000008c600000, 0x000000008c600000, 0x000000008c700000|  0%| F|  |TAMS 0x000000008c600000, 0x000000008c600000| Untracked 
|  97|0x000000008c700000, 0x000000008c700000, 0x000000008c800000|  0%| F|  |TAMS 0x000000008c700000, 0x000000008c700000| Untracked 
|  98|0x000000008c800000, 0x000000008c800000, 0x000000008c900000|  0%| F|  |TAMS 0x000000008c800000, 0x000000008c800000| Untracked 
|  99|0x000000008c900000, 0x000000008c900000, 0x000000008ca00000|  0%| F|  |TAMS 0x000000008c900000, 0x000000008c900000| Untracked 
| 100|0x000000008ca00000, 0x000000008ca00000, 0x000000008cb00000|  0%| F|  |TAMS 0x000000008ca00000, 0x000000008ca00000| Untracked 
| 101|0x000000008cb00000, 0x000000008cb00000, 0x000000008cc00000|  0%| F|  |TAMS 0x000000008cb00000, 0x000000008cb00000| Untracked 
| 102|0x000000008cc00000, 0x000000008cc00000, 0x000000008cd00000|  0%| F|  |TAMS 0x000000008cc00000, 0x000000008cc00000| Untracked 
| 103|0x000000008cd00000, 0x000000008cd00000, 0x000000008ce00000|  0%| F|  |TAMS 0x000000008cd00000, 0x000000008cd00000| Untracked 
| 104|0x000000008ce00000, 0x000000008ce00000, 0x000000008cf00000|  0%| F|  |TAMS 0x000000008ce00000, 0x000000008ce00000| Untracked 
| 105|0x000000008cf00000, 0x000000008cf00000, 0x000000008d000000|  0%| F|  |TAMS 0x000000008cf00000, 0x000000008cf00000| Untracked 
| 106|0x000000008d000000, 0x000000008d000000, 0x000000008d100000|  0%| F|  |TAMS 0x000000008d000000, 0x000000008d000000| Untracked 
| 107|0x000000008d100000, 0x000000008d100000, 0x000000008d200000|  0%| F|  |TAMS 0x000000008d100000, 0x000000008d100000| Untracked 
| 108|0x000000008d200000, 0x000000008d200000, 0x000000008d300000|  0%| F|  |TAMS 0x000000008d200000, 0x000000008d200000| Untracked 
| 109|0x000000008d300000, 0x000000008d300000, 0x000000008d400000|  0%| F|  |TAMS 0x000000008d300000, 0x000000008d300000| Untracked 
| 110|0x000000008d400000, 0x000000008d400000, 0x000000008d500000|  0%| F|  |TAMS 0x000000008d400000, 0x000000008d400000| Untracked 
| 111|0x000000008d500000, 0x000000008d500000, 0x000000008d600000|  0%| F|  |TAMS 0x000000008d500000, 0x000000008d500000| Untracked 
| 112|0x000000008d600000, 0x000000008d600000, 0x000000008d700000|  0%| F|  |TAMS 0x000000008d600000, 0x000000008d600000| Untracked 
| 113|0x000000008d700000, 0x000000008d700000, 0x000000008d800000|  0%| F|  |TAMS 0x000000008d700000, 0x000000008d700000| Untracked 
| 114|0x000000008d800000, 0x000000008d800000, 0x000000008d900000|  0%| F|  |TAMS 0x000000008d800000, 0x000000008d800000| Untracked 
| 115|0x000000008d900000, 0x000000008d900000, 0x000000008da00000|  0%| F|  |TAMS 0x000000008d900000, 0x000000008d900000| Untracked 
| 116|0x000000008da00000, 0x000000008da00000, 0x000000008db00000|  0%| F|  |TAMS 0x000000008da00000, 0x000000008da00000| Untracked 
| 117|0x000000008db00000, 0x000000008dbeb180, 0x000000008dc00000| 91%| S|CS|TAMS 0x000000008db00000, 0x000000008db00000| Complete 
| 118|0x000000008dc00000, 0x000000008dd00000, 0x000000008dd00000|100%| S|CS|TAMS 0x000000008dc00000, 0x000000008dc00000| Complete 
| 119|0x000000008dd00000, 0x000000008de00000, 0x000000008de00000|100%| S|CS|TAMS 0x000000008dd00000, 0x000000008dd00000| Complete 
| 120|0x000000008de00000, 0x000000008de00000, 0x000000008df00000|  0%| F|  |TAMS 0x000000008de00000, 0x000000008de00000| Untracked 
| 121|0x000000008df00000, 0x000000008dfc04a0, 0x000000008e000000| 75%| E|  |TAMS 0x000000008df00000, 0x000000008df00000| Complete 

Card table byte_map: [0x0000023cdc580000,0x0000023cdc950000] _byte_map_base: 0x0000023cdc14d000

Marking Bits (Prev, Next): (CMBitMap*) 0x0000023cc53f1e30, (CMBitMap*) 0x0000023cc53f1df0
 Prev Bits: [0x0000023cdeb90000, 0x0000023ce09f8000)
 Next Bits: [0x0000023cdcd20000, 0x0000023cdeb88000)

Polling page: 0x0000023cc32f0000

Metaspace:

Usage:
  Non-class:     20.96 MB used.
      Class:      2.13 MB used.
       Both:     23.09 MB used.

Virtual space:
  Non-class space:       64.00 MB reserved,      21.06 MB ( 33%) committed,  1 nodes.
      Class space:        1.00 GB reserved,       2.25 MB ( <1%) committed,  1 nodes.
             Both:        1.06 GB reserved,      23.31 MB (  2%) committed. 

Chunk freelists:
   Non-Class:  10.06 MB
       Class:  13.72 MB
        Both:  23.78 MB

MaxMetaspaceSize: unlimited
CompressedClassSpaceSize: 1.00 GB
Initial GC threshold: 21.00 MB
Current GC threshold: 35.12 MB
CDS: on
MetaspaceReclaimPolicy: balanced
 - commit_granule_bytes: 65536.
 - commit_granule_words: 8192.
 - virtual_space_node_default_size: 8388608.
 - enlarge_chunks_in_place: 1.
 - new_chunks_are_fully_committed: 0.
 - uncommit_free_chunks: 1.
 - use_allocation_guard: 0.
 - handle_deallocations: 1.


Internal statistics:

num_allocs_failed_limit: 3.
num_arena_births: 202.
num_arena_deaths: 0.
num_vsnodes_births: 2.
num_vsnodes_deaths: 0.
num_space_committed: 371.
num_space_uncommitted: 0.
num_chunks_returned_to_freelist: 3.
num_chunks_taken_from_freelist: 741.
num_chunk_merges: 3.
num_chunk_splits: 564.
num_chunks_enlarged: 449.
num_inconsistent_stats: 0.

CodeHeap 'non-profiled nmethods': size=120000Kb used=2102Kb max_used=2102Kb free=117897Kb
 bounds [0x0000023cd4950000, 0x0000023cd4bc0000, 0x0000023cdbe80000]
CodeHeap 'profiled nmethods': size=120000Kb used=6723Kb max_used=6723Kb free=113276Kb
 bounds [0x0000023ccce80000, 0x0000023ccd520000, 0x0000023cd43b0000]
CodeHeap 'non-nmethods': size=5760Kb used=2071Kb max_used=2157Kb free=3688Kb
 bounds [0x0000023cd43b0000, 0x0000023cd4620000, 0x0000023cd4950000]
 total_blobs=4307 nmethods=2849 adapters=1370
 compilation: enabled
              stopped_count=0, restarted_count=0
 full_count=0

Compilation events (20 events):
Event: 10.598 Thread 0x0000023ce342b1f0 2839       3       processing.core.PGraphics::textMode (103 bytes)
Event: 10.599 Thread 0x0000023ce342b1f0 nmethod 2839 0x0000023ccd509c90 code [0x0000023ccd509ec0, 0x0000023ccd50a458]
Event: 10.599 Thread 0x0000023ce342b1f0 2840       3       processing.awt.PGraphicsJava2D::textModeCheck (11 bytes)
Event: 10.599 Thread 0x0000023ce342b1f0 nmethod 2840 0x0000023ccd50a610 code [0x0000023ccd50a7a0, 0x0000023ccd50a918]
Event: 10.599 Thread 0x0000023ce342b1f0 2845       3       sun.font.StandardGlyphVector::setupGlyphImages (110 bytes)
Event: 10.599 Thread 0x0000023ce342b1f0 nmethod 2845 0x0000023ccd50a990 code [0x0000023ccd50abe0, 0x0000023ccd50b318]
Event: 10.599 Thread 0x0000023ce342b1f0 2846       3       sun.font.StandardGlyphVector::setRenderTransform (44 bytes)
Event: 10.599 Thread 0x0000023ce342b1f0 nmethod 2846 0x0000023ccd50b610 code [0x0000023ccd50b7e0, 0x0000023ccd50ba68]
Event: 10.599 Thread 0x0000023ce342b1f0 2847       3       sun.font.StandardGlyphVector::matchTX (50 bytes)
Event: 10.600 Thread 0x0000023ce342b1f0 nmethod 2847 0x0000023ccd50bb90 code [0x0000023ccd50bd40, 0x0000023ccd50c0d8]
Event: 10.644 Thread 0x0000023ce342b1f0 2849       3       java.lang.Class::copyFields (36 bytes)
Event: 10.645 Thread 0x0000023ce342b1f0 nmethod 2849 0x0000023ccd50c290 code [0x0000023ccd50c4e0, 0x0000023ccd50cfa8]
Event: 10.645 Thread 0x0000023ce342b1f0 2850   !   3       com.sun.jna.Structure::validateField (129 bytes)
Event: 10.646 Thread 0x0000023ce342b1f0 nmethod 2850 0x0000023ccd50d410 code [0x0000023ccd50d7c0, 0x0000023ccd50ec88]
Event: 10.646 Thread 0x0000023ce342b1f0 2851       3       java.lang.Class::getDeclaredFields (27 bytes)
Event: 10.646 Thread 0x0000023ce342b1f0 nmethod 2851 0x0000023ccd50f410 code [0x0000023ccd50f600, 0x0000023ccd50f938]
Event: 10.646 Thread 0x0000023ce342b1f0 2852       3       com.sun.jna.Structure::getNativeSize (7 bytes)
Event: 10.646 Thread 0x0000023ce342b1f0 nmethod 2852 0x0000023ccd50fa90 code [0x0000023ccd50fc40, 0x0000023ccd50fe68]
Event: 10.667 Thread 0x0000023ce342b1f0 2853       3       jdk.internal.loader.NativeLibraries::find (72 bytes)
Event: 10.667 Thread 0x0000023ce342b1f0 nmethod 2853 0x0000023ccd50ff90 code [0x0000023ccd5101c0, 0x0000023ccd510a58]

GC Heap History (12 events):
Event: 1.031 GC heap before
{Heap before GC invocations=0 (full 0):
 garbage-first heap   total 124928K, used 31744K [0x0000000086600000, 0x0000000100000000)
  region size 1024K, 23 young (23552K), 0 survivors (0K)
 Metaspace       used 9157K, committed 9408K, reserved 1114112K
  class space    used 898K, committed 1024K, reserved 1048576K
}
Event: 1.036 GC heap after
{Heap after GC invocations=1 (full 0):
 garbage-first heap   total 124928K, used 13790K [0x0000000086600000, 0x0000000100000000)
  region size 1024K, 3 young (3072K), 3 survivors (3072K)
 Metaspace       used 9157K, committed 9408K, reserved 1114112K
  class space    used 898K, committed 1024K, reserved 1048576K
}
Event: 4.497 GC heap before
{Heap before GC invocations=1 (full 0):
 garbage-first heap   total 124928K, used 67038K [0x0000000086600000, 0x0000000100000000)
  region size 1024K, 30 young (30720K), 3 survivors (3072K)
 Metaspace       used 13177K, committed 13440K, reserved 1114112K
  class space    used 1390K, committed 1536K, reserved 1048576K
}
Event: 4.500 GC heap after
{Heap after GC invocations=2 (full 0):
 garbage-first heap   total 124928K, used 34925K [0x0000000086600000, 0x0000000100000000)
  region size 1024K, 2 young (2048K), 2 survivors (2048K)
 Metaspace       used 13177K, committed 13440K, reserved 1114112K
  class space    used 1390K, committed 1536K, reserved 1048576K
}
Event: 7.236 GC heap before
{Heap before GC invocations=2 (full 0):
 garbage-first heap   total 124928K, used 107629K [0x0000000086600000, 0x0000000100000000)
  region size 1024K, 60 young (61440K), 2 survivors (2048K)
 Metaspace       used 20555K, committed 20800K, reserved 1114112K
  class space    used 1735K, committed 1856K, reserved 1048576K
}
Event: 7.238 GC heap after
{Heap after GC invocations=3 (full 0):
 garbage-first heap   total 124928K, used 39844K [0x0000000086600000, 0x0000000100000000)
  region size 1024K, 3 young (3072K), 3 survivors (3072K)
 Metaspace       used 20555K, committed 20800K, reserved 1114112K
  class space    used 1735K, committed 1856K, reserved 1048576K
}
Event: 7.398 GC heap before
{Heap before GC invocations=3 (full 0):
 garbage-first heap   total 124928K, used 49060K [0x0000000086600000, 0x0000000100000000)
  region size 1024K, 13 young (13312K), 3 survivors (3072K)
 Metaspace       used 21288K, committed 21504K, reserved 1114112K
  class space    used 1808K, committed 1920K, reserved 1048576K
}
Event: 7.400 GC heap after
{Heap after GC invocations=4 (full 0):
 garbage-first heap   total 124928K, used 39834K [0x0000000086600000, 0x0000000100000000)
  region size 1024K, 3 young (3072K), 3 survivors (3072K)
 Metaspace       used 21288K, committed 21504K, reserved 1114112K
  class space    used 1808K, committed 1920K, reserved 1048576K
}
Event: 10.584 GC heap before
{Heap before GC invocations=5 (full 0):
 garbage-first heap   total 124928K, used 102298K [0x0000000086600000, 0x0000000100000000)
  region size 1024K, 49 young (50176K), 3 survivors (3072K)
 Metaspace       used 23591K, committed 23872K, reserved 1114112K
  class space    used 2176K, committed 2304K, reserved 1048576K
}
Event: 10.587 GC heap after
{Heap after GC invocations=6 (full 0):
 garbage-first heap   total 124928K, used 48477K [0x0000000086600000, 0x0000000100000000)
  region size 1024K, 3 young (3072K), 3 survivors (3072K)
 Metaspace       used 23591K, committed 23872K, reserved 1114112K
  class space    used 2176K, committed 2304K, reserved 1048576K
}
Event: 10.660 GC heap before
{Heap before GC invocations=6 (full 0):
 garbage-first heap   total 124928K, used 57693K [0x0000000086600000, 0x0000000100000000)
  region size 1024K, 5 young (5120K), 3 survivors (3072K)
 Metaspace       used 23612K, committed 23872K, reserved 1114112K
  class space    used 2177K, committed 2304K, reserved 1048576K
}
Event: 10.662 GC heap after
{Heap after GC invocations=7 (full 0):
 garbage-first heap   total 124928K, used 56688K [0x0000000086600000, 0x0000000100000000)
  region size 1024K, 3 young (3072K), 3 survivors (3072K)
 Metaspace       used 23612K, committed 23872K, reserved 1114112K
  class space    used 2177K, committed 2304K, reserved 1048576K
}

Dll operation events (20 events):
Event: 7.692 Loaded shared library C:\Users\Ben\.javacpp\cache\opencv-4.6.0-1.5.8-windows-x86_64.jar\org\bytedeco\opencv\windows-x86_64\opencv_text460.dll
Event: 7.695 Loaded shared library C:\Users\Ben\.javacpp\cache\opencv-4.6.0-1.5.8-windows-x86_64.jar\org\bytedeco\opencv\windows-x86_64\jniopencv_text.dll
Event: 7.714 Loaded shared library C:\Users\Ben\.javacpp\cache\opencv-4.6.0-1.5.8-windows-x86_64.jar\org\bytedeco\opencv\windows-x86_64\opencv_plot460.dll
Event: 7.719 Loaded shared library C:\Users\Ben\.javacpp\cache\opencv-4.6.0-1.5.8-windows-x86_64.jar\org\bytedeco\opencv\windows-x86_64\jniopencv_plot.dll
Event: 7.736 Loaded shared library C:\Users\Ben\.javacpp\cache\opencv-4.6.0-1.5.8-windows-x86_64.jar\org\bytedeco\opencv\windows-x86_64\opencv_tracking460.dll
Event: 7.740 Loaded shared library C:\Users\Ben\.javacpp\cache\opencv-4.6.0-1.5.8-windows-x86_64.jar\org\bytedeco\opencv\windows-x86_64\jniopencv_tracking.dll
Event: 7.764 Loaded shared library C:\Users\Ben\.javacpp\cache\opencv-4.6.0-1.5.8-windows-x86_64.jar\org\bytedeco\opencv\windows-x86_64\opencv_shape460.dll
Event: 7.767 Loaded shared library C:\Users\Ben\.javacpp\cache\opencv-4.6.0-1.5.8-windows-x86_64.jar\org\bytedeco\opencv\windows-x86_64\jniopencv_shape.dll
Event: 7.786 Loaded shared library C:\Users\Ben\.javacpp\cache\opencv-4.6.0-1.5.8-windows-x86_64.jar\org\bytedeco\opencv\windows-x86_64\opencv_xfeatures2d460.dll
Event: 7.789 Loaded shared library C:\Users\Ben\.javacpp\cache\opencv-4.6.0-1.5.8-windows-x86_64.jar\org\bytedeco\opencv\windows-x86_64\jniopencv_xfeatures2d.dll
Event: 7.810 Loaded shared library C:\Users\Ben\.javacpp\cache\opencv-4.6.0-1.5.8-windows-x86_64.jar\org\bytedeco\opencv\windows-x86_64\opencv_ximgproc460.dll
Event: 7.814 Loaded shared library C:\Users\Ben\.javacpp\cache\opencv-4.6.0-1.5.8-windows-x86_64.jar\org\bytedeco\opencv\windows-x86_64\jniopencv_ximgproc.dll
Event: 7.834 Loaded shared library C:\Users\Ben\.javacpp\cache\opencv-4.6.0-1.5.8-windows-x86_64.jar\org\bytedeco\opencv\windows-x86_64\opencv_xphoto460.dll
Event: 7.837 Loaded shared library C:\Users\Ben\.javacpp\cache\opencv-4.6.0-1.5.8-windows-x86_64.jar\org\bytedeco\opencv\windows-x86_64\jniopencv_xphoto.dll
Event: 7.855 Loaded shared library C:\Users\Ben\.javacpp\cache\opencv-4.6.0-1.5.8-windows-x86_64.jar\org\bytedeco\opencv\windows-x86_64\opencv_barcode460.dll
Event: 7.858 Loaded shared library C:\Users\Ben\.javacpp\cache\opencv-4.6.0-1.5.8-windows-x86_64.jar\org\bytedeco\opencv\windows-x86_64\jniopencv_barcode.dll
Event: 7.875 Loaded shared library C:\Users\Ben\.javacpp\cache\opencv-4.6.0-1.5.8-windows-x86_64.jar\org\bytedeco\opencv\windows-x86_64\opencv_wechat_qrcode460.dll
Event: 7.879 Loaded shared library C:\Users\Ben\.javacpp\cache\opencv-4.6.0-1.5.8-windows-x86_64.jar\org\bytedeco\opencv\windows-x86_64\jniopencv_wechat_qrcode.dll
Event: 7.906 Loaded shared library C:\Users\Ben\.javacpp\cache\opencv-4.6.0-1.5.8-windows-x86_64.jar\org\bytedeco\opencv\windows-x86_64\opencv_java.dll
Event: 7.920 Loaded shared library C:\Users\Ben\.javacpp\cache\opencv-4.6.0-1.5.8-windows-x86_64.jar\org\bytedeco\opencv\windows-x86_64\jniopencv_java.dll

Deoptimization events (20 events):
Event: 10.583 Thread 0x0000023ce846c850 DEOPT PACKING pc=0x0000023ccd3fa1a4 sp=0x0000003dd13fbae0
Event: 10.583 Thread 0x0000023ce846c850 DEOPT UNPACKING pc=0x0000023cd440ace3 sp=0x0000003dd13fb568 mode 1
Event: 10.584 Thread 0x0000023ce846c850 DEOPT PACKING pc=0x0000023ccd35e6ac sp=0x0000003dd13fc0f0
Event: 10.584 Thread 0x0000023ce846c850 DEOPT UNPACKING pc=0x0000023cd440ace3 sp=0x0000003dd13fb638 mode 1
Event: 10.584 Thread 0x0000023ce846c850 DEOPT PACKING pc=0x0000023ccd35e6ac sp=0x0000003dd13fb9f0
Event: 10.584 Thread 0x0000023ce846c850 DEOPT UNPACKING pc=0x0000023cd440ace3 sp=0x0000003dd13faf28 mode 1
Event: 10.584 Thread 0x0000023ce846c850 DEOPT PACKING pc=0x0000023ccd3fa1a4 sp=0x0000003dd13fbae0
Event: 10.584 Thread 0x0000023ce846c850 DEOPT UNPACKING pc=0x0000023cd440ace3 sp=0x0000003dd13fb568 mode 1
Event: 10.584 Thread 0x0000023ce846c850 DEOPT PACKING pc=0x0000023ccd35e6ac sp=0x0000003dd13fc0f0
Event: 10.584 Thread 0x0000023ce846c850 DEOPT UNPACKING pc=0x0000023cd440ace3 sp=0x0000003dd13fb638 mode 1
Event: 10.584 Thread 0x0000023ce846c850 DEOPT PACKING pc=0x0000023ccd35e6ac sp=0x0000003dd13fb9f0
Event: 10.584 Thread 0x0000023ce846c850 DEOPT UNPACKING pc=0x0000023cd440ace3 sp=0x0000003dd13faf28 mode 1
Event: 10.584 Thread 0x0000023ce846c850 DEOPT PACKING pc=0x0000023ccd3fa1a4 sp=0x0000003dd13fbae0
Event: 10.584 Thread 0x0000023ce846c850 DEOPT UNPACKING pc=0x0000023cd440ace3 sp=0x0000003dd13fb568 mode 1
Event: 10.584 Thread 0x0000023ce846c850 DEOPT PACKING pc=0x0000023ccd35e6ac sp=0x0000003dd13fc0f0
Event: 10.584 Thread 0x0000023ce846c850 DEOPT UNPACKING pc=0x0000023cd440ace3 sp=0x0000003dd13fb638 mode 1
Event: 10.584 Thread 0x0000023ce846c850 DEOPT PACKING pc=0x0000023ccd35e6ac sp=0x0000003dd13fb9f0
Event: 10.584 Thread 0x0000023ce846c850 DEOPT UNPACKING pc=0x0000023cd440ace3 sp=0x0000003dd13faf28 mode 1
Event: 10.584 Thread 0x0000023ce846c850 DEOPT PACKING pc=0x0000023ccd3fa1a4 sp=0x0000003dd13fbae0
Event: 10.584 Thread 0x0000023ce846c850 DEOPT UNPACKING pc=0x0000023cd440ace3 sp=0x0000003dd13fb568 mode 1

Classes unloaded (0 events):
No events

Classes redefined (0 events):
No events

Internal exceptions (20 events):
Event: 1.287 Thread 0x0000023ce8335470 Exception <a 'java/lang/UnsatisfiedLinkError'{0x000000008d8932e8}: The specified module could not be found.
> (0x000000008d8932e8) 
thrown [s\src\hotspot\share\prims\jni.cpp, line 535]
Event: 1.289 Thread 0x0000023ce8335470 Exception <a 'java/lang/UnsatisfiedLinkError'{0x000000008d8a39a0}: The specified module could not be found.
> (0x000000008d8a39a0) 
thrown [s\src\hotspot\share\prims\jni.cpp, line 535]
Event: 1.290 Thread 0x0000023ce8335470 Exception <a 'java/lang/UnsatisfiedLinkError'{0x000000008d8a41f8}: The specified module could not be found.
> (0x000000008d8a41f8) 
thrown [s\src\hotspot\share\prims\jni.cpp, line 535]
Event: 1.291 Thread 0x0000023ce8335470 Exception <a 'java/lang/UnsatisfiedLinkError'{0x000000008d8a49b0}: The specified module could not be found.
> (0x000000008d8a49b0) 
thrown [s\src\hotspot\share\prims\jni.cpp, line 535]
Event: 1.292 Thread 0x0000023ce8335470 Exception <a 'java/lang/UnsatisfiedLinkError'{0x000000008d8b2a90}: The specified module could not be found.
> (0x000000008d8b2a90) 
thrown [s\src\hotspot\share\prims\jni.cpp, line 535]
Event: 1.293 Thread 0x0000023ce8335470 Exception <a 'java/lang/UnsatisfiedLinkError'{0x000000008d8b32e8}: The specified module could not be found.
> (0x000000008d8b32e8) 
thrown [s\src\hotspot\share\prims\jni.cpp, line 535]
Event: 1.294 Thread 0x0000023ce8335470 Exception <a 'java/lang/UnsatisfiedLinkError'{0x000000008d8b3aa0}: The specified module could not be found.
> (0x000000008d8b3aa0) 
thrown [s\src\hotspot\share\prims\jni.cpp, line 535]
Event: 1.347 Thread 0x0000023ce8335470 Exception <a 'java/lang/NoSuchMethodError'{0x000000008d659928}: 'java.lang.Object java.lang.invoke.DirectMethodHandle$Holder.invokeInterface(java.lang.Object, java.lang.Object)'> (0x000000008d659928) 
thrown [s\src\hotspot\share\interpreter\linkResolver.cpp, line 759]
Event: 1.348 Thread 0x0000023ce8335470 Exception <a 'java/lang/NoSuchMethodError'{0x000000008d666db8}: 'void java.lang.invoke.DirectMethodHandle$Holder.invokeStatic(java.lang.Object, java.lang.Object)'> (0x000000008d666db8) 
thrown [s\src\hotspot\share\interpreter\linkResolver.cpp, line 759]
Event: 1.348 Thread 0x0000023ce8335470 Exception <a 'java/lang/NoSuchMethodError'{0x000000008d66a110}: 'void java.lang.invoke.DirectMethodHandle$Holder.invokeStaticInit(java.lang.Object, java.lang.Object)'> (0x000000008d66a110) 
thrown [s\src\hotspot\share\interpreter\linkResolver.cpp, line 759]
Event: 2.470 Thread 0x0000023ce8335470 Exception <a 'java/lang/NoSuchMethodError'{0x000000008d360850}: 'java.lang.Object java.lang.invoke.DirectMethodHandle$Holder.newInvokeSpecial(java.lang.Object, java.lang.Object, int, int)'> (0x000000008d360850) 
thrown [s\src\hotspot\share\interpreter\linkResolver.cpp, line 759]
Event: 2.923 Thread 0x0000023ce82f4380 Exception <a 'java/lang/NoSuchMethodError'{0x000000008d2cbad8}: 'java.lang.Object java.lang.invoke.DirectMethodHandle$Holder.newInvokeSpecial(java.lang.Object, java.lang.Object, java.lang.Object, int, int, int, int, int)'> (0x000000008d2cbad8) 
thrown [s\src\hotspot\share\interpreter\linkResolver.cpp, line 759]
Event: 4.457 Thread 0x0000023ce8335470 Exception <a 'java/lang/NoSuchMethodError'{0x000000008c2d32f8}: 'void java.lang.invoke.DirectMethodHandle$Holder.invokeStatic(java.lang.Object, java.lang.Object, java.lang.Object, java.lang.Object)'> (0x000000008c2d32f8) 
thrown [s\src\hotspot\share\interpreter\linkResolver.cpp, line 759]
Event: 6.476 Thread 0x0000023ce8470000 Exception <a 'java/lang/NoSuchMethodError'{0x000000008dca2478}: 'int java.lang.invoke.DirectMethodHandle$Holder.invokeStaticInit(java.lang.Object, java.lang.Object, java.lang.Object, java.lang.Object)'> (0x000000008dca2478) 
thrown [s\src\hotspot\share\interpreter\linkResolver.cpp, line 759]
Event: 6.477 Thread 0x0000023ce8470000 Exception <a 'java/lang/IncompatibleClassChangeError'{0x000000008dcab720}: Found class java.lang.Object, but interface was expected> (0x000000008dcab720) 
thrown [s\src\hotspot\share\interpreter\linkResolver.cpp, line 826]
Event: 6.477 Thread 0x0000023ce8470000 Exception <a 'java/lang/NoSuchMethodError'{0x000000008dcb1040}: 'int java.lang.invoke.DirectMethodHandle$Holder.invokeStaticInit(java.lang.Object, java.lang.Object)'> (0x000000008dcb1040) 
thrown [s\src\hotspot\share\interpreter\linkResolver.cpp, line 759]
Event: 10.561 Thread 0x0000023ce8335470 Implicit null exception at 0x0000023cd4a3d800 to 0x0000023cd4a3d918
Event: 10.561 Thread 0x0000023ce8335470 Implicit null exception at 0x0000023cd4a2d375 to 0x0000023cd4a2d41c
Event: 10.561 Thread 0x0000023ce8335470 Implicit null exception at 0x0000023cd4a2d7f3 to 0x0000023cd4a2d894
Event: 10.677 Thread 0x0000023ce8335470 Exception <a 'org/opencv/core/CvException'{0x000000008df72f48}: cv::Exception: OpenCV(4.6.0) D:\a\javacpp-presets\javacpp-presets\opencv\cppbuild\windows-x86_64\opencv-4.6.0\modules\core\src\alloc.cpp:73: error: (-4:Insufficient memory) Failed to allocate 921600 bytes in function 'cv::OutOfMemoryError'
> (0x000000008df72f48) 
thrown [s\src\hotspot\share\prims\jni.cpp, line 535]

VM Operations (20 events):
Event: 7.236 Executing VM operation: G1CollectForAllocation
Event: 7.238 Executing VM operation: G1CollectForAllocation done
Event: 7.285 Executing VM operation: HandshakeAllThreads
Event: 7.285 Executing VM operation: HandshakeAllThreads done
Event: 7.398 Executing VM operation: CollectForMetadataAllocation
Event: 7.400 Executing VM operation: CollectForMetadataAllocation done
Event: 7.405 Executing VM operation: G1PauseRemark
Event: 7.407 Executing VM operation: G1PauseRemark done
Event: 7.408 Executing VM operation: G1PauseCleanup
Event: 7.408 Executing VM operation: G1PauseCleanup done
Event: 8.424 Executing VM operation: Cleanup
Event: 8.424 Executing VM operation: Cleanup done
Event: 9.427 Executing VM operation: Cleanup
Event: 9.427 Executing VM operation: Cleanup done
Event: 10.433 Executing VM operation: Cleanup
Event: 10.433 Executing VM operation: Cleanup done
Event: 10.584 Executing VM operation: G1TryInitiateConcMark
Event: 10.587 Executing VM operation: G1TryInitiateConcMark done
Event: 10.660 Executing VM operation: G1TryInitiateConcMark
Event: 10.663 Executing VM operation: G1TryInitiateConcMark done

Events (20 events):
Event: 6.481 Thread 0x0000023ce37ad630 Thread added: 0x0000023ce37ad630
Event: 6.484 loading class sun/nio/cs/StreamDecoder
Event: 6.484 loading class sun/nio/cs/StreamDecoder done
Event: 6.496 loading class sun/nio/fs/WindowsLinkSupport
Event: 6.496 loading class sun/nio/fs/WindowsLinkSupport done
Event: 6.677 Thread 0x0000023ce846d270 Thread added: 0x0000023ce846d270
Event: 6.705 loading class java/util/regex/Pattern$BnM
Event: 6.705 loading class java/util/regex/Pattern$BnM done
Event: 6.705 loading class java/util/regex/Pattern$SliceS
Event: 6.705 loading class java/util/regex/Pattern$SliceS done
Event: 7.044 Thread 0x0000023ce37ae620 Thread added: 0x0000023ce37ae620
Event: 8.106 Thread 0x0000023ce82f4380 Thread exited: 0x0000023ce82f4380
Event: 8.250 Thread 0x0000023ce37ad630 Thread exited: 0x0000023ce37ad630
Event: 8.250 loading class java/util/concurrent/ConcurrentLinkedQueue$Itr
Event: 8.250 Thread 0x0000023ce37ae620 Thread exited: 0x0000023ce37ae620
Event: 8.250 loading class java/util/concurrent/ConcurrentLinkedQueue$Itr done
Event: 8.508 Thread 0x0000023ce8470000 Thread exited: 0x0000023ce8470000
Event: 10.555 Thread 0x0000023ce846d780 Thread added: 0x0000023ce846d780
Event: 10.556 Thread 0x0000023ce846d780 Thread exited: 0x0000023ce846d780
Event: 10.556 Thread 0x0000023ce8470000 Thread added: 0x0000023ce8470000


Dynamic libraries:
0x00007ff634730000 - 0x00007ff63473e000 	C:\Program Files\Processing\app\resources\jdk\bin\java.exe
0x00007ffd46ff0000 - 0x00007ffd471e8000 	C:\WINDOWS\SYSTEM32\ntdll.dll
0x00007ffd46b60000 - 0x00007ffd46c22000 	C:\WINDOWS\System32\KERNEL32.DLL
0x00007ffd44a40000 - 0x00007ffd44d36000 	C:\WINDOWS\System32\KERNELBASE.dll
0x00007ffd44700000 - 0x00007ffd44800000 	C:\WINDOWS\System32\ucrtbase.dll
0x00007ffd399c0000 - 0x00007ffd399d9000 	C:\Program Files\Processing\app\resources\jdk\bin\VCRUNTIME140.dll
0x00007ffd38f50000 - 0x00007ffd38f67000 	C:\Program Files\Processing\app\resources\jdk\bin\jli.dll
0x00007ffd458a0000 - 0x00007ffd45a3d000 	C:\WINDOWS\System32\USER32.dll
0x00007ffd32250000 - 0x00007ffd324ea000 	C:\WINDOWS\WinSxS\amd64_microsoft.windows.common-controls_6595b64144ccf1df_6.0.19041.5915_none_60b4b9d171f9c7c7\COMCTL32.dll
0x00007ffd446d0000 - 0x00007ffd446f2000 	C:\WINDOWS\System32\win32u.dll
0x00007ffd45b30000 - 0x00007ffd45bce000 	C:\WINDOWS\System32\msvcrt.dll
0x00007ffd46c90000 - 0x00007ffd46cbb000 	C:\WINDOWS\System32\GDI32.dll
0x00007ffd44ef0000 - 0x00007ffd45009000 	C:\WINDOWS\System32\gdi32full.dll
0x00007ffd44d40000 - 0x00007ffd44ddd000 	C:\WINDOWS\System32\msvcp_win.dll
0x00007ffd46d20000 - 0x00007ffd46d4f000 	C:\WINDOWS\System32\IMM32.DLL
0x00007ffd3a8d0000 - 0x00007ffd3a8dc000 	C:\Program Files\Processing\app\resources\jdk\bin\vcruntime140_1.dll
0x00007ffd1d0f0000 - 0x00007ffd1d181000 	C:\Program Files\Processing\app\resources\jdk\bin\msvcp140.dll
0x00007ffcfd100000 - 0x00007ffcfdd4c000 	C:\Program Files\Processing\app\resources\jdk\bin\server\jvm.dll
0x00007ffd467c0000 - 0x00007ffd46871000 	C:\WINDOWS\System32\ADVAPI32.dll
0x00007ffd45800000 - 0x00007ffd4589f000 	C:\WINDOWS\System32\sechost.dll
0x00007ffd46e80000 - 0x00007ffd46fa3000 	C:\WINDOWS\System32\RPCRT4.dll
0x00007ffd448b0000 - 0x00007ffd448d7000 	C:\WINDOWS\System32\bcrypt.dll
0x00007ffd32500000 - 0x00007ffd32527000 	C:\WINDOWS\SYSTEM32\WINMM.dll
0x00007ffd3d8c0000 - 0x00007ffd3d8ca000 	C:\WINDOWS\SYSTEM32\VERSION.dll
0x00007ffd444e0000 - 0x00007ffd4452b000 	C:\WINDOWS\SYSTEM32\POWRPROF.dll
0x00007ffd3fb40000 - 0x00007ffd3fb49000 	C:\WINDOWS\SYSTEM32\WSOCK32.dll
0x00007ffd463c0000 - 0x00007ffd4642b000 	C:\WINDOWS\System32\WS2_32.dll
0x00007ffd444c0000 - 0x00007ffd444d2000 	C:\WINDOWS\SYSTEM32\UMPDC.dll
0x00007ffd424e0000 - 0x00007ffd424f2000 	C:\WINDOWS\SYSTEM32\kernel.appcore.dll
0x00007ffd3a4c0000 - 0x00007ffd3a4ca000 	C:\Program Files\Processing\app\resources\jdk\bin\jimage.dll
0x00007ffd39cb0000 - 0x00007ffd39eb1000 	C:\WINDOWS\SYSTEM32\DBGHELP.DLL
0x00007ffd281b0000 - 0x00007ffd281e4000 	C:\WINDOWS\SYSTEM32\dbgcore.DLL
0x00007ffd44de0000 - 0x00007ffd44e62000 	C:\WINDOWS\System32\bcryptPrimitives.dll
0x00007ffd2db70000 - 0x00007ffd2dbab000 	C:\Program Files\Processing\app\resources\jdk\bin\jdwp.dll
0x00007ffd2f8c0000 - 0x00007ffd2f8e5000 	C:\Program Files\Processing\app\resources\jdk\bin\java.dll
0x00007ffd0fee0000 - 0x00007ffd0ffb6000 	C:\Program Files\Processing\app\resources\jdk\bin\jsvml.dll
0x00007ffd45090000 - 0x00007ffd457fe000 	C:\WINDOWS\System32\SHELL32.dll
0x00007ffd42700000 - 0x00007ffd42ea4000 	C:\WINDOWS\SYSTEM32\windows.storage.dll
0x00007ffd46460000 - 0x00007ffd467b3000 	C:\WINDOWS\System32\combase.dll
0x00007ffd43fe0000 - 0x00007ffd4400b000 	C:\WINDOWS\SYSTEM32\Wldp.dll
0x00007ffd469b0000 - 0x00007ffd46a7d000 	C:\WINDOWS\System32\OLEAUT32.dll
0x00007ffd45bd0000 - 0x00007ffd45c7d000 	C:\WINDOWS\System32\SHCORE.dll
0x00007ffd45ad0000 - 0x00007ffd45b2b000 	C:\WINDOWS\System32\shlwapi.dll
0x00007ffd445b0000 - 0x00007ffd445d5000 	C:\WINDOWS\SYSTEM32\profapi.dll
0x00007ffd3a4a0000 - 0x00007ffd3a4ac000 	C:\Program Files\Processing\app\resources\jdk\bin\dt_socket.dll
0x00007ffd43a20000 - 0x00007ffd43a5b000 	C:\WINDOWS\SYSTEM32\IPHLPAPI.DLL
0x00007ffd43d40000 - 0x00007ffd43daa000 	C:\WINDOWS\system32\mswsock.dll
0x00007ffd317d0000 - 0x00007ffd317e9000 	C:\Program Files\Processing\app\resources\jdk\bin\net.dll
0x00007ffd40b80000 - 0x00007ffd40c8a000 	C:\WINDOWS\SYSTEM32\WINHTTP.dll
0x00007ffd2ab00000 - 0x00007ffd2ab15000 	C:\Program Files\Processing\app\resources\jdk\bin\nio.dll
0x00007ffd2aae0000 - 0x00007ffd2aaf8000 	C:\Program Files\Processing\app\resources\jdk\bin\zip.dll
0x00007ffd0eac0000 - 0x00007ffd0ec4e000 	C:\Program Files\Processing\app\resources\jdk\bin\awt.dll
0x00007ffd40ab0000 - 0x00007ffd40b44000 	C:\WINDOWS\SYSTEM32\apphelp.dll
0x00007ffd41fa0000 - 0x00007ffd4203e000 	C:\WINDOWS\system32\uxtheme.dll
0x00007ffd46d60000 - 0x00007ffd46e75000 	C:\WINDOWS\System32\MSCTF.dll
0x00007ffd46880000 - 0x00007ffd469ab000 	C:\WINDOWS\System32\ole32.dll
0x00007ffd421e0000 - 0x00007ffd4220f000 	C:\WINDOWS\system32\DWMAPI.DLL
0x00007ffd39130000 - 0x00007ffd39258000 	C:\WINDOWS\system32\opengl32.dll
0x00007ffd3aa50000 - 0x00007ffd3aa7c000 	C:\WINDOWS\SYSTEM32\GLU32.dll
0x00007ffd13140000 - 0x00007ffd131c6000 	C:\Program Files\Processing\app\resources\jdk\bin\freetype.dll
0x00007ffd0f750000 - 0x00007ffd0f823000 	C:\Program Files\Processing\app\resources\jdk\bin\fontmanager.dll
0x00007ffd24e40000 - 0x00007ffd24f39000 	C:\WINDOWS\SYSTEM32\textinputframework.dll
0x00007ffd400e0000 - 0x00007ffd4043b000 	C:\WINDOWS\System32\CoreUIComponents.dll
0x00007ffd40590000 - 0x00007ffd40682000 	C:\WINDOWS\System32\CoreMessaging.dll
0x00007ffd438b0000 - 0x00007ffd438e3000 	C:\WINDOWS\SYSTEM32\ntmarta.dll
0x00007ffd40e90000 - 0x00007ffd40fe7000 	C:\WINDOWS\SYSTEM32\wintypes.dll
0x00007ffd25ac0000 - 0x00007ffd25b26000 	C:\WINDOWS\system32\Oleacc.dll
0x00007ffd43f30000 - 0x00007ffd43f48000 	C:\WINDOWS\SYSTEM32\CRYPTSP.dll
0x00007ffd43660000 - 0x00007ffd43698000 	C:\WINDOWS\system32\rsaenh.dll
0x00007ffd44570000 - 0x00007ffd4459e000 	C:\WINDOWS\SYSTEM32\USERENV.dll
0x00007ffd43f50000 - 0x00007ffd43f5c000 	C:\WINDOWS\SYSTEM32\CRYPTBASE.dll
0x00007ffd46d50000 - 0x00007ffd46d58000 	C:\WINDOWS\System32\NSI.dll
0x00007ffd3c640000 - 0x00007ffd3c657000 	C:\WINDOWS\SYSTEM32\dhcpcsvc6.DLL
0x00007ffd3ce20000 - 0x00007ffd3ce3d000 	C:\WINDOWS\SYSTEM32\dhcpcsvc.DLL
0x00007ffd43a60000 - 0x00007ffd43b2a000 	C:\WINDOWS\SYSTEM32\DNSAPI.dll
0x00007ffd2aa40000 - 0x00007ffd2aa80000 	C:\Users\Ben\AppData\Local\Temp\jna-66667\jna15995724946045986109.dll
0x00007ffd46450000 - 0x00007ffd46458000 	C:\WINDOWS\System32\PSAPI.DLL
0x00007ffca4420000 - 0x00007ffcaa4a5000 	C:\Users\Ben\Documents\Processing\libraries\video\library\windows-amd64\avcodec-58.dll
0x00007ffd00bc0000 - 0x00007ffd011ca000 	C:\Users\Ben\Documents\Processing\libraries\video\library\windows-amd64\avutil-56.dll
0x00007ffd0ab10000 - 0x00007ffd0abd6000 	C:\Users\Ben\Documents\Processing\libraries\video\library\windows-amd64\swresample-3.dll
0x00007ffd2a600000 - 0x00007ffd2a61b000 	C:\Users\Ben\Documents\Processing\libraries\video\library\windows-amd64\z-1.dll
0x0000000064940000 - 0x00000000649c4000 	C:\Users\Ben\Documents\Processing\libraries\video\library\windows-amd64\libwinpthread-1.dll
0x00007ffd08e00000 - 0x00007ffd08f55000 	C:\Users\Ben\Documents\Processing\libraries\video\library\windows-amd64\avfilter-7.dll
0x00007ffcddb30000 - 0x00007ffcdfc85000 	C:\Users\Ben\Documents\Processing\libraries\video\library\windows-amd64\avformat-58.dll
0x00007ffd2a5e0000 - 0x00007ffd2a5f7000 	C:\Users\Ben\Documents\Processing\libraries\video\library\windows-amd64\bz2.dll
0x00007ffd08ac0000 - 0x00007ffd08be7000 	C:\Users\Ben\Documents\Processing\libraries\video\library\windows-amd64\cairo-2.dll
0x00007ffd3a350000 - 0x00007ffd3a357000 	C:\WINDOWS\SYSTEM32\MSIMG32.dll
0x0000000061b80000 - 0x0000000062004000 	C:\Users\Ben\Documents\Processing\libraries\video\library\windows-amd64\libfreetype-6.dll
0x00007ffd2a240000 - 0x00007ffd2a294000 	C:\Users\Ben\Documents\Processing\libraries\video\library\windows-amd64\fontconfig-1.dll
0x0000000068b40000 - 0x0000000068d42000 	C:\Users\Ben\Documents\Processing\libraries\video\library\windows-amd64\libpng16-16.dll
0x00007ffd0aa50000 - 0x00007ffd0ab01000 	C:\Users\Ben\Documents\Processing\libraries\video\library\windows-amd64\pixman-1-0.dll
0x0000000068f40000 - 0x000000006905a000 	C:\Users\Ben\Documents\Processing\libraries\video\library\windows-amd64\libexpat-1.dll
0x00007ffd39aa0000 - 0x00007ffd39aab000 	C:\Users\Ben\Documents\Processing\libraries\video\library\windows-amd64\cairo-gobject-2.dll
0x00007ffd1f6b0000 - 0x00007ffd1f702000 	C:\Users\Ben\Documents\Processing\libraries\video\library\windows-amd64\gobject-2.0-0.dll
0x00007ffd07f70000 - 0x00007ffd080d6000 	C:\Users\Ben\Documents\Processing\libraries\video\library\windows-amd64\glib-2.0-0.dll
0x00007ffd397d0000 - 0x00007ffd397dc000 	C:\Users\Ben\Documents\Processing\libraries\video\library\windows-amd64\ffi-7.dll
0x00007ffd39550000 - 0x00007ffd39557000 	C:\Users\Ben\Documents\Processing\libraries\video\library\windows-amd64\intl-8.dll
0x00007ffd2a3c0000 - 0x00007ffd2a3e9000 	C:\Users\Ben\Documents\Processing\libraries\video\library\windows-amd64\cairo-script-interpreter-2.dll
0x00007ffd2a080000 - 0x00007ffd2a0b8000 	C:\Users\Ben\Documents\Processing\libraries\video\library\windows-amd64\dv-4.dll
0x00007ffd2a010000 - 0x00007ffd2a032000 	C:\Users\Ben\Documents\Processing\libraries\video\library\windows-amd64\fribidi-0.dll
0x00007ffd25a70000 - 0x00007ffd25aba000 	C:\Users\Ben\Documents\Processing\libraries\video\library\windows-amd64\gdk_pixbuf-2.0-0.dll
0x00007ffd39320000 - 0x00007ffd3932a000 	C:\Users\Ben\Documents\Processing\libraries\video\library\windows-amd64\gmodule-2.0-0.dll
0x00007ffd069d0000 - 0x00007ffd06b85000 	C:\Users\Ben\Documents\Processing\libraries\video\library\windows-amd64\gio-2.0-0.dll
0x000000006b800000 - 0x000000006ba36000 	C:\Users\Ben\Documents\Processing\libraries\video\library\windows-amd64\libjpeg-8.dll
0x0000000000fe0000 - 0x00000000012dc000 	C:\Users\Ben\Documents\Processing\libraries\video\library\windows-amd64\libtiff-5.dll
0x00007ffd09440000 - 0x00007ffd09530000 	C:\Users\Ben\Documents\Processing\libraries\video\library\windows-amd64\ges-1.0-0.dll
0x00007ffd23cb0000 - 0x00007ffd23cf3000 	C:\Users\Ben\Documents\Processing\libraries\video\library\windows-amd64\gstpbutils-1.0-0.dll
0x00007ffd089f0000 - 0x00007ffd08ab2000 	C:\Users\Ben\Documents\Processing\libraries\video\library\windows-amd64\gstvideo-1.0-0.dll
0x00007ffd066a0000 - 0x00007ffd067e3000 	C:\Users\Ben\Documents\Processing\libraries\video\library\windows-amd64\gstreamer-1.0-0.dll
0x00007ffd0e420000 - 0x00007ffd0e4a0000 	C:\Users\Ben\Documents\Processing\libraries\video\library\windows-amd64\gstbase-1.0-0.dll
0x00007ffd07ee0000 - 0x00007ffd07f65000 	C:\Users\Ben\Documents\Processing\libraries\video\library\windows-amd64\gstaudio-1.0-0.dll
0x00007ffd08fa0000 - 0x00007ffd0900d000 	C:\Users\Ben\Documents\Processing\libraries\video\library\windows-amd64\gstvalidate-1.0-0.dll
0x0000000070f40000 - 0x000000007161e000 	C:\Users\Ben\Documents\Processing\libraries\video\library\windows-amd64\libxml2-2.dll
0x00007ffd2a1f0000 - 0x00007ffd2a204000 	C:\Users\Ben\Documents\Processing\libraries\video\library\windows-amd64\gstcontroller-1.0-0.dll
0x00007ffd1f850000 - 0x00007ffd1f890000 	C:\Users\Ben\Documents\Processing\libraries\video\library\windows-amd64\gsttag-1.0-0.dll
0x00007ffd07b70000 - 0x00007ffd07bfe000 	C:\Users\Ben\Documents\Processing\libraries\video\library\windows-amd64\orc-0.4-0.dll
0x0000000066000000 - 0x00000000661d5000 	C:\Users\Ben\Documents\Processing\libraries\video\library\windows-amd64\libiconv-2.dll
0x00007ffd29ab0000 - 0x00007ffd29ad3000 	C:\Users\Ben\Documents\Processing\libraries\video\library\windows-amd64\gstcheck-1.0-0.dll
0x00007ffd28e30000 - 0x00007ffd28e5b000 	C:\Users\Ben\Documents\Processing\libraries\video\library\windows-amd64\json-glib-1.0-0.dll
0x00007ffd29cb0000 - 0x00007ffd29ccf000 	C:\Users\Ben\Documents\Processing\libraries\video\library\windows-amd64\graphene-1.0-0.dll
0x00007ffd27120000 - 0x00007ffd2713c000 	C:\Users\Ben\Documents\Processing\libraries\video\library\windows-amd64\gstadaptivedemux-1.0-0.dll
0x00007ffd38ea0000 - 0x00007ffd38eab000 	C:\Users\Ben\Documents\Processing\libraries\video\library\windows-amd64\gsturidownloader-1.0-0.dll
0x00007ffd33be0000 - 0x00007ffd33be8000 	C:\Users\Ben\Documents\Processing\libraries\video\library\windows-amd64\gstallocators-1.0-0.dll
0x00007ffd27010000 - 0x00007ffd27025000 	C:\Users\Ben\Documents\Processing\libraries\video\library\windows-amd64\gstapp-1.0-0.dll
0x00007ffd25380000 - 0x00007ffd25393000 	C:\Users\Ben\Documents\Processing\libraries\video\library\windows-amd64\gstbadaudio-1.0-0.dll
0x00007ffd32530000 - 0x00007ffd3253b000 	C:\Users\Ben\Documents\Processing\libraries\video\library\windows-amd64\gstbasecamerabinsrc-1.0-0.dll
0x00007ffd07940000 - 0x00007ffd079c9000 	C:\Users\Ben\Documents\Processing\libraries\video\library\windows-amd64\gstcodecparsers-1.0-0.dll
0x00007ffd1f610000 - 0x00007ffd1f647000 	C:\Users\Ben\Documents\Processing\libraries\video\library\windows-amd64\gstcodecs-1.0-0.dll

dbghelp: loaded successfully - version: 4.0.5 - missing functions: none
symbol engine: initialized successfully - sym options: 0x614 - pdb path: .;C:\Program Files\Processing\app\resources\jdk\bin;C:\WINDOWS\SYSTEM32;C:\WINDOWS\WinSxS\amd64_microsoft.windows.common-controls_6595b64144ccf1df_6.0.19041.5915_none_60b4b9d171f9c7c7;C:\Program Files\Processing\app\resources\jdk\bin\server;C:\Users\Ben\AppData\Local\Temp\jna-66667;C:\Users\Ben\Documents\Processing\libraries\video\library\windows-amd64;C:\Users\Ben\Documents\Processing\libraries\video\library\windows-amd64\gstreamer-1.0;C:\WINDOWS\System32\DriverStore\FileRepository\iigd_dch.inf_amd64_53e160ba8d72b1f3;C:\Program Files\WindowsApps\Microsoft.HEVCVideoExtension_2.4.13.0_x64__8wekyb3d8bbwe\x64;C:\Program Files\WindowsApps\Microsoft.VP9VideoExtensions_1.2.6.0_x64__8wekyb3d8bbwe\x64;C:\Users\Ben\AppData\Local\Temp\nativelib-loader_1138794728174390128;C:\Users\Ben\.javacpp\cache\javacpp-1.5.8-windows-x86_64.jar\org\bytedeco\javacpp\windows-x86_64;C:\Users\Ben\.javacpp\cache\openblas-0.3.21-1.5.8-windows-x86_64.jar\org\bytedeco\openblas\windows-x86_64;C:\Users\Ben\.javacpp\cache\opencv-4.6.0-1.5.8-windows-x86_64.jar\org\bytedeco\opencv\windows-x86_64

VM Arguments:
jvm_args: -agentlib:jdwp=transport=dt_socket,address=8989,server=y,suspend=y,quiet=y -Djna.nosys=true -Djava.library.path=;C:\Program Files\Processing\app\resources\core\library;C:\Users\Ben\Documents\Processing\libraries\video\library\windows-amd64;C:\Program Files\Processing\app\resources\modes\java\libraries\serial\library;C:\Users\Ben\Documents\Processing\libraries\opencv_processing\library;C:\Users\Ben\Documents\Processing\libraries\VideoExport\library;C:\Program Files\Processing;C:\WINDOWS\system32;C:\WINDOWS;C:\WINDOWS\system32;C:\WINDOWS;C:\WINDOWS\System32\Wbem;C:\WINDOWS\System32\WindowsPowerShell\v1.0;C:\WINDOWS\System32\OpenSSH;C:\Program Files\Git\cmd;C:\Users\Ben\AppData\Local\Microsoft\WindowsApps;C:\Users\Ben\AppData\Local\Programs\Microsoft VS Code\bin;C:\Users\Ben\AppData\Local\GitHubDesktop\bin;C:\Program Files\Processing;C:\Program Files\Processing\app;. -ea 
java_command: processing.core.PApplet --location=232,60 --external --display=1 --sketch-path=C:\Users\Ben\Documents\GitHub\MOARkNOBS-42\faceTimes\processing FaceSlugPrivacyTeaching
java_class_path (initial): C:\Users\Ben\AppData\Local\Temp\processing\processing5683279433230891887temp;C:\Program Files\Processing\app\resources\core\library\annotations-13.0.jar;C:\Program Files\Processing\app\resources\core\library\antlr-2.7.7.jar;C:\Program Files\Processing\app\resources\core\library\core-4.4.7.jar;C:\Program Files\Processing\app\resources\core\library\gluegen-rt-2.5.0-natives-android-aarch64.jar;C:\Program Files\Processing\app\resources\core\library\gluegen-rt-2.5.0-natives-linux-aarch64.jar;C:\Program Files\Processing\app\resources\core\library\gluegen-rt-2.5.0-natives-linux-amd64.jar;C:\Program Files\Processing\app\resources\core\library\gluegen-rt-2.5.0-natives-linux-armv6hf.jar;C:\Program Files\Processing\app\resources\core\library\gluegen-rt-2.5.0-natives-macosx-universal.jar;C:\Program Files\Processing\app\resources\core\library\gluegen-rt-2.5.0-natives-windows-amd64.jar;C:\Program Files\Processing\app\resources\core\library\gluegen-rt-2.5.0.jar;C:\Program Files\Processing\app\resources\core\library\gluegen-rt-main-2.5.0.jar;C:\Program Files\Processing\app\resources\core\library\jogl-all-2.5.0-natives-android-aarch64.jar;C:\Program Files\Processing\app\resources\core\library\jogl-all-2.5.0-natives-linux-aarch64.jar;C:\Program Files\Processing\app\resources\core\library\jogl-all-2.5.0-natives-linux-amd64.jar;C:\Program Files\Processing\app\resources\core\library\jogl-all-2.5.0-natives-linux-armv6hf.jar;C:\Program Files\Processing\app\resources\core\library\jogl-all-2.5.0-natives-macosx-universal.jar;C:\Program Files\Processing\app\resources\core\library\jogl-all-2.5.0-natives-windows-amd64.jar;C:\Program Files\Processing\app\resources\core\library\jogl-all-2.5.0.jar;C:\Program Files\Processing\app\resources\core\library\jogl-all-main-2.5.0.jar;C:\Program Files\Processing\app\resources\core\library\kotlin-stdlib-2.0.20.jar;C:\Users\Ben\Documents\Processing\libraries\video\library\gst1-java-core-1.4.0.jar;C:\Users\Ben\Documents\Processing\
Launcher Type: SUN_STANDARD

[Global flags]
     intx CICompilerCount                          = 4                                         {product} {ergonomic}
     uint ConcGCThreads                            = 2                                         {product} {ergonomic}
     uint G1ConcRefinementThreads                  = 8                                         {product} {ergonomic}
   size_t G1HeapRegionSize                         = 1048576                                   {product} {ergonomic}
    uintx GCDrainStackTargetSize                   = 64                                        {product} {ergonomic}
   size_t InitialHeapSize                          = 127926272                                 {product} {ergonomic}
   size_t MarkStackSize                            = 4194304                                   {product} {ergonomic}
   size_t MaxHeapSize                              = 2040528896                                {product} {ergonomic}
   size_t MaxNewSize                               = 1223688192                                {product} {ergonomic}
   size_t MinHeapDeltaBytes                        = 1048576                                   {product} {ergonomic}
   size_t MinHeapSize                              = 8388608                                   {product} {ergonomic}
    uintx NonNMethodCodeHeapSize                   = 5839372                                {pd product} {ergonomic}
    uintx NonProfiledCodeHeapSize                  = 122909434                              {pd product} {ergonomic}
    uintx ProfiledCodeHeapSize                     = 122909434                              {pd product} {ergonomic}
    uintx ReservedCodeCacheSize                    = 251658240                              {pd product} {ergonomic}
     bool SegmentedCodeCache                       = true                                      {product} {ergonomic}
   size_t SoftMaxHeapSize                          = 2040528896                             {manageable} {ergonomic}
     bool UseCompressedClassPointers               = true                           {product lp64_product} {ergonomic}
     bool UseCompressedOops                        = true                           {product lp64_product} {ergonomic}
     bool UseG1GC                                  = true                                      {product} {ergonomic}
     bool UseLargePagesIndividualAllocation        = false                                  {pd product} {ergonomic}

Logging:
Log output configuration:
 #0: stdout all=warning uptime,level,tags
 #1: stderr all=off uptime,level,tags

Environment Variables:
PATH=C:\WINDOWS\system32;C:\WINDOWS;C:\WINDOWS\System32\Wbem;C:\WINDOWS\System32\WindowsPowerShell\v1.0\;C:\WINDOWS\System32\OpenSSH\;C:\Program Files\Git\cmd;C:\Users\Ben\AppData\Local\Microsoft\WindowsApps;C:\Users\Ben\AppData\Local\Programs\Microsoft VS Code\bin;C:\Users\Ben\AppData\Local\GitHubDesktop\bin;C:\Program Files\Processing\;C:\Program Files\Processing\app
USERNAME=Ben
OS=Windows_NT
PROCESSOR_IDENTIFIER=Intel64 Family 6 Model 126 Stepping 5, GenuineIntel
TMP=C:\Users\Ben\AppData\Local\Temp
TEMP=C:\Users\Ben\AppData\Local\Temp



---------------  S Y S T E M  ---------------

OS:
 Windows 10 , 64 bit Build 19041 (10.0.19041.5915)
OS uptime: 79 days 4:23 hours

CPU: total 8 (initial active 8) (4 cores per cpu, 2 threads per core) family 6 model 126 stepping 5 microcode 0xc6, cx8, cmov, fxsr, ht, mmx, 3dnowpref, sse, sse2, sse3, ssse3, sse4.1, sse4.2, popcnt, lzcnt, tsc, tscinvbit, avx, avx2, aes, erms, clmul, bmi1, bmi2, adx, avx512f, avx512dq, avx512cd, avx512bw, avx512vl, sha, fma, vzeroupper, avx512_vpopcntdq, avx512_vpclmulqdq, avx512_vaes, avx512_vnni, clflush, clflushopt, avx512_vbmi2, avx512_vbmi
Processor Information for all 8 processors :
  Max Mhz: 1498, Current Mhz: 1098, Mhz Limit: 1093

Memory: 4k page, system-wide physical 7778M (1335M free)
TotalPageFile size 22893M (AvailPageFile size 2M)
current process WorkingSet (physical memory assigned to process): 358M, peak: 378M
current process commit charge ("private bytes"): 2172M, peak: 2194M

vm_info: OpenJDK 64-Bit Server VM (17.0.8.1+1) for windows-amd64 JRE (17.0.8.1+1), built on Aug 23 2023 15:29:17 by "admin" with MS VC++ 16.7 (VS2019)

END.
